* Frequency[Hz]	Magnitude[dB]	Phase[deg]
5.000000	80.000000	0.000000
5.072730	80.000000	0.000000
5.146510	80.000000	0.000000
5.221370	80.000000	0.000000
5.297320	80.000000	0.000000
5.374370	80.000000	0.000000
5.452540	80.000000	0.000000
5.531850	80.000000	0.000000
5.612310	80.000000	0.000000
5.693940	80.000000	0.000000
5.776760	80.000000	0.000000
5.860790	80.000000	0.000000
5.946040	80.000000	0.000000
6.032520	80.000000	0.000000
6.120270	80.000000	0.000000
6.209290	80.000000	0.000000
6.299610	80.000000	0.000000
6.391240	80.000000	0.000000
6.484200	80.000000	0.000000
6.578510	80.000000	0.000000
6.674200	80.000000	0.000000
6.771280	80.000000	0.000000
6.869770	80.000000	0.000000
6.969690	80.000000	0.000000
7.071070	80.000000	0.000000
7.173920	80.000000	0.000000
7.278270	80.000000	0.000000
7.384130	80.000000	0.000000
7.491540	80.000000	0.000000
7.600500	80.000000	0.000000
7.711050	80.000000	0.000000
7.823210	80.000000	0.000000
7.937010	80.000000	0.000000
8.052450	80.000000	0.000000
8.169580	80.000000	0.000000
8.288410	80.000000	0.000000
8.408960	80.000000	0.000000
8.531280	80.000000	0.000000
8.655370	80.000000	0.000000
8.781260	80.000000	0.000000
8.908990	80.000000	0.000000
9.038570	80.000000	0.000000
9.170040	80.000000	0.000000
9.303420	80.000000	0.000000
9.438740	80.000000	0.000000
9.576030	80.000000	0.000000
9.715320	80.000000	0.000000
9.856630	80.000000	0.000000
10.000000	80.000000	0.000000
10.145500	80.000000	0.000000
10.293000	80.000000	0.000000
10.442700	80.000000	0.000000
10.594600	80.000000	0.000000
10.748700	80.000000	0.000000
10.905100	80.000000	0.000000
11.063700	80.000000	0.000000
11.224600	80.000000	0.000000
11.387900	80.000000	0.000000
11.553500	80.000000	0.000000
11.721600	80.000000	0.000000
11.892100	80.000000	0.000000
12.065000	80.000000	0.000000
12.240500	80.000000	0.000000
12.418600	80.000000	0.000000
12.599200	80.000000	0.000000
12.782500	80.000000	0.000000
12.968400	80.000000	0.000000
13.157000	80.000000	0.000000
13.348400	80.000000	0.000000
13.542600	80.000000	0.000000
13.739500	80.000000	0.000000
13.939400	80.000000	0.000000
14.142100	80.000000	0.000000
14.347800	80.000000	0.000000
14.556500	80.000000	0.000000
14.768300	80.000000	0.000000
14.983100	80.000000	0.000000
15.201000	80.000000	0.000000
15.422100	80.000000	0.000000
15.646400	80.000000	0.000000
15.874000	80.000000	0.000000
16.104900	80.000000	0.000000
16.339200	80.000000	0.000000
16.576800	80.000000	0.000000
16.817900	80.000000	0.000000
17.062600	80.000000	0.000000
17.310700	80.000000	0.000000
17.562500	80.000000	0.000000
17.818000	80.000000	0.000000
18.077100	80.000000	0.000000
18.340100	80.000000	0.000000
18.606800	80.000000	0.000000
18.877500	80.000000	0.000000
19.152100	80.000000	0.000000
19.430600	80.000000	0.000000
19.713300	80.000000	0.000000
20.000000	80.000000	0.000000
20.290900	80.000000	0.000000
20.586000	80.000000	0.000000
20.885500	80.000000	0.000000
21.189300	80.000000	0.000000
21.497500	80.000000	0.000000
21.810200	80.000000	0.000000
22.127400	80.000000	0.000000
22.449200	80.000000	0.000000
22.775800	80.000000	0.000000
23.107100	80.000000	0.000000
23.443200	80.000000	0.000000
23.784100	80.000000	0.000000
24.130100	80.000000	0.000000
24.481100	80.000000	0.000000
24.837200	80.000000	0.000000
25.198400	80.000000	0.000000
25.564900	80.000000	0.000000
25.936800	80.000000	0.000000
26.314100	80.000000	0.000000
26.696800	80.000000	0.000000
27.085100	80.000000	0.000000
27.479100	80.000000	0.000000
27.878800	80.000000	0.000000
28.284300	80.000000	0.000000
28.695700	80.000000	0.000000
29.113100	80.000000	0.000000
29.536500	80.000000	0.000000
29.966100	80.000000	0.000000
30.402000	80.000000	0.000000
30.844200	80.000000	0.000000
31.292900	80.000000	0.000000
31.748000	80.000000	0.000000
32.209800	80.000000	0.000000
32.678300	80.000000	0.000000
33.153600	80.000000	0.000000
33.635900	80.000000	0.000000
34.125100	80.000000	0.000000
34.621500	80.000000	0.000000
35.125000	80.000000	0.000000
35.635900	80.000000	0.000000
36.154300	80.000000	0.000000
36.680200	80.000000	0.000000
37.213700	80.000000	0.000000
37.755000	80.000000	0.000000
38.304100	80.000000	0.000000
38.861300	80.000000	0.000000
39.426500	80.000000	0.000000
40.000000	80.000000	0.000000
40.581800	80.000000	0.000000
41.172100	80.000000	0.000000
41.771000	80.000000	0.000000
42.378500	80.000000	0.000000
42.994900	80.000000	0.000000
43.620300	80.000000	0.000000
44.254800	80.000000	0.000000
44.898500	80.000000	0.000000
45.551500	80.000000	0.000000
46.214100	80.000000	0.000000
46.886300	80.000000	0.000000
47.568300	80.000000	0.000000
48.260200	80.000000	0.000000
48.962100	80.000000	0.000000
49.674300	80.000000	0.000000
50.396800	80.000000	0.000000
51.129900	80.000000	0.000000
51.873600	80.000000	0.000000
52.628100	80.000000	0.000000
53.393600	80.000000	0.000000
54.170200	80.000000	0.000000
54.958100	80.000000	0.000000
55.757500	80.000000	0.000000
56.568500	80.000000	0.000000
57.391400	80.000000	0.000000
58.226100	80.000000	0.000000
59.073000	80.000000	0.000000
59.932300	80.000000	0.000000
60.804000	80.000000	0.000000
61.688400	80.000000	0.000000
62.585700	80.000000	0.000000
63.496000	80.000000	0.000000
64.419600	80.000000	0.000000
65.356600	80.000000	0.000000
66.307300	80.000000	0.000000
67.271700	80.000000	0.000000
68.250200	80.000000	0.000000
69.242900	80.000000	0.000000
70.250100	80.000000	0.000000
71.271900	80.000000	0.000000
72.308600	80.000000	0.000000
73.360300	80.000000	0.000000
74.427400	80.000000	0.000000
75.509900	80.000000	0.000000
76.608300	80.000000	0.000000
77.722600	80.000000	0.000000
78.853100	80.000000	0.000000
80.000000	80.000000	0.000000
81.163600	80.000000	0.000000
82.344200	80.000000	0.000000
83.541900	80.000000	0.000000
84.757000	80.000000	0.000000
85.989900	80.000000	0.000000
87.240600	80.000000	0.000000
88.509600	80.000000	0.000000
89.797000	80.000000	0.000000
91.103100	80.000000	0.000000
92.428200	80.000000	0.000000
93.772600	80.000000	0.000000
95.136600	80.000000	0.000000
96.520400	80.000000	0.000000
97.924300	80.000000	0.000000
99.348600	80.000000	0.000000
100.794000	80.000000	0.000000
102.260000	80.000000	0.000000
103.747000	80.000000	0.000000
105.256000	80.000000	0.000000
106.787000	80.000000	0.000000
108.340000	80.000000	0.000000
109.916000	80.000000	0.000000
111.515000	80.000000	0.000000
113.137000	80.000000	0.000000
114.783000	80.000000	0.000000
116.452000	80.000000	0.000000
118.146000	80.000000	0.000000
119.865000	80.000000	0.000000
121.608000	80.000000	0.000000
123.377000	80.000000	0.000000
125.171000	80.000000	0.000000
126.992000	80.000000	0.000000
128.839000	80.000000	0.000000
130.713000	80.000000	0.000000
132.615000	80.000000	0.000000
134.543000	80.000000	0.000000
136.500000	80.000000	0.000000
138.486000	80.000000	0.000000
140.500000	80.000000	0.000000
142.544000	80.000000	0.000000
144.617000	80.000000	0.000000
146.721000	80.000000	0.000000
148.855000	80.000000	0.000000
151.020000	80.000000	0.000000
153.217000	80.000000	0.000000
155.445000	80.000000	0.000000
157.706000	80.000000	0.000000
160.000000	80.000000	0.000000
162.327000	80.000000	0.000000
164.688000	80.000000	0.000000
167.084000	80.000000	0.000000
169.514000	80.000000	0.000000
171.980000	80.000000	0.000000
174.481000	80.000000	0.000000
177.019000	80.000000	0.000000
179.594000	80.000000	0.000000
182.206000	80.000000	0.000000
184.856000	80.000000	0.000000
187.545000	80.000000	0.000000
190.273000	80.000000	0.000000
193.041000	80.000000	0.000000
195.849000	80.000000	0.000000
198.697000	80.000000	0.000000
201.587000	80.000000	0.000000
204.520000	80.000000	0.000000
207.494000	80.000000	0.000000
210.512000	80.000000	0.000000
213.574000	80.000000	0.000000
216.681000	80.000000	0.000000
219.833000	80.000000	0.000000
223.030000	80.000000	0.000000
226.274000	80.000000	0.000000
229.565000	80.000000	0.000000
232.905000	80.000000	0.000000
236.292000	80.000000	0.000000
239.729000	80.000000	0.000000
243.216000	80.000000	0.000000
246.754000	80.000000	0.000000
250.343000	80.000000	0.000000
253.984000	80.000000	0.000000
257.678000	80.000000	0.000000
261.426000	80.000000	0.000000
265.229000	80.000000	0.000000
269.087000	80.000000	0.000000
273.001000	80.000000	0.000000
276.972000	80.000000	0.000000
281.000000	80.000000	0.000000
285.088000	80.000000	0.000000
289.234000	80.000000	0.000000
293.441000	80.000000	0.000000
297.709000	80.000000	0.000000
302.040000	80.000000	0.000000
306.433000	80.000000	0.000000
310.890000	80.000000	0.000000
315.412000	80.000000	0.000000
320.000000	80.000000	0.000000
324.655000	80.000000	0.000000
329.377000	80.000000	0.000000
334.168000	80.000000	0.000000
339.028000	80.000000	0.000000
343.959000	80.000000	0.000000
348.962000	80.000000	0.000000
354.038000	80.000000	0.000000
359.188000	80.000000	0.000000
364.412000	80.000000	0.000000
369.713000	80.000000	0.000000
375.090000	80.000000	0.000000
380.546000	80.000000	0.000000
386.081000	80.000000	0.000000
391.697000	80.000000	0.000000
397.394000	80.000000	0.000000
403.175000	80.000000	0.000000
409.039000	80.000000	0.000000
414.989000	80.000000	0.000000
421.025000	80.000000	0.000000
427.149000	80.000000	0.000000
433.362000	80.000000	0.000000
439.665000	80.000000	0.000000
446.060000	80.000000	0.000000
452.548000	80.000000	0.000000
459.131000	80.000000	0.000000
465.809000	80.000000	0.000000
472.584000	80.000000	0.000000
479.458000	80.000000	0.000000
486.432000	80.000000	0.000000
493.507000	80.000000	0.000000
500.686000	80.000000	0.000000
507.968000	80.000000	0.000000
515.357000	80.000000	0.000000
522.853000	80.000000	0.000000
530.458000	80.000000	0.000000
538.174000	80.000000	0.000000
546.002000	80.000000	0.000000
553.943000	80.000000	0.000000
562.001000	80.000000	0.000000
570.175000	80.000000	0.000000
578.469000	80.000000	0.000000
586.883000	80.000000	0.000000
595.419000	80.000000	0.000000
604.080000	80.000000	0.000000
612.866000	80.000000	0.000000
621.780000	80.000000	0.000000
630.824000	80.000000	0.000000
640.000000	80.000000	0.000000
649.309000	80.000000	0.000000
658.753000	80.000000	0.000000
668.335000	80.000000	0.000000
678.056000	80.000000	0.000000
687.919000	80.000000	0.000000
697.925000	80.000000	0.000000
708.077000	80.000000	0.000000
718.376000	80.000000	0.000000
728.825000	80.000000	0.000000
739.426000	80.000000	0.000000
750.181000	80.000000	0.000000
761.093000	80.000000	0.000000
772.163000	80.000000	0.000000
783.394000	80.000000	0.000000
794.789000	80.000000	0.000000
806.349000	80.000000	0.000000
818.078000	80.000000	0.000000
829.977000	80.000000	0.000000
842.050000	80.000000	0.000000
854.298000	80.000000	0.000000
866.724000	80.000000	0.000000
879.330000	80.000000	0.000000
892.120000	80.000000	0.000000
905.097000	80.000000	0.000000
918.262000	80.000000	0.000000
931.618000	80.000000	0.000000
945.169000	80.000000	0.000000
958.917000	80.000000	0.000000
972.864000	80.000000	0.000000
987.015000	80.000000	0.000000
1001.370000	80.000000	0.000000
1015.940000	80.000000	0.000000
1030.710000	80.000000	0.000000
1045.710000	80.000000	0.000000
1060.920000	80.000000	0.000000
1076.350000	80.000000	0.000000
1092.000000	80.000000	0.000000
1107.890000	80.000000	0.000000
1124.000000	80.000000	0.000000
1140.350000	80.000000	0.000000
1156.940000	80.000000	0.000000
1173.770000	80.000000	0.000000
1190.840000	80.000000	0.000000
1208.160000	80.000000	0.000000
1225.730000	80.000000	0.000000
1243.560000	80.000000	0.000000
1261.650000	80.000000	0.000000
1280.000000	80.000000	0.000000
1298.620000	80.000000	0.000000
1317.510000	80.000000	0.000000
1336.670000	80.000000	0.000000
1356.110000	80.000000	0.000000
1375.840000	80.000000	0.000000
1395.850000	80.000000	0.000000
1416.150000	80.000000	0.000000
1436.750000	80.000000	0.000000
1457.650000	80.000000	0.000000
1478.850000	80.000000	0.000000
1500.360000	80.000000	0.000000
1522.190000	80.000000	0.000000
1544.330000	80.000000	0.000000
1566.790000	80.000000	0.000000
1589.580000	80.000000	0.000000
1612.700000	80.000000	0.000000
1636.160000	80.000000	0.000000
1659.950000	80.000000	0.000000
1684.100000	80.000000	0.000000
1708.600000	80.000000	0.000000
1733.450000	80.000000	0.000000
1758.660000	80.000000	0.000000
1784.240000	80.000000	0.000000
1810.190000	80.000000	0.000000
1836.520000	80.000000	0.000000
1863.240000	80.000000	0.000000
1890.340000	80.000000	0.000000
1917.830000	80.000000	0.000000
1945.730000	80.000000	0.000000
1974.030000	80.000000	0.000000
2002.740000	80.000000	0.000000
2031.870000	80.000000	0.000000
2061.430000	80.000000	0.000000
2091.410000	80.000000	0.000000
2121.830000	80.000000	0.000000
2152.690000	80.000000	0.000000
2184.010000	80.000000	0.000000
2215.770000	80.000000	0.000000
2248.000000	80.000000	0.000000
2280.700000	80.000000	0.000000
2313.870000	80.000000	0.000000
2347.530000	80.000000	0.000000
2381.680000	80.000000	0.000000
2416.320000	80.000000	0.000000
2451.460000	80.000000	0.000000
2487.120000	80.000000	0.000000
2523.300000	80.000000	0.000000
2560.000000	80.000000	0.000000
2597.240000	80.000000	0.000000
2635.010000	80.000000	0.000000
2673.340000	80.000000	0.000000
2712.230000	80.000000	0.000000
2751.680000	80.000000	0.000000
2791.700000	80.000000	0.000000
2832.310000	80.000000	0.000000
2873.500000	80.000000	0.000000
2915.300000	80.000000	0.000000
2957.700000	80.000000	0.000000
3000.720000	80.000000	0.000000
3044.370000	80.000000	0.000000
3088.650000	80.000000	0.000000
3133.580000	80.000000	0.000000
3179.160000	80.000000	0.000000
3225.400000	80.000000	0.000000
3272.310000	80.000000	0.000000
3319.910000	80.000000	0.000000
3368.200000	80.000000	0.000000
3417.190000	80.000000	0.000000
3466.890000	80.000000	0.000000
3517.320000	80.000000	0.000000
3568.480000	80.000000	0.000000
3620.390000	80.000000	0.000000
3673.050000	80.000000	0.000000
3726.470000	80.000000	0.000000
3780.670000	80.000000	0.000000
3835.670000	80.000000	0.000000
3891.460000	80.000000	0.000000
3948.060000	80.000000	0.000000
4005.490000	80.000000	0.000000
4063.750000	80.000000	0.000000
4122.860000	80.000000	0.000000
4182.820000	80.000000	0.000000
4243.660000	80.000000	0.000000
4305.390000	80.000000	0.000000
4368.010000	80.000000	0.000000
4431.550000	80.000000	0.000000
4496.010000	80.000000	0.000000
4561.400000	80.000000	0.000000
4627.750000	80.000000	0.000000
4695.060000	80.000000	0.000000
4763.350000	80.000000	0.000000
4832.640000	80.000000	0.000000
4902.930000	80.000000	0.000000
4974.240000	80.000000	0.000000
5046.600000	80.000000	0.000000
5120.000000	80.000000	0.000000
5194.470000	80.000000	0.000000
5270.030000	80.000000	0.000000
5346.680000	80.000000	0.000000
5424.450000	80.000000	0.000000
5503.350000	80.000000	0.000000
5583.400000	80.000000	0.000000
5664.610000	80.000000	0.000000
5747.010000	80.000000	0.000000
5830.600000	80.000000	0.000000
5915.410000	80.000000	0.000000
6001.450000	80.000000	0.000000
6088.740000	80.000000	0.000000
6177.300000	80.000000	0.000000
6267.150000	80.000000	0.000000
6358.310000	80.000000	0.000000
6450.800000	80.000000	0.000000
6544.620000	80.000000	0.000000
6639.820000	80.000000	0.000000
6736.400000	80.000000	0.000000
6834.380000	80.000000	0.000000
6933.790000	80.000000	0.000000
7034.640000	80.000000	0.000000
7136.960000	80.000000	0.000000
7240.770000	80.000000	0.000000
7346.090000	80.000000	0.000000
7452.940000	80.000000	0.000000
7561.350000	80.000000	0.000000
7671.330000	80.000000	0.000000
7782.910000	80.000000	0.000000
7896.120000	80.000000	0.000000
8010.970000	80.000000	0.000000
8127.490000	80.000000	0.000000
8245.710000	80.000000	0.000000
8365.650000	80.000000	0.000000
8487.330000	80.000000	0.000000
8610.780000	80.000000	0.000000
8736.030000	80.000000	0.000000
8863.090000	80.000000	0.000000
8992.010000	80.000000	0.000000
9122.800000	80.000000	0.000000
9255.500000	80.000000	0.000000
9390.120000	80.000000	0.000000
9526.700000	80.000000	0.000000
9665.270000	80.000000	0.000000
9805.860000	80.000000	0.000000
9948.490000	80.000000	0.000000
10093.200000	80.000000	0.000000
10240.000000	80.000000	0.000000
10388.900000	80.000000	0.000000
10540.100000	80.000000	0.000000
10693.400000	80.000000	0.000000
10848.900000	80.000000	0.000000
11006.700000	80.000000	0.000000
11166.800000	80.000000	0.000000
11329.200000	80.000000	0.000000
11494.000000	80.000000	0.000000
11661.200000	80.000000	0.000000
11830.800000	80.000000	0.000000
12002.900000	80.000000	0.000000
12177.500000	80.000000	0.000000
12354.600000	80.000000	0.000000
12534.300000	80.000000	0.000000
12716.600000	80.000000	0.000000
12901.600000	80.000000	0.000000
13089.200000	80.000000	0.000000
13279.600000	80.000000	0.000000
13472.800000	80.000000	0.000000
13668.800000	80.000000	0.000000
13867.600000	80.000000	0.000000
14069.300000	80.000000	0.000000
14273.900000	80.000000	0.000000
14481.500000	80.000000	0.000000
14692.200000	80.000000	0.000000
14905.900000	80.000000	0.000000
15122.700000	80.000000	0.000000
15342.700000	80.000000	0.000000
15565.800000	80.000000	0.000000
15792.200000	80.000000	0.000000
16021.900000	80.000000	0.000000
16255.000000	80.000000	0.000000
16491.400000	80.000000	0.000000
16731.300000	80.000000	0.000000
16974.700000	80.000000	0.000000
17221.600000	80.000000	0.000000
17472.100000	80.000000	0.000000
17726.200000	80.000000	0.000000
17984.000000	80.000000	0.000000
18245.600000	80.000000	0.000000
18511.000000	80.000000	0.000000
18780.200000	80.000000	0.000000
19053.400000	80.000000	0.000000
19330.500000	80.000000	0.000000
19611.700000	80.000000	0.000000
19897.000000	80.000000	0.000000
20186.400000	80.000000	0.000000
20480.000000	80.000000	0.000000
20777.900000	80.000000	0.000000
21080.100000	80.000000	0.000000
21386.700000	80.000000	0.000000
21697.800000	80.000000	0.000000
22013.400000	80.000000	0.000000
22333.600000	80.000000	0.000000
22658.400000	80.000000	0.000000
22988.000000	80.000000	0.000000
23322.400000	80.000000	0.000000
23661.600000	80.000000	0.000000
24005.800000	80.000000	0.000000
24355.000000	80.000000	0.000000
24709.200000	80.000000	0.000000
25068.600000	80.000000	0.000000
25433.200000	80.000000	0.000000
25803.200000	80.000000	0.000000
26178.500000	80.000000	0.000000
26559.300000	80.000000	0.000000
26945.600000	80.000000	0.000000
27337.500000	80.000000	0.000000
27735.200000	80.000000	0.000000
28138.600000	80.000000	0.000000
28547.900000	80.000000	0.000000
28963.100000	80.000000	0.000000
29384.400000	80.000000	0.000000
29811.800000	80.000000	0.000000
30245.400000	80.000000	0.000000
30685.300000	80.000000	0.000000
31131.700000	80.000000	0.000000
31584.500000	80.000000	0.000000
32043.900000	80.000000	0.000000
32510.000000	80.000000	0.000000
32982.800000	80.000000	0.000000
33462.600000	80.000000	0.000000
33949.300000	80.000000	0.000000
34443.100000	80.000000	0.000000
34944.100000	80.000000	0.000000
35452.400000	80.000000	0.000000
35968.000000	80.000000	0.000000
36491.200000	80.000000	0.000000
37022.000000	80.000000	0.000000
37560.500000	80.000000	0.000000
38106.800000	80.000000	0.000000
38661.100000	80.000000	0.000000
39223.400000	80.000000	0.000000
39793.900000	80.000000	0.000000
