    2.711	 55.7782	 178.6695
    2.748	 55.7781	 178.6695
    2.785	 55.7781	 178.6514
    2.823	 55.7781	 178.6421
    2.861	 55.7780	 178.6237
    2.900	 55.7780	 178.6050
    2.939	 55.7779	 178.5860
    2.979	 55.7779	 178.5668
    3.020	 55.7778	 178.5474
    3.061	 55.7778	 178.5277
    3.102	 55.7778	 178.5077
    3.144	 55.7777	 178.4874
    3.187	 55.7776	 178.4669
    3.230	 55.7776	 178.4460
    3.274	 55.7775	 178.4249
    3.319	 55.7775	 178.4035
    3.364	 55.7774	 178.3818
    3.409	 55.7774	 178.3598
    3.455	 55.7773	 178.3375
    3.502	 55.7772	 178.3149
    3.550	 55.7772	 178.2921
    3.598	 55.7771	 178.2688
    3.647	 55.7771	 178.2453
    3.696	 55.7770	 178.2214
    3.746	 55.7769	 178.1973
    3.797	 55.7768	 178.1728
    3.849	 55.7768	 178.1479
    3.901	 55.7767	 178.1227
    3.954	 55.7766	 178.0972
    4.008	 55.7765	 178.0713
    4.062	 55.7765	 178.0451
    4.117	 55.7764	 178.0185
    4.173	 55.7763	 177.9915
    4.230	 55.7762	 177.9642
    4.287	 55.7761	 177.9365
    4.345	 55.7760	 177.9084
    4.404	 55.7759	 177.8800
    4.464	 55.7758	 177.8511
    4.524	 55.7757	 177.8219
    4.586	 55.7756	 177.7923
    4.648	 55.7755	 177.7622
    4.711	 55.7754	 177.7318
    4.775	 55.7753	 177.7009
    4.840	 55.7752	 177.6696
    4.905	 55.7750	 177.6379
    4.972	 55.7749	 177.6057
    5.039	 55.7748	 177.5731
    5.108	 55.7746	 177.5401
    5.177	 55.7745	 177.5066
    5.247	 55.7744	 177.4727
    5.319	 55.7742	 177.4382
    5.391	 55.7741	 177.4034
    5.464	 55.7739	 177.3680
    5.538	 55.7738	 177.3322
    5.613	 55.7736	 177.2958
    5.689	 55.7735	 177.2590
    5.766	 55.7733	 177.2217
    5.845	 55.7731	 177.1838
    5.924	 55.7730	 177.1454
    6.004	 55.7728	 177.1065
    6.086	 55.7726	 177.0671
    6.168	 55.7724	 177.0271
    6.252	 55.7722	 176.9866
    6.337	 55.7720	 176.9455
    6.423	 55.7718	 176.9038
    6.510	 55.7716	 176.8616
    6.598	 55.7714	 176.8188
    6.688	 55.7711	 176.7754
    6.779	 55.7709	 176.7314
    6.871	 55.7707	 176.6868
    6.964	 55.7704	 176.6416
    7.058	 55.7702	 176.5957
    7.154	 55.7699	 176.5492
    7.251	 55.7696	 176.5022
    7.350	 55.7694	 176.4544
    7.449	 55.7691	 176.4059
    7.550	 55.7688	 176.3568
    7.653	 55.7685	 176.3071
    7.757	 55.7682	 176.2566
    7.862	 55.7679	 176.2054
    7.969	 55.7676	 176.1536
    8.077	 55.7672	 176.1010
    8.186	 55.7669	 176.0476
    8.297	 55.7665	 175.9936
    8.410	 55.7662	 175.9387
    8.524	 55.7658	 175.8831
    8.640	 55.7654	 175.8268
    8.757	 55.7650	 175.7696
    8.876	 55.7646	 175.7116
    8.996	 55.7642	 175.6529
    9.118	 55.7638	 175.5933
    9.242	 55.7633	 175.5328
    9.367	 55.7629	 175.4716
    9.494	 55.7624	 175.4095
    9.623	 55.7619	 175.3465
    9.754	 55.7614	 175.2826
    9.886	 55.7609	 175.2178
   10.020	 55.6966	 175.1521
   10.156	 55.6960	 175.0855
   10.294	 55.6955	 175.0179
   10.434	 55.6949	 174.9494
   10.575	 55.6943	 174.8800
   10.719	 55.6936	 174.8095
   10.864	 55.6930	 174.7381
   11.011	 55.6923	 174.6657
   11.161	 55.6917	 174.5922
   11.312	 55.6910	 174.5177
   11.466	 55.6903	 174.4421
   11.621	 55.6895	 174.3655
   11.779	 55.6888	 174.2877
   11.939	 55.6880	 174.2088
   12.101	 55.6872	 174.1289
   12.265	 55.6863	 174.0478
   12.431	 55.6855	 173.9655
   12.600	 55.6846	 173.8820
   12.771	 55.6837	 173.7974
   12.944	 55.6828	 173.7115
   13.120	 55.6819	 173.6244
   13.298	 55.6809	 173.5361
   13.478	 55.6799	 173.4465
   13.661	 55.6788	 173.3556
   13.847	 55.6778	 173.2634
   14.034	 55.6767	 173.1698
   14.225	 55.6755	 173.0748
   14.418	 55.6743	 172.9785
   14.613	 55.6731	 172.8808
   14.812	 55.6719	 172.7817
   15.013	 55.6706	 172.6811
   15.216	 55.6693	 172.5790
   15.423	 55.6680	 172.4755
   15.632	 55.6666	 172.3704
   15.844	 55.6651	 172.2638
   16.059	 55.6637	 172.1557
   16.277	 55.6621	 172.0459
   16.498	 55.6606	 171.9345
   16.722	 55.6590	 171.8214
   16.949	 55.6573	 171.7067
   17.178	 55.6556	 171.5902
   17.412	 55.6538	 171.4720
   17.648	 55.6520	 171.3521
   17.887	 55.6501	 171.2303
   18.130	 55.6482	 171.1068
   18.376	 55.6462	 170.9813
   18.625	 55.6441	 170.8540
   18.878	 55.6420	 170.7248
   19.134	 55.6398	 170.5936
   19.394	 55.6376	 170.4603
   19.657	 55.6352	 170.3251
   19.924	 55.6328	 170.1877
   20.194	 55.6303	 170.0483
   20.468	 55.6278	 169.9068
   20.746	 55.6252	 169.7630
   21.027	 55.6224	 169.6171
   21.312	 55.6196	 169.4688
   21.601	 55.6167	 169.3183
   21.895	 55.6137	 169.1655
   22.192	 55.6107	 169.0102
   22.493	 55.6075	 168.8525
   22.798	 55.6042	 168.6924
   23.107	 55.6007	 168.5297
   23.421	 55.5972	 168.3644
   23.738	 55.5936	 168.1965
   24.061	 55.5899	 168.0260
   24.387	 55.5860	 167.8527
   24.718	 55.5820	 167.6767
   25.053	 55.5778	 167.4978
   25.393	 55.5736	 167.3160
   25.738	 55.5691	 167.1313
   26.087	 55.5646	 166.9435
   26.441	 55.5598	 166.7528
   26.800	 55.5549	 166.5589
   27.163	 55.5499	 166.3618
   27.532	 55.5446	 166.1615
   27.905	 55.5392	 165.9578
   28.284	 55.5336	 165.7508
   28.668	 55.5278	 165.5403
   29.057	 55.5218	 165.3264
   29.451	 55.5156	 165.1088
   29.850	 55.5092	 164.8876
   30.255	 55.5026	 164.6626
   30.666	 55.4957	 164.4339
   31.082	 55.4886	 164.2012
   31.504	 55.4812	 163.9646
   31.931	 55.4735	 163.7239
   32.364	 55.4656	 163.4791
   32.803	 55.4574	 163.2300
   33.248	 55.4489	 162.9765
   33.700	 55.4401	 162.7187
   34.157	 55.4309	 162.4563
   34.620	 55.4214	 162.1893
   35.090	 55.4116	 161.9177
   35.566	 55.4014	 161.6412
   36.049	 55.3909	 161.3598
   36.538	 55.3799	 161.0733
   37.033	 55.3685	 160.7818
   37.536	 55.3568	 160.4850
   38.045	 55.3445	 160.1828
   38.561	 55.3318	 159.8752
   39.085	 55.3186	 159.5619
   39.615	 55.3049	 159.2429
   40.152	 55.2907	 158.9181
   40.697	 55.2760	 158.5872
   41.249	 55.2607	 158.2502
   41.809	 55.2447	 157.9069
   42.376	 55.2282	 157.5572
   42.951	 55.2110	 157.2009
   43.534	 55.1932	 156.8380
   44.124	 55.1746	 156.4681
   44.723	 55.1553	 156.0913
   45.330	 55.1353	 155.7072
   45.945	 55.1144	 155.3158
   46.568	 55.0928	 154.9169
   47.200	 55.0702	 154.5102
   47.841	 55.0468	 154.0957
   48.490	 55.0224	 153.6731
   49.148	 54.9971	 153.2422
   49.814	 54.9706	 152.8029
   50.490	 54.9432	 152.3548
   51.175	 54.9146	 151.8980
   51.870	 54.8848	 151.4320
   52.573	 54.8538	 150.9567
   53.287	 54.8215	 150.4719
   54.010	 54.7879	 149.9774
   54.742	 54.7529	 149.4728
   55.485	 54.7164	 148.9580
   56.238	 54.6785	 148.4327
   57.001	 54.6389	 147.8966
   57.774	 54.5976	 147.3495
   58.558	 54.5546	 146.7910
   59.353	 54.5098	 146.2210
   60.158	 54.4630	 145.6391
   60.974	 54.4142	 145.0449
   61.802	 54.3634	 144.4382
   62.640	 54.3103	 143.8186
   63.490	 54.2550	 143.1859
   64.351	 54.1972	 142.5396
   65.224	 54.1369	 141.8793
   66.109	 54.0739	 141.2048
   67.006	 54.0082	 140.5155
   67.915	 53.9395	 139.8111
   68.837	 53.8678	 139.0913
   69.771	 53.7928	 138.3554
   70.718	 53.7145	 137.6031
   71.677	 53.6327	 136.8337
   72.649	 53.5470	 136.0469
   73.635	 53.4575	 135.2420
   74.634	 53.3638	 134.4185
   75.647	 53.2658	 133.5757
   76.673	 53.1631	 132.7131
   77.714	 53.0556	 131.8299
   78.768	 52.9430	 130.9253
   79.837	 52.8251	 129.9987
   80.920	 52.7014	 129.0490
   82.018	 52.5717	 128.0754
   83.130	 52.4356	 127.0770
   84.258	 52.2928	 126.0526
   85.402	 52.1428	 125.0011
   86.560	 51.9852	 123.9213
   87.735	 51.8195	 122.8116
   88.925	 51.6453	 121.6707
   90.132	 51.4619	 120.4967
   91.354	 51.2687	 119.2877
   92.594	 51.0651	 118.0417
   93.850	 50.8503	 116.7561
   95.124	 50.6236	 115.4283
   96.414	 50.3841	 114.0552
   97.722	 50.1307	 112.6332
   99.048	 49.8624	 111.1581
  100.392	 49.5781	 109.6254
  101.754	 49.2763	 108.0290
  103.135	 48.9557	 106.3627
  104.534	 48.6144	 104.6183
  105.952	 48.2507	 102.7866
  107.390	 47.8625	 100.8557
  108.847	 47.4472	 98.8117
  110.324	 47.0023	 96.6369
  111.821	 46.5246	 94.3090
  113.338	 46.0106	 91.8007
  114.875	 45.4563	 89.0743
  116.434	 44.8573	 86.0843
  118.014	 44.2089	 82.7672
  119.615	 43.5060	 79.0380
  121.238	 42.7437	 74.7856
  122.883	 41.9178	 69.8529
  124.550	 41.0289	 64.0323
  126.240	 40.0898	 57.0611
  127.953	 39.1232	 48.6526
  129.689	 38.1785	 38.5075
  131.448	 37.3592	 26.7359
  133.232	 36.8120	 13.5784
  135.039	 36.6763	 -0.3400
  136.872	 37.0083	 -14.1842
  138.729	 37.7246	 -27.0933
  140.611	 38.6655	 -38.6247
  142.519	 39.6938	 -48.4825
  144.452	 40.7282	 -56.7433
  146.412	 41.7254	 -63.6882
  148.399	 42.6624	 -69.6110
  150.412	 43.5318	 -74.7640
  152.453	 44.3353	 -79.3404
  154.521	 45.0765	 -83.4811
  156.618	 45.7599	 -87.2900
  158.743	 46.3899	 -90.8461
  160.896	 46.9706	 -94.2075
  163.079	 47.5056	 -97.4182
  165.292	 47.9981	 -100.5117
  167.535	 48.4511	 -103.5146
  169.808	 48.8666	 -106.4481
  172.112	 49.2467	 -109.3289
  174.447	 49.5927	 -112.1705
  176.814	 49.9060	 -114.9843
  179.213	 50.1873	 -117.7794
  181.644	 50.4375	 -120.5638
  184.109	 50.6567	 -123.3442
  186.607	 50.8452	 -126.1266
  189.138	 51.0028	 -128.9158
  191.705	 51.1291	 -131.7165
  194.306	 51.2234	 -134.5328
  196.942	 51.2849	 -137.3685
  199.614	 51.3123	 -140.2273
  202.322	 51.3041	 -143.1127
  205.067	 51.2584	 -146.0281
  207.850	 51.1726	 -148.9773
  210.670	 51.0440	 -151.9640
  213.528	 50.8688	 -154.9929
  216.425	 50.6428	 -158.0688
  219.362	 50.3605	 -161.1980
  222.338	 50.0150	 -164.3884
  225.354	 49.5980	 -167.6501
  228.412	 49.0984	 -170.9974
  231.511	 48.5021	 -174.4509
  234.652	 47.7901	 -178.0421
  237.836	 46.9359	 178.1772
  241.063	 45.9022	 174.1157
  244.333	 44.6339	 169.5896
  247.648	 43.0446	 164.1452
  251.008	 40.9899	 156.2397
  254.414	 38.2169	 138.4849
  257.866	 34.4164	 107.6684
  261.365	 31.1061	 74.0042
  264.911	 34.0310	 40.1592
  268.505	 38.3371	 8.2821
  272.148	 41.5749	 -13.9419
  275.840	 44.0343	 -23.0758
  279.583	 45.9933	 -29.0632
  283.376	 47.6070	 -34.0473
  287.221	 48.9674	 -38.5638
  291.118	 50.1317	 -42.8256
  295.068	 51.1376	 -46.9338
  299.071	 52.0108	 -50.9405
  303.129	 52.7691	 -54.8745
  307.242	 53.4251	 -58.7511
  311.410	 53.9876	 -62.5769
  315.635	 54.4625	 -66.3523
  319.918	 54.8537	 -70.0724
  324.258	 55.1629	 -73.7268
  328.658	 55.3904	 -77.2996
  333.117	 55.5349	 -80.7675
  337.637	 55.5935	 -84.0981
  342.217	 55.5616	 -87.2457
  346.861	 55.4332	 -90.1462
  351.567	 55.2000	 -92.7074
  356.337	 54.8521	 -94.7938
  361.171	 54.3784	 -96.2032
  366.072	 53.7679	 -96.6285
  371.038	 53.0156	 -95.6123
  376.073	 52.1366	 -92.5371
  381.175	 51.1993	 -86.8038
  386.347	 50.3866	 -78.9992
  391.589	 50.0146	 -69.1105
  396.902	 50.3611	 -58.3990
  402.287	 51.4271	 -48.1391
  407.745	 53.0542	 -39.9716
  413.277	 54.8192	 -33.8917
  418.884	 56.3931	 -30.4985
  424.567	 57.7698	 -29.3101
  430.328	 59.0787	 -29.8005
  436.166	 60.2722	 -31.1484
  442.084	 61.2573	 -33.1702
  448.082	 62.1243	 -35.6558
  454.162	 62.9481	 -38.2295
  460.324	 63.6459	 -40.9617
  466.569	 64.2051	 -43.7300
  472.900	 64.6870	 -46.2210
  479.316	 65.0797	 -48.4517
  485.819	 65.3868	 -50.3262
  492.410	 65.6383	 -51.6224
  499.091	 65.8422	 -52.2705
  505.863	 66.0216	 -52.1436
  512.726	 66.2279	 -51.1295
  519.683	 66.5218	 -49.3953
  526.734	 66.9400	 -46.9813
  533.880	 67.5518	 -44.2664
  541.124	 68.3740	 -41.6856
  548.466	 69.3136	 -39.5128
  555.907	 70.3901	 -38.0653
  563.450	 71.6207	 -37.6593
  571.094	 72.8991	 -38.2343
  578.843	 74.1399	 -39.6689
  586.696	 75.2647	 -41.9834
  594.656	 76.2909	 -45.0137
  602.725	 77.2862	 -48.6081
  610.902	 78.2336	 -52.8014
  619.191	 79.1327	 -57.4475
  627.592	 79.9660	 -62.5354
  636.107	 80.7080	 -67.8207
  644.737	 81.3578	 -73.2429
  653.485	 81.9030	 -78.9377
  662.351	 82.3821	 -84.6680
  671.338	 82.8053	 -90.3929
  680.446	 83.1309	 -96.2403
  689.679	 83.3668	 -102.1663
  699.036	 83.5247	 -107.7790
  708.520	 83.5963	 -113.5193
  718.133	 83.5801	 -118.8799
  727.877	 83.4817	 -124.0666
  737.752	 83.3023	 -128.9883
  747.762	 83.0247	 -133.4532
  757.908	 82.6625	 -137.3113
  768.191	 82.2419	 -140.7246
  778.613	 81.7575	 -143.3202
  789.177	 81.2293	 -145.0425
  799.885	 80.7056	 -145.9789
  810.737	 80.2269	 -146.1079
  821.737	 79.8307	 -145.5654
  832.886	 79.5376	 -144.6059
  844.187	 79.3521	 -143.5237
  855.640	 79.2635	 -142.5490
  867.249	 79.2335	 -141.8439
  879.016	 79.2085	 -141.4865
  890.942	 79.1498	 -141.4033
  903.030	 79.0279	 -141.4098
  915.282	 78.8332	 -141.2724
  927.701	 78.5715	 -140.7233
  940.288	 78.2495	 -139.6058
  953.045	 77.9165	 -137.7425
  965.976	 77.6478	 -135.1512
  979.082	 77.4876	 -132.0260
  992.366	 77.4680	 -128.6702
 1005.830	 77.5901	 -125.3414
 1019.477	 77.8123	 -122.3365
 1033.309	 78.0827	 -119.7151
 1047.328	 78.3716	 -117.5228
 1061.538	 78.6532	 -115.6476
 1075.941	 78.9041	 -113.8947
 1090.539	 79.1504	 -112.2049
 1105.335	 79.4269	 -110.6173
 1120.332	 79.7324	 -109.0986
 1135.533	 80.0693	 -107.7539
 1150.939	 80.4265	 -106.7125
 1166.555	 80.7738	 -105.9740
 1182.382	 81.0917	 -105.5000
 1198.425	 81.3628	 -105.2049
 1214.685	 81.5774	 -104.9354
 1231.165	 81.7466	 -104.5492
 1247.869	 81.8974	 -103.9962
 1264.800	 82.0543	 -103.2751
 1281.960	 82.2271	 -102.4260
 1299.354	 82.4312	 -101.5643
 1316.983	 82.6709	 -100.8329
 1334.852	 82.9138	 -100.2668
 1352.962	 83.1263	 -99.8659
 1371.319	 83.3000	 -99.5995
 1389.925	 83.4351	 -99.3588
 1408.783	 83.5341	 -99.0485
 1427.897	 83.6064	 -98.6067
 1447.270	 83.6651	 -97.9800
 1466.906	 83.7246	 -97.2020
 1486.809	 83.7940	 -96.2861
 1506.982	 83.8778	 -95.2931
 1527.428	 83.9805	 -94.2857
 1548.152	 84.1007	 -93.3548
 1569.157	 84.2335	 -92.5471
 1590.447	 84.3674	 -91.9342
 1612.025	 84.4780	 -91.4924
 1633.897	 84.5384	 -91.1454
 1656.065	 84.5334	 -90.7402
 1678.534	 84.4635	 -90.1370
 1701.308	 84.3523	 -89.1791
 1724.391	 84.2394	 -87.8396
 1747.787	 84.1578	 -86.1944
 1771.501	 84.1203	 -84.3930
 1795.536	 84.1129	 -82.5209
 1819.897	 84.1035	 -80.6330
 1844.589	 84.0700	 -78.7163
 1869.616	 84.0153	 -76.6491
 1894.983	 83.9624	 -74.4236
 1920.693	 83.9344	 -72.0410
 1946.753	 83.9375	 -69.5880
 1973.166	 83.9576	 -67.1007
 1999.937	 83.9760	 -64.6628
 2027.072	 83.9878	 -62.2552
 2054.574	 83.9999	 -59.8590
 2082.450	 84.0143	 -57.4813
 2110.705	 84.0151	 -55.0393
 2139.342	 83.9793	 -52.4229
 2168.368	 83.9093	 -49.5431
 2197.788	 83.8499	 -46.4622
 2227.607	 83.8575	 -43.2873
 2257.831	 83.9389	 -40.1559
 2288.464	 84.0311	 -37.1142
 2319.514	 84.0523	 -34.0709
 2350.984	 83.9834	 -30.8130
 2382.882	 83.8976	 -27.2631
 2415.212	 83.8919	 -23.4726
 2447.981	 83.9837	 -19.6351
 2481.195	 84.0968	 -15.8067
 2514.859	 84.1619	 -12.1460
 2548.980	 84.1948	 -8.6481
 2583.563	 84.2453	 -5.3026
 2618.617	 84.3076	 -1.9070
 2654.146	 84.3278	 1.4884
 2690.156	 84.2902	 4.9624
 2726.656	 84.2488	 8.4913
 2763.650	 84.2543	 12.1164
 2801.146	 84.2908	 15.7962
 2839.152	 84.3163	 19.4606
 2877.673	 84.3192	 23.1049
 2916.716	 84.3076	 26.8798
 2956.289	 84.2897	 30.8470
 2996.400	 84.2907	 34.8743
 3037.054	 84.3302	 38.8813
 3078.260	 84.3645	 42.9605
 3120.025	 84.3234	 47.1816
 3162.357	 84.2131	 51.5526
 3205.263	 84.1039	 56.1278
 3248.751	 84.0204	 61.1272
 3292.829	 83.9399	 66.3152
 3337.505	 83.8713	 71.5262
 3382.788	 83.8176	 76.9040
 3428.685	 83.7357	 82.7917
 3475.204	 83.6484	 88.8849
 3522.355	 83.6887	 94.9298
 3570.145	 83.9004	 100.8560
 3618.584	 84.1309	 106.7857
 3667.680	 84.2543	 112.4407
 3717.442	 84.3403	 117.7829
 3767.879	 84.4960	 123.0749
 3819.001	 84.6614	 128.6496
 3870.816	 84.7400	 134.2573
 3923.334	 84.7676	 139.9180
 3976.565	 84.8203	 145.8604
 4030.518	 84.9204	 152.0871
 4085.203	 85.0539	 158.5299
 4140.630	 85.2004	 165.1888
 4196.809	 85.4100	 171.7123
 4253.750	 85.7502	 177.8927
 4311.464	 86.1640	 -176.3446
 4369.961	 86.5231	 -171.0339
 4429.251	 86.7541	 -166.2293
 4489.346	 86.8916	 -161.6967
 4550.257	 86.9737	 -156.9658
 4611.993	 86.9523	 -151.6752
 4674.568	 86.8690	 -146.0971
 4737.991	 86.8794	 -140.3990
 4802.275	 87.0083	 -134.5840
 4867.431	 87.1378	 -128.8664
 4933.471	 87.1775	 -123.3392
 5000.407	 87.1282	 -117.8010
 5068.251	 87.0609	 -112.2648
 5137.016	 87.0077	 -106.4717
 5206.713	 86.8958	 -100.2429
 5277.357	 86.7056	 -93.8638
 5348.959	 86.5328	 -87.4106
 5421.532	 86.3990	 -80.6869
 5495.090	 86.2291	 -73.7233
 5569.646	 85.9980	 -66.9055
 5645.213	 85.7227	 -59.7507
 5721.806	 85.3476	 -51.7335
 5799.438	 84.8819	 -43.2329
 5878.124	 84.5482	 -34.6138
 5957.876	 84.3592	 -25.1181
 6038.711	 84.0904	 -15.3369
 6120.643	 83.8061	 -5.8564
 6203.686	 83.6128	 4.0481
 6287.856	 83.4086	 14.4106
 6373.168	 83.1970	 24.6950
 6459.638	 83.0023	 35.3771
 6547.280	 82.8001	 46.2278
 6636.112	 82.6287	 57.3685
 6726.149	 82.4333	 69.0888
 6817.408	 82.2221	 81.1628
 6909.905	 82.1067	 93.6594
 7003.657	 82.0570	 106.7555
 7098.680	 82.0946	 119.7920
 7194.993	 82.2774	 132.6515
 7292.613	 82.5386	 145.2642
 7391.558	 82.7933	 157.4987
 7491.844	 82.9534	 169.5806
 7593.492	 83.0019	 -178.1218
 7696.518	 83.0087	 -165.4511
 7800.942	 83.0544	 -152.4335
 7906.784	 83.2280	 -139.2569
 8014.061	 83.5468	 -126.3884
 8122.793	 83.9255	 -113.9542
 8233.002	 84.2951	 -102.7031
 8344.705	 84.6016	 -92.0254
 8457.924	 84.6654	 -81.2799
 8572.679	 84.3833	 -69.4344
 8688.990	 84.0069	 -57.0820
 8806.880	 83.9070	 -43.8331
 8926.370	 84.0323	 -29.7972
 9047.480	 84.0809	 -15.4977
 9170.234	 84.1046	 -2.1393
 9294.653	 84.2801	 10.8617
 9420.761	 84.4005	 23.9430
 9548.579	 84.2960	 37.1260
 9678.132	 84.0317	 50.4351
 9809.442	 83.7399	 64.0927
 9942.534	 83.4906	 78.6723
10077.433	 83.1447	 94.1097
10214.160	 82.7210	 109.5882
10352.743	 82.4175	 125.7211
10493.207	 82.0818	 142.9753
10635.576	 81.5814	 161.2390
10779.877	 81.1498	 -179.8447
10926.135	 80.9939	 -159.9374
11074.378	 81.1047	 -139.9387
11224.632	 81.4368	 -120.5834
11376.925	 81.8552	 -102.4036
11531.284	 82.1755	 -85.1454
11687.738	 82.2764	 -68.6603
11846.314	 82.0805	 -51.4831
12007.042	 81.4955	 -31.8073
12169.950	 80.7352	 -10.1932
12335.069	 80.5305	 12.5365
12502.428	 81.0519	 36.1958
12672.058	 81.8018	 58.9434
12843.989	 82.5392	 79.5436
13018.253	 83.1457	 98.4917
13194.881	 83.5304	 116.8448
13373.905	 83.6859	 135.3138
13555.359	 83.8260	 153.4968
13739.275	 84.0154	 172.6540
13925.686	 84.0643	 -167.7126
14114.626	 84.1358	 -147.9258
14306.130	 84.4220	 -128.8903
14500.231	 84.7190	 -110.4281
14696.967	 84.7537	 -92.1472
14896.371	 84.2419	 -72.5656
15098.481	 83.3069	 -51.2593
15303.334	 82.3918	 -26.0974
15510.966	 81.9312	 0.9007
15721.414	 82.6824	 26.6054
15934.719	 84.0980	 49.8467
16150.916	 85.0338	 71.0776
16370.048	 85.1753	 89.9546
16592.152	 84.7234	 108.3328
16817.270	 84.4999	 125.5559
17045.443	 84.5788	 144.4141
17276.711	 84.0256	 164.5185
17511.117	 82.6045	 -173.0972
17748.703	 81.0592	 -154.0587
17989.514	 80.2465	 -123.7795
18233.590	 79.1910	 -89.7680
18480.979	 78.6031	 -60.8969
18731.725	 80.3630	 -36.7969
18985.871	 81.1424	 -8.6612
19243.467	 80.0772	 11.2529
19504.557	 78.3627	 27.4516
19769.189	 76.8399	 49.0045
20037.412	 75.2737	 74.0534
20309.275	 73.2480	 102.7611
20584.826	 70.7703	 136.9101
20864.115	 68.7701	 169.3835
21147.195	 69.4281	 -166.8323
21434.113	 70.5596	 -171.0466
21724.926	 69.3287	 156.8754
22019.686	 65.0067	 118.5333
22318.441	 61.4333	 80.2516
22621.254	 63.3203	 48.4412
22928.172	 64.2340	 43.2778
23239.256	 64.1627	 61.1985
23554.561	 63.9696	 80.6317
23874.143	 64.4173	 98.1449
24198.061	 65.7363	 115.6891
24526.373	 66.4856	 136.6951
24859.141	 66.0992	 158.3816
25196.424	 66.1064	 179.3854
25538.281	 66.8487	 -154.8892
25884.779	 67.0255	 -125.1692
26235.977	 66.6424	 -96.8824
26591.939	 66.1788	 -65.0815
26952.732	 65.6426	 -29.9486
27318.420	 65.3917	 4.0033
27689.068	 65.8839	 37.2287
28064.746	 65.8566	 69.8346
28445.521	 64.9122	 98.1146
28831.463	 63.7526	 123.9561
29222.641	 61.8752	 150.8850
29619.127	 58.7272	 175.7014
30020.992	 55.4961	 -161.1973
30428.309	 53.2158	 -133.2060
30841.152	 53.2537	 -105.3633
31259.596	 56.4042	 -78.1933
31683.719	 59.6415	 -48.2060
32113.596	 61.8303	 -13.6536
32549.305	 63.6106	 15.9601
32990.926	 65.1492	 49.2740
33438.535	 65.3811	 91.4874
33892.223	 64.3242	 134.2330
34352.062	 64.4680	 175.5483
34818.145	 65.6884	 -136.6935
35290.547	 62.9564	 -85.1982
35769.359	 62.1522	 -43.2239
36254.668	 62.4891	 -0.4879
36746.562	 61.8562	 45.4263
37245.129	 59.1057	 90.1449
37750.461	 55.1642	 109.0432
38262.652	 50.8377	 97.6111
38781.789	 45.8984	 94.5665
39307.969	 41.0380	 105.6183
39841.289	 36.9361	 121.4560
40381.848	 27.0491	 165.6745
40929.738	 22.9179	 -141.6108
41485.062	 19.7958	 34.2890
42047.922	 13.7140	 -84.9509
42618.414	 7.5171	 -131.2687
43196.652	 5.2054	 -52.4509
43782.730	 5.0606	 24.7601
