    2.711	 34.3000	 -32.5533
    2.748	 34.2853	 -32.5533
    2.785	 34.2627	 -33.0055
    2.823	 34.2393	 -33.2350
    2.861	 34.2155	 -33.6941
    2.900	 34.1912	 -34.1601
    2.939	 34.1664	 -34.6331
    2.979	 34.1411	 -35.1132
    3.020	 34.1154	 -35.6006
    3.061	 34.0891	 -36.0954
    3.102	 34.0623	 -36.5978
    3.144	 34.0351	 -37.1078
    3.187	 34.0072	 -37.6256
    3.230	 33.9789	 -38.1514
    3.274	 33.9500	 -38.6852
    3.319	 33.9205	 -39.2273
    3.364	 33.8905	 -39.7778
    3.409	 33.8598	 -40.3368
    3.455	 33.8286	 -40.9045
    3.502	 33.7968	 -41.4810
    3.550	 33.7643	 -42.0666
    3.598	 33.7312	 -42.6614
    3.647	 33.6975	 -43.2656
    3.696	 33.6632	 -43.8793
    3.746	 33.6281	 -44.5027
    3.797	 33.5924	 -45.1361
    3.849	 33.5560	 -45.7795
    3.901	 33.5189	 -46.4333
    3.954	 33.4811	 -47.0976
    4.008	 33.4426	 -47.7726
    4.062	 33.4033	 -48.4585
    4.117	 33.3632	 -49.1556
    4.173	 33.3224	 -49.8641
    4.230	 33.2808	 -50.5842
    4.287	 33.2384	 -51.3161
    4.345	 33.1952	 -52.0601
    4.404	 33.1512	 -52.8164
    4.464	 33.1063	 -53.5853
    4.524	 33.0606	 -54.3671
    4.586	 33.0140	 -55.1620
    4.648	 32.9666	 -55.9703
    4.711	 32.9182	 -56.7923
    4.775	 32.8689	 -57.6282
    4.840	 32.8187	 -58.4785
    4.905	 32.7676	 -59.3434
    4.972	 32.7155	 -60.2231
    5.039	 32.6624	 -61.1182
    5.108	 32.6083	 -62.0288
    5.177	 32.5533	 -62.9553
    5.247	 32.4972	 -63.8982
    5.319	 32.4401	 -64.8580
    5.391	 32.3817	 -65.8356
    5.464	 32.3216	 -66.8318
    5.538	 32.2594	 -67.8472
    5.613	 32.1949	 -68.8826
    5.689	 32.1281	 -69.9381
    5.766	 32.0591	 -71.0137
    5.845	 31.9879	 -72.1095
    5.924	 31.9146	 -73.2254
    6.004	 31.8392	 -74.3614
    6.086	 31.7617	 -75.5172
    6.168	 31.6823	 -76.6929
    6.252	 31.6009	 -77.8882
    6.337	 31.5177	 -79.1030
    6.423	 31.4328	 -80.3369
    6.510	 31.3462	 -81.5897
    6.598	 31.2581	 -82.8611
    6.688	 31.1686	 -84.1507
    6.779	 31.0777	 -85.4580
    6.871	 30.9858	 -86.7827
    6.964	 30.8928	 -88.1241
    7.058	 30.7991	 -89.4816
    7.154	 30.7047	 -90.8547
    7.251	 30.6099	 -92.2425
    7.350	 30.5148	 -93.6443
    7.449	 30.4198	 -95.0592
    7.550	 30.3251	 -96.4863
    7.653	 30.2310	 -97.9245
    7.757	 30.1376	 -99.3727
    7.862	 30.0455	 -100.8298
    7.969	 29.9548	 -102.3052
    8.077	 29.8650	 -103.7996
    8.186	 29.7751	 -105.3139
    8.297	 29.6854	 -106.8491
    8.410	 29.5964	 -108.4065
    8.524	 29.5083	 -109.9771
    8.640	 29.4211	 -111.5609
    8.757	 29.3348	 -113.1578
    8.876	 29.2497	 -114.7678
    8.996	 29.1656	 -116.3907
    9.118	 29.0828	 -118.0267
    9.242	 29.0013	 -119.6755
    9.367	 28.9211	 -121.3371
    9.494	 28.8424	 -123.0114
    9.623	 28.7653	 -124.6983
    9.754	 28.6897	 -126.3977
    9.886	 28.6160	 -128.1096
   10.020	 28.4802	 -129.8337
   10.156	 28.4102	 -131.5699
   10.294	 28.3422	 -133.3181
   10.434	 28.2763	 -135.0782
   10.575	 28.2128	 -136.7958
   10.719	 28.1541	 -138.4374
   10.864	 28.1041	 -139.9945
   11.011	 28.0629	 -141.4584
   11.161	 28.0281	 -142.8202
   11.312	 27.9990	 -144.1245
   11.466	 27.9756	 -145.3951
   11.621	 27.9583	 -146.6303
   11.779	 27.9472	 -147.8279
   11.939	 27.9427	 -148.9862
   12.101	 27.9450	 -150.1030
   12.265	 27.9544	 -151.1761
   12.431	 27.9711	 -152.2035
   12.600	 27.9956	 -153.1827
   12.771	 28.0281	 -154.1115
   12.944	 28.0689	 -154.9875
   13.120	 28.1183	 -155.7987
   13.298	 28.1781	 -156.4735
   13.478	 28.2568	 -157.0217
   13.661	 28.3598	 -157.4539
   13.847	 28.4781	 -157.7812
   14.034	 28.6039	 -158.0252
   14.225	 28.7372	 -158.2676
   14.418	 28.8782	 -158.5096
   14.613	 29.0272	 -158.7523
   14.812	 29.1845	 -158.9970
   15.013	 29.3504	 -159.2453
   15.216	 29.5251	 -159.4986
   15.423	 29.7090	 -159.7585
   15.632	 29.9024	 -160.0269
   15.844	 30.1055	 -160.3034
   16.059	 30.3172	 -160.5869
   16.277	 30.5368	 -160.8770
   16.498	 30.7667	 -161.1730
   16.722	 31.0094	 -161.4742
   16.949	 31.2643	 -161.7811
   17.178	 31.5289	 -162.0952
   17.412	 31.8009	 -162.4167
   17.648	 32.0774	 -162.7458
   17.887	 32.3556	 -163.0827
   18.130	 32.6321	 -163.4276
   18.376	 32.9036	 -163.7804
   18.625	 33.1664	 -164.1431
   18.878	 33.4196	 -164.5205
   19.134	 33.6661	 -164.9164
   19.394	 33.9090	 -165.3332
   19.657	 34.1491	 -165.7721
   19.924	 34.3861	 -166.2309
   20.194	 34.6199	 -166.7028
   20.468	 34.8503	 -167.1804
   20.746	 35.0769	 -167.6555
   21.027	 35.2997	 -168.1115
   21.312	 35.5178	 -168.5116
   21.601	 35.7282	 -168.8454
   21.895	 35.9277	 -169.1042
   22.192	 36.1169	 -169.2803
   22.493	 36.2996	 -169.3758
   22.798	 36.4795	 -169.4137
   23.107	 36.6609	 -169.3916
   23.421	 36.8484	 -169.3071
   23.738	 37.0469	 -169.1474
   24.061	 37.2593	 -168.8904
   24.387	 37.4841	 -168.5269
   24.718	 37.7186	 -168.0555
   25.053	 37.9633	 -167.4836
   25.393	 38.2198	 -166.8376
   25.738	 38.4884	 -166.1636
   26.087	 38.7695	 -165.5052
   26.441	 39.0639	 -164.8871
   26.800	 39.3816	 -164.3216
   27.163	 39.7346	 -163.8198
   27.532	 40.1175	 -163.3838
   27.905	 40.5162	 -163.0061
   28.284	 40.9235	 -162.6917
   28.668	 41.3358	 -162.4501
   29.057	 41.7495	 -162.3229
   29.451	 42.1633	 -162.3422
   29.850	 42.5796	 -162.5158
   30.255	 42.9993	 -162.8517
   30.666	 43.4208	 -163.3584
   31.082	 43.8430	 -164.0059
   31.504	 44.2657	 -164.7804
   31.931	 44.6865	 -165.7068
   32.364	 45.0923	 -166.7657
   32.803	 45.4711	 -167.9370
   33.248	 45.8267	 -169.1998
   33.700	 46.1646	 -170.5263
   34.157	 46.4839	 -171.8731
   34.620	 46.7830	 -173.2399
   35.090	 47.0577	 -174.6276
   35.566	 47.3059	 -176.0363
   36.049	 47.5307	 -177.4653
   36.538	 47.7339	 -178.9138
   37.033	 47.9146	 179.6556
   37.536	 48.0677	 178.2821
   38.045	 48.1909	 176.9946
   38.561	 48.2932	 175.8223
   39.085	 48.3842	 174.7948
   39.615	 48.4661	 173.9317
   40.152	 48.5403	 173.2463
   40.697	 48.6075	 172.7454
   41.249	 48.6652	 172.4361
   41.809	 48.7156	 172.3259
   42.376	 48.7695	 172.4115
   42.951	 48.8428	 172.6813
   43.534	 48.9470	 173.1164
   44.124	 49.0807	 173.6742
   44.723	 49.2393	 174.2942
   45.330	 49.4264	 174.9186
   45.945	 49.6512	 175.4946
   46.568	 49.9105	 175.9926
   47.200	 50.1861	 176.4008
   47.841	 50.4648	 176.6740
   48.490	 50.7446	 176.8056
   49.148	 51.0261	 176.7969
   49.814	 51.3087	 176.6504
   50.490	 51.5904	 176.3783
   51.175	 51.8579	 176.0328
   51.870	 52.0977	 175.6297
   52.573	 52.3141	 175.2094
   53.287	 52.5138	 174.8193
   54.010	 52.6941	 174.4922
   54.742	 52.8559	 174.2721
   55.485	 53.0104	 174.2116
   56.238	 53.1715	 174.3117
   57.001	 53.3455	 174.5418
   57.774	 53.5328	 174.8766
   58.558	 53.7364	 175.2926
   59.353	 53.9675	 175.7344
   60.158	 54.2319	 176.1743
   60.974	 54.5210	 176.5508
   61.802	 54.8268	 176.8291
   62.640	 55.1487	 176.9781
   63.490	 55.4824	 176.9486
   64.351	 55.8137	 176.7269
   65.224	 56.1300	 176.3723
   66.109	 56.4293	 175.9207
   67.006	 56.7091	 175.4025
   67.915	 56.9667	 174.8681
   68.837	 57.2084	 174.3698
   69.771	 57.4425	 173.9207
   70.718	 57.6717	 173.5228
   71.677	 57.9001	 173.1767
   72.649	 58.1399	 172.8839
   73.635	 58.3998	 172.5909
   74.634	 58.6755	 172.2275
   75.647	 58.9630	 171.7516
   76.673	 59.2606	 171.0989
   77.714	 59.5567	 170.2345
   78.768	 59.8320	 169.1573
   79.837	 60.0735	 167.9081
   80.920	 60.2698	 166.5203
   82.018	 60.4097	 165.1116
   83.130	 60.4864	 163.7876
   84.258	 60.5027	 162.6562
   85.402	 60.4770	 161.8587
   86.560	 60.4264	 161.5046
   87.735	 60.3635	 161.6695
   88.925	 60.3242	 162.2870
   90.132	 60.3496	 163.2455
   91.354	 60.4632	 164.3969
   92.594	 60.6667	 165.5339
   93.850	 60.9359	 166.4255
   95.124	 61.2442	 166.9671
   96.414	 61.5612	 167.1390
   97.722	 61.8467	 166.9827
   99.048	 62.0769	 166.6199
  100.392	 62.2475	 166.2221
  101.754	 62.3694	 165.9796
  103.135	 62.4598	 166.0260
  104.534	 62.5465	 166.3765
  105.952	 62.6665	 166.9932
  107.390	 62.8469	 167.7836
  108.847	 63.0913	 168.5582
  110.324	 63.3831	 169.1551
  111.821	 63.6972	 169.4820
  113.338	 64.0043	 169.5675
  114.875	 64.2771	 169.4469
  116.434	 64.5075	 169.2700
  118.014	 64.7062	 169.1530
  119.615	 64.8906	 169.1941
  121.238	 65.0843	 169.3689
  122.883	 65.3120	 169.6246
  124.550	 65.5796	 169.8419
  126.240	 65.8716	 169.9196
  127.953	 66.1681	 169.7826
  129.689	 66.4473	 169.4631
  131.448	 66.6883	 169.0267
  133.232	 66.8866	 168.5961
  135.039	 67.0543	 168.2751
  136.872	 67.2110	 168.1139
  138.729	 67.3779	 168.1028
  140.611	 67.5675	 168.1923
  142.519	 67.7800	 168.3066
  144.452	 68.0066	 168.3892
  146.412	 68.2350	 168.4299
  148.399	 68.4584	 168.4362
  150.412	 68.6785	 168.4321
  152.453	 68.9035	 168.4303
  154.521	 69.1412	 168.4052
  156.618	 69.3948	 168.3109
  158.743	 69.6585	 168.0952
  160.896	 69.9196	 167.7353
  163.079	 70.1633	 167.2342
  165.292	 70.3775	 166.6426
  167.535	 70.5561	 166.0412
  169.808	 70.7015	 165.5163
  172.112	 70.8239	 165.1325
  174.447	 70.9387	 164.9182
  176.814	 71.0615	 164.8573
  179.213	 71.2013	 164.9082
  181.644	 71.3571	 165.0251
  184.109	 71.5220	 165.1809
  186.607	 71.6911	 165.3630
  189.138	 71.8685	 165.5595
  191.705	 72.0641	 165.7307
  194.306	 72.2821	 165.8293
  196.942	 72.5112	 165.8206
  199.614	 72.7285	 165.7194
  202.322	 72.9177	 165.5786
  205.067	 73.0835	 165.4591
  207.850	 73.2479	 165.3814
  210.670	 73.4295	 165.3285
  213.528	 73.6239	 165.2707
  216.425	 73.8088	 165.2083
  219.362	 73.9686	 165.1788
  222.338	 74.1133	 165.2243
  225.354	 74.2706	 165.3591
  228.412	 74.4616	 165.5440
  231.511	 74.6864	 165.6871
  234.652	 74.9311	 165.6719
  237.836	 75.1803	 165.4222
  241.063	 75.4142	 164.9522
  244.333	 75.6050	 164.3702
  247.648	 75.7333	 163.8252
  251.008	 75.8111	 163.4344
  254.414	 75.8803	 163.2506
  257.866	 75.9786	 163.2631
  261.365	 76.1102	 163.3994
  264.911	 76.2601	 163.5329
  268.505	 76.4205	 163.5516
  272.148	 76.5856	 163.4475
  275.840	 76.7310	 163.3054
  279.583	 76.8307	 163.2407
  283.376	 76.8927	 163.3372
  287.221	 76.9630	 163.6317
  291.118	 77.0887	 164.0593
  295.068	 77.2833	 164.4308
  299.071	 77.5253	 164.5158
  303.129	 77.7692	 164.2086
  307.242	 77.9560	 163.5939
  311.410	 78.0410	 162.9063
  315.635	 78.0273	 162.3992
  319.918	 77.9706	 162.2052
  324.258	 77.9383	 162.3275
  328.658	 77.9476	 162.7516
  333.117	 77.9586	 163.4560
  337.637	 77.9501	 164.3503
  342.217	 77.9672	 165.3517
  346.861	 78.0584	 166.4357
  351.567	 78.2101	 167.4835
  356.337	 78.3796	 168.3083
  361.171	 78.5281	 168.9492
  366.072	 78.6155	 169.6856
  371.038	 78.6404	 170.6995
  376.073	 78.6856	 171.9310
  381.175	 78.8529	 173.2111
  386.347	 79.1379	 174.3604
  391.589	 79.4236	 175.1791
  396.902	 79.6312	 175.6565
  402.287	 79.7736	 176.0654
  407.745	 79.9093	 176.4244
  413.277	 80.0899	 176.7658
  418.884	 80.2707	 177.2736
  424.567	 80.3730	 178.0021
  430.328	 80.4453	 178.7263
  436.166	 80.5788	 179.5871
  442.084	 80.7899	 -179.5832
  448.082	 81.0751	 -179.1551
  454.162	 81.3516	 -179.0978
  460.324	 81.4770	 -178.9980
  466.569	 81.4383	 -178.5401
  472.900	 81.3944	 -177.7336
  479.316	 81.5128	 -176.6978
  485.819	 81.8202	 -175.7717
  492.410	 82.1605	 -175.3354
  499.091	 82.3625	 -177.0414
  505.863	 82.5893	 -176.9725
  512.726	 82.8130	 -177.0443
  519.683	 83.0373	 -177.2343
  526.734	 83.2497	 -177.5737
  533.880	 83.4452	 -178.0336
  541.124	 83.6275	 -178.5906
  548.466	 83.7800	 -179.2651
  555.907	 83.9053	 179.9572
  563.450	 84.0098	 179.1234
  571.094	 84.0827	 178.2407
  578.843	 84.1163	 177.3657
  586.696	 84.1120	 176.5369
  594.656	 84.0715	 175.7969
  602.725	 83.9931	 175.1903
  610.902	 83.8772	 174.7671
  619.191	 83.7210	 174.5551
  627.592	 83.5291	 174.6662
  636.107	 83.3153	 175.1205
  644.737	 83.0930	 175.9494
  653.485	 82.8844	 177.3067
  662.351	 82.6977	 179.0475
  671.338	 82.5445	 -178.8268
  680.446	 82.4615	 -176.3749
  689.679	 82.4652	 -173.7178
  699.036	 82.5563	 -171.1366
  708.520	 82.7302	 -168.6072
  718.133	 82.9789	 -166.4249
  727.877	 83.2687	 -164.6176
  737.752	 83.5720	 -163.2464
  747.762	 83.8927	 -162.3259
  757.908	 84.2003	 -161.8627
  768.191	 84.4628	 -161.7124
  778.613	 84.6852	 -161.8633
  789.177	 84.8612	 -162.2095
  799.885	 84.9812	 -162.6515
  810.737	 85.0473	 -163.1025
  821.737	 85.0653	 -163.4800
  832.886	 85.0411	 -163.7021
  844.187	 84.9830	 -163.7250
  855.640	 84.9073	 -163.5255
  867.249	 84.8336	 -163.0634
  879.016	 84.7726	 -162.4113
  890.942	 84.7345	 -161.6058
  903.030	 84.7329	 -160.7656
  915.282	 84.7691	 -159.9635
  927.701	 84.8367	 -159.3552
  940.288	 84.9298	 -158.9883
  953.045	 85.0293	 -158.9751
  965.976	 85.1139	 -159.3172
  979.082	 85.1703	 -160.0477
  992.366	 85.1836	 -161.1362
 1005.830	 85.1396	 -162.5471
 1019.477	 85.0291	 -164.2270
 1033.309	 84.8437	 -166.2124
 1047.328	 84.5583	 -168.3602
 1061.538	 84.1600	 -170.6129
 1075.941	 83.6706	 -172.9894
 1090.539	 83.0579	 -175.3524
 1105.335	 82.2630	 -177.4897
 1120.332	 81.2999	 -179.3122
 1135.533	 80.1558	 179.4719
 1150.939	 78.7843	 179.3924
 1166.555	 77.2011	 -178.9746
 1182.382	 75.4031	 -174.8930
 1198.425	 73.4356	 -167.8048
 1214.685	 71.5433	 -157.7384
 1231.165	 70.0410	 -144.8766
 1247.869	 69.1727	 -130.7161
 1264.800	 68.9219	 -116.3881
 1281.960	 69.1192	 -102.7348
 1299.354	 69.6712	 -90.7444
 1316.983	 70.5173	 -81.4626
 1334.852	 71.4504	 -74.5287
 1352.962	 72.2314	 -69.9014
 1371.319	 72.7122	 -67.4037
 1389.925	 72.7839	 -65.6867
 1408.783	 72.3507	 -62.7819
 1427.897	 71.4380	 -56.8086
 1447.270	 70.4075	 -47.1938
 1466.906	 70.1737	 -36.1315
 1486.809	 71.2822	 -25.6012
 1506.982	 73.0015	 -17.5885
 1527.428	 74.5054	 -13.7708
 1548.152	 75.4656	 -14.4650
 1569.157	 75.8440	 -17.1654
 1590.447	 75.6818	 -19.8108
 1612.025	 75.0319	 -20.8170
 1633.897	 74.0522	 -19.4219
 1656.065	 73.0673	 -15.5689
 1678.534	 72.4163	 -10.2540
 1701.308	 72.1606	 -4.3542
 1724.391	 72.0611	 1.4351
 1747.787	 71.8493	 6.9422
 1771.501	 71.4604	 12.2936
 1795.536	 71.0321	 17.9832
 1819.897	 70.7313	 24.0450
 1844.589	 70.5621	 30.3446
 1869.616	 70.3983	 36.9187
 1894.983	 70.1823	 43.5207
 1920.693	 70.0259	 49.9025
 1946.753	 70.0751	 55.6273
 1973.166	 70.2502	 60.5024
 1999.937	 70.2742	 64.4457
 2027.072	 69.9386	 68.1388
 2054.574	 69.2439	 72.5312
 2082.450	 68.4003	 77.8943
 2110.705	 67.6882	 84.2049
 2139.342	 67.1498	 91.4679
 2168.368	 66.5342	 99.7936
 2197.788	 65.7195	 108.7481
 2227.607	 64.9731	 118.0106
 2257.831	 64.6014	 127.6404
 2288.464	 64.4249	 137.8643
 2319.514	 64.0910	 148.2160
 2350.984	 63.6642	 158.0453
 2382.882	 63.4985	 167.3416
 2415.212	 63.5559	 176.7280
 2447.981	 63.4226	 -173.7241
 2481.195	 63.0056	 -164.3258
 2514.859	 62.7015	 -155.5249
 2548.980	 62.7552	 -146.8676
 2583.563	 62.8172	 -138.3540
 2618.617	 62.5599	 -130.1854
 2654.146	 62.0587	 -122.5858
 2690.156	 61.5456	 -114.2267
 2726.656	 61.0638	 -104.7286
 2763.650	 60.6422	 -95.5864
 2801.146	 60.4984	 -88.6117
 2839.152	 60.4491	 -83.6592
 2877.673	 59.7606	 -76.6975
 2916.716	 57.7731	 -61.9109
 2956.289	 54.7292	 -46.5374
 2996.400	 54.0185	 -32.1633
 3037.054	 55.3709	 -15.5236
 3078.260	 55.0930	 6.9614
 3120.025	 53.0140	 22.8128
 3162.357	 51.9924	 38.4322
 3205.263	 53.1646	 59.1807
 3248.751	 53.8571	 80.0829
 3292.829	 54.4123	 91.6479
 3337.505	 54.9999	 103.3365
 3382.788	 54.6828	 117.8082
 3428.685	 53.7346	 131.2601
 3475.204	 53.2850	 147.3472
 3522.355	 53.2175	 166.0357
 3570.145	 53.4845	 -176.4659
 3618.584	 54.0416	 -159.0770
 3667.680	 54.3721	 -142.1783
 3717.442	 54.7860	 -127.0654
 3767.879	 55.3186	 -112.2164
 3819.001	 55.8345	 -98.6453
 3870.816	 56.3816	 -86.5268
 3923.334	 56.4659	 -74.4151
 3976.565	 56.0240	 -62.8064
 4030.518	 55.2010	 -46.0618
 4085.203	 53.6941	 -24.2421
 4140.630	 52.2276	 3.5364
 4196.809	 52.9031	 32.1344
 4253.750	 55.7986	 60.6896
 4311.464	 58.8909	 82.4653
 4369.961	 61.4705	 98.5834
 4429.251	 63.2442	 107.9671
 4489.346	 64.1501	 115.8699
 4550.257	 64.6073	 123.7131
 4611.993	 64.9184	 132.7361
 4674.568	 65.1394	 143.8996
 4737.991	 65.3631	 155.8778
 4802.275	 65.7003	 168.3033
 4867.431	 66.1753	 -179.3632
 4933.471	 66.6082	 -167.1063
 5000.407	 66.7112	 -152.8741
 5068.251	 66.6101	 -139.0065
 5137.016	 67.0245	 -125.0642
 5206.713	 67.9026	 -110.8477
 5277.357	 68.7683	 -97.9727
 5348.959	 69.7748	 -89.6457
 5421.532	 70.6592	 -83.5266
 5495.090	 70.9538	 -79.7133
 5569.646	 70.5881	 -78.0013
 5645.213	 69.6108	 -77.1131
 5721.806	 67.9850	 -74.3872
 5799.438	 65.6440	 -71.1592
 5878.124	 62.5700	 -62.1001
 5957.876	 58.7270	 -34.2431
 6038.711	 54.0413	 -6.6914
 6120.643	 52.1294	 18.3400
 6203.686	 53.5028	 46.2975
 6287.856	 52.7506	 75.0514
 6373.168	 49.7418	 95.5429
 6459.638	 46.5149	 119.5698
 6547.280	 46.3173	 147.4241
 6636.112	 48.5876	 172.8345
 6726.149	 51.2620	 -168.6416
 6817.408	 53.5955	 -160.0472
 6909.905	 55.5655	 -155.0238
 7003.657	 56.9776	 -150.9864
 7098.680	 58.0022	 -146.5203
 7194.993	 59.2222	 -140.5146
 7292.613	 60.5098	 -133.2513
 7391.558	 61.5906	 -124.3588
 7491.844	 62.3994	 -116.1230
 7593.492	 62.6480	 -108.7649
 7696.518	 62.1064	 -97.5454
 7800.942	 60.3151	 -66.6400
 7906.784	 57.2119	 -33.6828
 8014.061	 57.1494	 2.2317
 8122.793	 60.5483	 41.0102
 8233.002	 63.5178	 78.1799
 8344.705	 66.0923	 95.7491
 8457.924	 68.3208	 111.3114
 8572.679	 69.9574	 124.4124
 8688.990	 70.8529	 136.5373
 8806.880	 71.0125	 147.6338
 8926.370	 70.7981	 158.4380
 9047.480	 70.4125	 169.9619
 9170.234	 69.4944	 -176.8547
 9294.653	 67.8530	 -163.4237
 9420.761	 65.8359	 -150.9002
 9548.579	 63.8068	 -140.7294
 9678.132	 61.5897	 -138.4117
 9809.442	 58.3857	 -146.2049
 9942.534	 54.4047	 -158.5941
10077.433	 51.2487	 -169.0752
10214.160	 50.5694	 -175.0184
10352.743	 50.6045	 -173.6257
10493.207	 49.8918	 -137.6219
10635.576	 47.7929	 -94.5420
10779.877	 48.6439	 -52.5513
10926.135	 52.5294	 -11.7010
11074.378	 54.6918	 31.3700
11224.632	 55.1058	 51.1850
11376.925	 54.2190	 71.4854
11531.284	 52.2033	 105.0740
11687.738	 48.9057	 147.6404
11846.314	 45.6720	 -165.0912
12007.042	 45.6972	 -113.4935
12169.950	 46.3160	 -57.8571
12335.069	 46.8802	 -11.1233
12502.428	 47.7097	 32.7373
12672.058	 48.2243	 76.5539
12843.989	 48.5472	 118.3161
13018.253	 48.5844	 159.4085
13194.881	 48.0782	 -155.6294
13373.905	 47.2113	 -109.6627
13555.359	 46.7205	 -64.3555
13739.275	 47.0649	 -16.2974
13925.686	 47.3700	 33.5295
14114.626	 47.6188	 78.7060
14306.130	 48.6824	 118.7449
14500.231	 49.2780	 158.5257
14696.967	 47.9535	 -152.2185
14896.371	 44.3866	 -99.0565
15098.481	 40.4658	 -38.3847
15303.334	 42.2710	 23.4898
15510.966	 46.1065	 84.0449
15721.414	 48.5899	 131.4958
15934.719	 49.7150	 171.4794
16150.916	 49.7178	 -154.2359
16370.048	 48.8052	 -117.8235
16592.152	 47.2977	 -75.5056
16817.270	 45.4405	 -28.3334
17045.443	 44.0791	 17.8516
17276.711	 44.8790	 57.4092
17511.117	 45.7107	 101.3395
17748.703	 44.3460	 155.2610
17989.514	 40.5548	 -157.2555
18233.590	 38.6099	 -107.8659
18480.979	 39.2945	 -47.9764
18731.725	 38.3389	 10.4992
18985.871	 37.2274	 59.8945
19243.467	 37.8654	 111.2818
19504.557	 40.4139	 157.0163
19769.189	 42.9203	 -167.1975
20037.412	 43.9220	 -140.8668
20309.275	 43.3107	 -122.7923
20584.826	 41.5957	 -106.1822
20864.115	 39.8592	 -93.1128
21147.195	 39.3815	 -88.0823
21434.113	 38.7923	 -83.7739
21724.926	 36.0340	 -77.5688
22019.686	 30.7085	 -60.5578
22318.441	 27.9904	 -25.1212
22621.254	 32.3885	 21.7100
22928.172	 36.7741	 77.2691
23239.256	 38.7657	 135.4361
23554.561	 39.2100	 -171.1302
23874.143	 38.5221	 -120.6869
24198.061	 36.9655	 -70.4438
24526.373	 35.6954	 -28.3345
24859.141	 34.0021	 -6.9814
25196.424	 29.8698	 11.2487
25538.281	 27.3656	 22.7895
25884.779	 29.7869	 37.9785
26235.977	 32.3870	 58.0201
26591.939	 35.2102	 97.3537
26952.732	 37.0051	 138.3440
27318.420	 37.0895	 -171.9973
27689.068	 35.6487	 -114.0166
28064.746	 33.3521	 -43.9810
28445.521	 31.3789	 38.9464
28831.463	 31.6816	 124.6746
29222.641	 33.6951	 -150.1104
29619.127	 34.7230	 -65.9000
30020.992	 34.2872	 19.7858
30428.309	 32.9999	 106.0966
30841.152	 31.6723	 -165.2040
31259.596	 31.4050	 -74.0537
31683.719	 31.4079	 21.6267
32113.596	 30.4887	 111.6182
32549.305	 29.2715	 -160.3875
32990.926	 27.6686	 -105.9117
33438.535	 24.9066	 -69.8562
33892.223	 23.0751	 -41.4649
34352.062	 25.1836	 -13.5514
34818.145	 26.4033	 17.2839
35290.547	 22.8930	 88.0547
35769.359	 20.3433	 -177.5492
36254.668	 19.5433	 -78.4938
36746.562	 20.3421	 23.2785
37245.129	 20.5359	 119.2657
37750.461	 20.1773	 153.9810
38262.652	 18.5016	 77.0077
38781.789	 15.2102	 149.4867
39307.969	 12.3615	 -24.8741
39841.289	 10.5814	 -52.5549
40381.848	 9.7688	 70.0786
40929.738	 9.2890	 17.4758
41485.062	 8.2325	 -107.8657
42047.922	 7.2193	 86.5908
42618.414	 7.1734	 -155.7445
43196.652	 7.1978	 -53.5416
43782.730	 7.2015	 24.3235
