    2.711	 18.7177	 -136.9495
    2.748	 18.8184	 -136.9495
    2.785	 18.9706	 -137.3013
    2.823	 19.1269	 -137.4793
    2.861	 19.2849	 -137.8351
    2.900	 19.4446	 -138.1950
    2.939	 19.6059	 -138.5589
    2.979	 19.7689	 -138.9269
    3.020	 19.9336	 -139.2989
    3.061	 20.0999	 -139.6749
    3.102	 20.2679	 -140.0549
    3.144	 20.4376	 -140.4389
    3.187	 20.6089	 -140.8268
    3.230	 20.7819	 -141.2188
    3.274	 20.9565	 -141.6146
    3.319	 21.1327	 -142.0143
    3.364	 21.3106	 -142.4179
    3.409	 21.4901	 -142.8253
    3.455	 21.6712	 -143.2364
    3.502	 21.8539	 -143.6513
    3.550	 22.0382	 -144.0698
    3.598	 22.2240	 -144.4919
    3.647	 22.4114	 -144.9176
    3.696	 22.6003	 -145.3466
    3.746	 22.7907	 -145.7791
    3.797	 22.9826	 -146.2148
    3.849	 23.1759	 -146.6537
    3.901	 23.3706	 -147.0957
    3.954	 23.5667	 -147.5406
    4.008	 23.7641	 -147.9883
    4.062	 23.9629	 -148.4387
    4.117	 24.1629	 -148.8917
    4.173	 24.3641	 -149.3470
    4.230	 24.5665	 -149.8046
    4.287	 24.7700	 -150.2642
    4.345	 24.9746	 -150.7257
    4.404	 25.1802	 -151.1888
    4.464	 25.3868	 -151.6534
    4.524	 25.5942	 -152.1191
    4.586	 25.8025	 -152.5859
    4.648	 26.0114	 -153.0533
    4.711	 26.2211	 -153.5211
    4.775	 26.4313	 -153.9891
    4.840	 26.6421	 -154.4569
    4.905	 26.8532	 -154.9241
    4.972	 27.0646	 -155.3905
    5.039	 27.2762	 -155.8557
    5.108	 27.4879	 -156.3192
    5.177	 27.6996	 -156.7806
    5.247	 27.9111	 -157.2396
    5.319	 28.1223	 -157.6966
    5.391	 28.3334	 -158.1527
    5.464	 28.5451	 -158.6093
    5.538	 28.7577	 -159.0675
    5.613	 28.9716	 -159.5289
    5.689	 29.1867	 -159.9940
    5.766	 29.4029	 -160.4628
    5.845	 29.6202	 -160.9353
    5.924	 29.8387	 -161.4115
    6.004	 30.0582	 -161.8913
    6.086	 30.2787	 -162.3747
    6.168	 30.5002	 -162.8617
    6.252	 30.7226	 -163.3523
    6.337	 30.9459	 -163.8464
    6.423	 31.1700	 -164.3439
    6.510	 31.3950	 -164.8450
    6.598	 31.6207	 -165.3493
    6.688	 31.8470	 -165.8571
    6.779	 32.0740	 -166.3681
    6.871	 32.3016	 -166.8824
    6.964	 32.5297	 -167.3999
    7.058	 32.7583	 -167.9204
    7.154	 32.9872	 -168.4441
    7.251	 33.2165	 -168.9707
    7.350	 33.4460	 -169.5003
    7.449	 33.6757	 -170.0327
    7.550	 33.9054	 -170.5679
    7.653	 34.1352	 -171.1058
    7.757	 34.3649	 -171.6462
    7.862	 34.5945	 -172.1892
    7.969	 34.8239	 -172.7350
    8.077	 35.0540	 -173.2843
    8.186	 35.2859	 -173.8378
    8.297	 35.5192	 -174.3962
    8.410	 35.7534	 -174.9601
    8.524	 35.9883	 -175.5299
    8.640	 36.2238	 -176.1055
    8.757	 36.4599	 -176.6870
    8.876	 36.6966	 -177.2745
    8.996	 36.9337	 -177.8678
    9.118	 37.1712	 -178.4672
    9.242	 37.4091	 -179.0726
    9.367	 37.6472	 -179.6839
    9.494	 37.8855	 179.6986
    9.623	 38.1239	 179.0751
    9.754	 38.3623	 178.4455
    9.886	 38.6006	 177.8098
   10.020	 38.7749	 177.1680
   10.156	 39.0128	 176.5201
   10.294	 39.2503	 175.8660
   10.434	 39.4873	 175.2058
   10.575	 39.7238	 174.5384
   10.719	 39.9600	 173.8629
   10.864	 40.1964	 173.1793
   11.011	 40.4332	 172.4870
   11.161	 40.6703	 171.7860
   11.312	 40.9074	 171.0768
   11.466	 41.1445	 170.3600
   11.621	 41.3814	 169.6354
   11.779	 41.6182	 168.9031
   11.939	 41.8545	 168.1629
   12.101	 42.0905	 167.4149
   12.265	 42.3259	 166.6589
   12.431	 42.5607	 165.8950
   12.600	 42.7948	 165.1231
   12.771	 43.0279	 164.3431
   12.944	 43.2601	 163.5550
   13.120	 43.4911	 162.7587
   13.298	 43.7209	 161.9529
   13.478	 43.9497	 161.1378
   13.661	 44.1777	 160.3132
   13.847	 44.4051	 159.4793
   14.034	 44.6318	 158.6363
   14.225	 44.8576	 157.7852
   14.418	 45.0825	 156.9260
   14.613	 45.3064	 156.0587
   14.812	 45.5290	 155.1833
   15.013	 45.7503	 154.2998
   15.216	 45.9701	 153.4081
   15.423	 46.1883	 152.5084
   15.632	 46.4048	 151.6005
   15.844	 46.6193	 150.6847
   16.059	 46.8318	 149.7616
   16.277	 47.0422	 148.8317
   16.498	 47.2509	 147.8957
   16.722	 47.4582	 146.9541
   16.949	 47.6640	 146.0074
   17.178	 47.8682	 145.0557
   17.412	 48.0707	 144.0992
   17.648	 48.2713	 143.1378
   17.887	 48.4698	 142.1720
   18.130	 48.6661	 141.2016
   18.376	 48.8600	 140.2274
   18.625	 49.0513	 139.2508
   18.878	 49.2397	 138.2731
   19.134	 49.4254	 137.2953
   19.394	 49.6091	 136.3183
   19.657	 49.7913	 135.3432
   19.924	 49.9718	 134.3696
   20.194	 50.1506	 133.3977
   20.468	 50.3273	 132.4281
   20.746	 50.5020	 131.4611
   21.027	 50.6745	 130.4980
   21.312	 50.8443	 129.5414
   21.601	 51.0112	 128.5921
   21.895	 51.1756	 127.6509
   22.192	 51.3388	 126.7186
   22.493	 51.5013	 125.7955
   22.798	 51.6632	 124.8803
   23.107	 51.8243	 123.9736
   23.421	 51.9845	 123.0762
   23.738	 52.1438	 122.1908
   24.061	 52.3017	 121.3193
   24.387	 52.4581	 120.4608
   24.718	 52.6140	 119.6145
   25.053	 52.7707	 118.7795
   25.393	 52.9285	 117.9529
   25.738	 53.0875	 117.1325
   26.087	 53.2477	 116.3189
   26.441	 53.4090	 115.5168
   26.800	 53.5717	 114.7257
   27.163	 53.7361	 113.9426
   27.532	 53.9023	 113.1643
   27.905	 54.0704	 112.3870
   28.284	 54.2403	 111.6025
   28.668	 54.4121	 110.8073
   29.057	 54.5857	 110.0006
   29.451	 54.7614	 109.1821
   29.850	 54.9394	 108.3512
   30.255	 55.1197	 107.5079
   30.666	 55.3019	 106.6521
   31.082	 55.4859	 105.7834
   31.504	 55.6717	 104.9001
   31.931	 55.8591	 103.9937
   32.364	 56.0472	 103.0625
   32.803	 56.2346	 102.1047
   33.248	 56.4213	 101.1181
   33.700	 56.6074	 100.1020
   34.157	 56.7930	 99.0624
   34.620	 56.9776	 97.9980
   35.090	 57.1600	 96.9080
   35.566	 57.3391	 95.7928
   36.049	 57.5152	 94.6550
   36.538	 57.6888	 93.4986
   37.033	 57.8596	 92.3283
   37.536	 58.0269	 91.1481
   38.045	 58.1899	 89.9608
   38.561	 58.3497	 88.7679
   39.085	 58.5074	 87.5691
   39.615	 58.6633	 86.3691
   40.152	 58.8167	 85.1718
   40.697	 58.9674	 83.9774
   41.249	 59.1170	 82.7862
   41.809	 59.2676	 81.5984
   42.376	 59.4203	 80.4082
   42.951	 59.5756	 79.2145
   43.534	 59.7335	 78.0165
   44.124	 59.8937	 76.8098
   44.723	 60.0566	 75.5858
   45.330	 60.2223	 74.3347
   45.945	 60.3915	 73.0441
   46.568	 60.5652	 71.7040
   47.200	 60.7428	 70.3070
   47.841	 60.9224	 68.8386
   48.490	 61.1013	 67.2933
   49.148	 61.2777	 65.6642
   49.814	 61.4504	 63.9436
   50.490	 61.6191	 62.1174
   51.175	 61.7800	 60.1956
   51.870	 61.9279	 58.1815
   52.573	 62.0604	 56.0800
   53.287	 62.1770	 53.8947
   54.010	 62.2740	 51.6387
   54.742	 62.3471	 49.3246
   55.485	 62.3946	 46.9742
   56.238	 62.4149	 44.6087
   57.001	 62.4049	 42.2544
   57.774	 62.3637	 39.9391
   58.558	 62.2908	 37.7079
   59.353	 62.1838	 35.5950
   60.158	 62.0442	 33.6359
   60.974	 61.8801	 31.8937
   61.802	 61.6972	 30.4245
   62.640	 61.4955	 29.2546
   63.490	 61.2799	 28.4500
   64.351	 61.0694	 28.0275
   65.224	 60.8862	 27.9569
   66.109	 60.7405	 28.2035
   67.006	 60.6447	 28.7449
   67.915	 60.6190	 29.4589
   68.837	 60.6707	 30.2113
   69.771	 60.8005	 30.8966
   70.718	 61.0029	 31.4162
   71.677	 61.2533	 31.6117
   72.649	 61.5299	 31.4259
   73.635	 61.8258	 30.8533
   74.634	 62.1287	 29.8925
   75.647	 62.4168	 28.5705
   76.673	 62.6762	 26.9628
   77.714	 62.9029	 25.1168
   78.768	 63.0932	 23.1188
   79.837	 63.2458	 21.0420
   80.920	 63.3626	 18.9344
   82.018	 63.4492	 16.8600
   83.130	 63.5151	 14.8670
   84.258	 63.5669	 12.9679
   85.402	 63.6135	 11.1740
   86.560	 63.6679	 9.4608
   87.735	 63.7376	 7.7787
   88.925	 63.8272	 6.0786
   90.132	 63.9380	 4.2833
   91.354	 64.0625	 2.3140
   92.594	 64.1942	 0.1159
   93.850	 64.3236	 -2.3445
   95.124	 64.4331	 -5.0978
   96.414	 64.5067	 -8.1150
   97.722	 64.5311	 -11.3372
   99.048	 64.4938	 -14.6952
  100.392	 64.3864	 -18.0997
  101.754	 64.2042	 -21.4177
  103.135	 63.9484	 -24.5230
  104.534	 63.6272	 -27.2984
  105.952	 63.2549	 -29.6083
  107.390	 62.8582	 -31.3833
  108.847	 62.4672	 -32.5927
  110.324	 62.1095	 -33.3336
  111.821	 61.8155	 -33.7279
  113.338	 61.6006	 -33.9438
  114.875	 61.4585	 -34.1543
  116.434	 61.3690	 -34.5231
  118.014	 61.3030	 -35.0748
  119.615	 61.2389	 -35.8191
  121.238	 61.1658	 -36.7230
  122.883	 61.0809	 -37.7134
  124.550	 60.9885	 -38.7443
  126.240	 60.8957	 -39.8082
  127.953	 60.8058	 -40.9157
  129.689	 60.7153	 -42.0826
  131.448	 60.6147	 -43.3135
  133.232	 60.4933	 -44.5704
  135.039	 60.3454	 -45.7964
  136.872	 60.1757	 -46.9304
  138.729	 59.9963	 -47.9427
  140.611	 59.8207	 -48.8375
  142.519	 59.6584	 -49.6474
  144.452	 59.5065	 -50.4130
  146.412	 59.3514	 -51.1271
  148.399	 59.1822	 -51.7357
  150.412	 59.0027	 -52.1837
  152.453	 58.8366	 -52.4588
  154.521	 58.7172	 -52.6344
  156.618	 58.6646	 -52.8749
  158.743	 58.6652	 -53.3464
  160.896	 58.6754	 -54.1052
  163.079	 58.6458	 -55.1103
  165.292	 58.5511	 -56.1947
  167.535	 58.4059	 -57.1802
  169.808	 58.2541	 -58.0191
  172.112	 58.1407	 -58.7991
  174.447	 58.0671	 -59.6067
  176.814	 57.9850	 -60.4904
  179.213	 57.8420	 -61.3344
  181.644	 57.6282	 -61.9492
  184.109	 57.3945	 -62.2145
  186.607	 57.2243	 -62.2274
  189.138	 57.1589	 -62.1303
  191.705	 57.1524	 -62.0650
  194.306	 57.1217	 -61.9661
  196.942	 57.0376	 -61.7124
  199.614	 56.9739	 -61.2594
  202.322	 57.0628	 -60.8351
  205.067	 57.3506	 -60.7768
  207.850	 57.7389	 -61.4335
  210.670	 58.0887	 -62.9812
  213.528	 58.3274	 -65.3421
  216.425	 58.4631	 -68.2516
  219.362	 58.5266	 -71.4413
  222.338	 58.5165	 -74.7156
  225.354	 58.4023	 -77.8853
  228.412	 58.1763	 -80.8094
  231.511	 57.8869	 -83.4274
  234.652	 57.6010	 -85.7355
  237.836	 57.3291	 -87.7057
  241.063	 57.0187	 -89.2549
  244.333	 56.6386	 -90.3018
  247.648	 56.2510	 -90.8317
  251.008	 55.9726	 -90.9556
  254.414	 55.8626	 -90.9487
  257.866	 55.8832	 -91.2688
  261.365	 55.9478	 -92.2205
  264.911	 55.9563	 -93.6880
  268.505	 55.8239	 -95.1806
  272.148	 55.5564	 -96.3865
  275.840	 55.2913	 -97.2682
  279.583	 55.1723	 -97.8582
  283.376	 55.1749	 -98.2561
  287.221	 55.1989	 -98.9202
  291.118	 55.2418	 -100.2422
  295.068	 55.3118	 -102.0322
  299.071	 55.2965	 -103.7721
  303.129	 55.1122	 -105.2999
  307.242	 54.8806	 -106.6627
  311.410	 54.7829	 -107.6381
  315.635	 54.8256	 -108.3282
  319.918	 54.9634	 -109.5887
  324.258	 55.1982	 -111.9049
  328.658	 55.3931	 -114.7870
  333.117	 55.3420	 -117.7503
  337.637	 55.0737	 -120.8540
  342.217	 54.8380	 -123.9131
  346.861	 54.7327	 -126.6439
  351.567	 54.6006	 -129.2594
  356.337	 54.3084	 -131.7707
  361.171	 53.8381	 -133.3919
  366.072	 53.3012	 -133.9490
  371.038	 53.0043	 -134.1021
  376.073	 53.1355	 -134.3948
  381.175	 53.4510	 -135.3790
  386.347	 53.6353	 -137.4015
  391.589	 53.5765	 -140.0928
  396.902	 53.2760	 -142.1332
  402.287	 52.8480	 -143.1761
  407.745	 52.6303	 -143.8161
  413.277	 52.7696	 -144.0605
  418.884	 52.9511	 -143.9811
  424.567	 53.0761	 -144.7268
  430.328	 53.3716	 -146.3871
  436.166	 53.8408	 -148.6393
  442.084	 54.2807	 -152.1529
  448.082	 54.5005	 -156.3985
  454.162	 54.3635	 -160.1812
  460.324	 53.9480	 -162.4923
  466.569	 53.6186	 -163.9639
  472.900	 53.8981	 -165.0392
  479.316	 54.7064	 -167.4634
  485.819	 55.4334	 -171.2085
  492.410	 55.7559	 -176.9802
  499.091	 55.5923	 177.2925
  505.863	 55.1001	 172.0266
  512.726	 54.7111	 168.8572
  519.683	 54.3898	 169.4388
  526.734	 54.0247	 172.8254
  533.880	 55.0591	 174.5231
  541.124	 58.7029	 170.1151
  548.466	 62.4221	 154.9865
  555.907	 64.2814	 130.3400
  563.450	 63.7726	 102.0744
  571.094	 60.8041	 71.5682
  578.843	 55.9406	 48.1227
  586.696	 51.1329	 38.7128
  594.656	 45.8581	 30.5479
  602.725	 39.8748	 1.3902
  610.902	 35.8866	 -33.0329
  619.191	 39.9150	 -71.3810
  627.592	 44.0594	 -115.3637
  636.107	 46.5223	 -154.6678
  644.737	 47.8194	 -170.9460
  653.485	 48.5880	 -179.0496
  662.351	 49.5900	 174.5931
  671.338	 50.6950	 169.5003
  680.446	 51.1940	 165.9428
  689.679	 51.2107	 161.7810
  699.036	 51.5699	 157.1641
  708.520	 52.3302	 152.9531
  718.133	 52.7258	 149.9086
  727.877	 52.5643	 146.8528
  737.752	 52.5315	 142.7908
  747.762	 53.1972	 138.1768
  757.908	 53.8538	 134.3593
  768.191	 53.7199	 131.5125
  778.613	 53.0910	 127.2990
  789.177	 53.1297	 122.8636
  799.885	 53.6747	 119.7341
  810.737	 53.7425	 116.9414
  821.737	 53.3250	 113.1379
  832.886	 52.9507	 109.4038
  844.187	 53.0045	 106.3491
  855.640	 53.2229	 103.6642
  867.249	 53.2444	 99.1785
  879.016	 53.0588	 94.5484
  890.942	 52.5084	 92.1893
  903.030	 51.6410	 92.1001
  915.282	 51.4751	 89.6531
  927.701	 52.7188	 85.0357
  940.288	 53.8063	 77.6105
  953.045	 53.5448	 68.9985
  965.976	 51.8780	 61.2164
  979.082	 49.4128	 57.6544
  992.366	 47.4781	 58.5865
 1005.830	 47.0047	 62.4355
 1019.477	 46.9960	 66.4300
 1033.309	 47.0023	 67.3610
 1047.328	 47.2175	 65.5156
 1061.538	 47.3960	 62.3043
 1075.941	 46.9940	 60.6163
 1090.539	 45.8700	 60.7279
 1105.335	 44.8192	 60.4882
 1120.332	 45.0686	 61.7578
 1135.533	 45.6782	 63.1971
 1150.939	 46.1667	 59.4447
 1166.555	 46.7559	 51.6961
 1182.382	 46.6465	 44.7040
 1198.425	 45.4461	 39.0596
 1214.685	 43.7092	 36.0254
 1231.165	 42.7838	 30.9335
 1247.869	 43.3370	 26.4073
 1264.800	 43.2279	 26.8935
 1281.960	 41.3064	 27.4376
 1299.354	 39.9594	 20.3353
 1316.983	 41.5063	 15.3430
 1334.852	 41.9345	 15.9951
 1352.962	 40.0852	 12.5144
 1371.319	 37.3133	 10.8868
 1389.925	 36.8154	 12.6045
 1408.783	 38.3060	 15.4428
 1427.897	 39.7270	 13.2886
 1447.270	 40.3406	 9.0058
 1466.906	 40.9184	 -3.5399
 1486.809	 42.2969	 -20.3023
 1506.982	 42.7269	 -33.1896
 1527.428	 40.8832	 -43.5246
 1548.152	 37.2125	 -50.4452
 1569.157	 35.3515	 -52.5577
 1590.447	 35.3635	 -48.2714
 1612.025	 35.4882	 -43.8833
 1633.897	 35.6648	 -42.4831
 1656.065	 36.7542	 -46.8818
 1678.534	 38.2782	 -54.9027
 1701.308	 38.8323	 -63.0981
 1724.391	 37.7881	 -72.6980
 1747.787	 35.4682	 -77.9938
 1771.501	 32.5779	 -65.4557
 1795.536	 31.8079	 -54.1201
 1819.897	 36.9288	 -51.0618
 1844.589	 40.2504	 -50.8649
 1869.616	 40.7912	 -53.9726
 1894.983	 39.4566	 -70.7698
 1920.693	 38.2968	 -87.7553
 1946.753	 38.5519	 -99.7493
 1973.166	 38.3779	 -106.5861
 1999.937	 36.4062	 -110.0366
 2027.072	 33.5765	 -116.5217
 2054.574	 33.0677	 -119.8700
 2082.450	 33.1922	 -123.7234
 2110.705	 32.5351	 -134.8087
 2139.342	 31.2803	 -145.9232
 2168.368	 28.4237	 -145.4461
 2197.788	 23.4384	 -144.3635
 2227.607	 19.5716	 -141.4337
 2257.831	 19.7763	 -137.3892
 2288.464	 18.3448	 -155.3718
 2319.514	 14.6604	 164.9971
 2350.984	 17.6283	 121.5543
 2382.882	 22.1936	 79.0796
 2415.212	 25.5357	 33.8118
 2447.981	 29.5571	 3.9748
 2481.195	 31.6595	 -12.4563
 2514.859	 31.7744	 -22.7523
 2548.980	 32.7185	 -34.7013
 2583.563	 35.5884	 -44.6522
 2618.617	 37.6293	 -52.1248
 2654.146	 39.2232	 -65.3487
 2690.156	 41.1555	 -83.1391
 2726.656	 41.8744	 -98.6362
 2763.650	 41.0300	 -109.2474
 2801.146	 40.6696	 -123.3922
 2839.152	 42.0408	 -135.6598
 2877.673	 42.9610	 -147.1779
 2916.716	 42.7460	 -162.7877
 2956.289	 42.0667	 179.7789
 2996.400	 40.9599	 166.7506
 3037.054	 38.6146	 156.6068
 3078.260	 35.6831	 151.4041
 3120.025	 33.3802	 155.3432
 3162.357	 31.2575	 161.3760
 3205.263	 30.3982	 169.5168
 3248.751	 31.7080	 172.7065
 3292.829	 33.6594	 171.5133
 3337.505	 34.2510	 165.9099
 3382.788	 33.3079	 160.3384
 3428.685	 31.7039	 157.7457
 3475.204	 30.9934	 157.0596
 3522.355	 33.3239	 153.6835
 3570.145	 34.9940	 149.5848
 3618.584	 34.6734	 141.0361
 3667.680	 33.9666	 129.8424
 3717.442	 34.8976	 113.4639
 3767.879	 35.6686	 103.8424
 3819.001	 35.3375	 87.9022
 3870.816	 34.5979	 73.9482
 3923.334	 34.1351	 14.1209
 3976.565	 33.8589	 -85.4544
 4030.518	 33.1917	 113.3271
 4085.203	 31.6878	 -56.7231
 4140.630	 29.9062	 136.0507
 4196.809	 27.3723	 -10.6264
 4253.750	 26.9017	 -116.9291
 4311.464	 28.8539	 170.4216
 4369.961	 30.3762	 102.8206
 4429.251	 30.5626	 17.7956
 4489.346	 29.2839	 -122.7905
 4550.257	 28.0465	 35.5583
 4611.993	 27.7818	 166.2071
 4674.568	 27.2302	 -69.9732
 4737.991	 27.6377	 57.3047
 4802.275	 29.4140	 -113.6752
 4867.431	 30.0456	 94.5984
 4933.471	 28.0697	 -89.8145
 5000.407	 23.8814	 66.3163
 5068.251	 20.5449	 177.8421
 5137.016	 18.1668	 -65.0132
 5206.713	 14.8016	 92.5002
 5277.357	 18.0286	 -50.9718
 5348.959	 20.1583	 160.3958
 5421.532	 19.5763	 47.9467
 5495.090	 17.8247	 -93.8730
 5569.646	 17.0584	 112.7278
 5645.213	 16.1249	 -24.6122
 5721.806	 14.8383	 -169.4406
 5799.438	 13.7305	 8.1263
 5878.124	 14.3251	 -151.1446
 5957.876	 16.4481	 63.2467
 6038.711	 17.0620	 -65.1110
 6120.643	 15.3218	 -136.9187
 6203.686	 14.4039	 -163.0268
 6287.856	 17.3211	 -176.1058
 6373.168	 18.8921	 150.7176
 6459.638	 17.9152	 83.9697
 6547.280	 15.0833	 2.2618
 6636.112	 14.4972	 -72.0738
 6726.149	 15.7543	 -141.8768
 6817.408	 15.6043	 168.8611
 6909.905	 14.8492	 103.8009
 7003.657	 13.5038	 33.9324
 7098.680	 10.2707	 -30.6793
 7194.993	 10.3770	 -102.5718
 7292.613	 14.1297	 -172.2471
 7391.558	 15.7382	 153.6540
 7491.844	 16.1677	 125.4012
 7593.492	 15.5734	 100.7741
 7696.518	 12.9580	 75.5542
 7800.942	 8.7554	 54.2667
 7906.784	 7.1427	 34.1158
 8014.061	 7.6754	 8.8671
 8122.793	 9.0968	 -26.7251
 8233.002	 9.0739	 -85.4765
 8344.705	 6.7503	 134.2242
 8457.924	 3.1968	 -67.3541
 8572.679	 2.4269	 15.1938
 8688.990	 2.1676	 -29.1840
 8806.880	 7.0838	 -91.9318
 8926.370	 15.8031	 -94.7602
 9047.480	 18.0844	 -35.9101
 9170.234	 15.4763	 41.7296
 9294.653	 5.5097	 -147.9333
 9420.761	 0.5039	 0.1818
 9548.579	 0.9197	 117.1084
 9678.132	 2.2466	 -166.6970
 9809.442	 3.9861	 -39.9848
 9942.534	 5.1416	 112.9912
10077.433	 4.2958	 -78.1203
10214.160	 2.3407	 76.4092
10352.743	 2.0285	 -117.7264
10493.207	 2.1624	 58.4700
10635.576	 1.5319	 -128.3681
10779.877	 1.7095	 -33.7903
10926.135	 2.1000	 -73.4340
11074.378	 1.0793	 110.7006
11224.632	 -0.3652	 -140.8297
11376.925	 0.2901	 -109.2822
11531.284	 1.4147	 -57.4561
11687.738	 1.0231	 116.1218
11846.314	 -1.0698	 28.0421
12007.042	 -2.0035	 -38.2718
12169.950	 -0.9427	 -109.2998
12335.069	 -0.8342	 -151.7009
12502.428	 -2.4129	 12.1446
12672.058	 -4.6668	 79.0518
12843.989	 -6.7061	 -43.8700
13018.253	 -8.5410	 -149.8416
13194.881	 -8.9614	 106.4896
13373.905	 -8.2314	 -68.8497
13555.359	 -8.0995	 134.5046
13739.275	 -8.1226	 -138.6463
13925.686	 -6.3854	 17.5215
14114.626	 -2.5622	 -173.3104
14306.130	 -0.6880	 169.8240
14500.231	 -0.9729	 -159.8505
14696.967	 -1.6135	 -138.1139
14896.371	 -2.3126	 -135.7334
15098.481	 -3.3061	 36.5891
15303.334	 -3.6093	 66.0672
15510.966	 -4.9283	 -120.9120
15721.414	 -7.1858	 106.4696
15934.719	 -7.5209	 108.7316
16150.916	 -7.0508	 -131.2500
16370.048	 -5.9998	 -31.3956
16592.152	 -5.5720	 130.5420
16817.270	 -6.8336	 29.9496
17045.443	 -7.8514	 125.6190
17276.711	 -7.0239	 -61.3602
17511.117	 -5.8190	 -109.5062
17748.703	 -4.9538	 62.1273
17989.514	 -4.9433	 75.0899
18233.590	 -3.5285	 29.0011
18480.979	 -2.7660	 -173.4560
18731.725	 -5.2273	 -2.7723
18985.871	 -10.6968	 -63.5877
19243.467	 -12.2701	 18.3307
19504.557	 -11.9679	 -49.8001
19769.189	 -11.6080	 -111.9230
20037.412	 -11.1624	 -150.2694
20309.275	 -10.5251	 -2.3556
20584.826	 -10.1524	 -143.2032
20864.115	 -10.1864	 47.3783
21147.195	 -10.9020	 38.7114
21434.113	 -11.6770	 -131.5475
21724.926	 -11.9540	 -172.0596
22019.686	 -11.9503	 26.1514
22318.441	 -10.6453	 110.7510
22621.254	 -9.7676	 -57.7513
22928.172	 -10.2524	 160.7436
23239.256	 -10.8830	 143.0903
23554.561	 -10.8271	 96.3405
23874.143	 -11.1474	 -21.0859
24198.061	 -11.4995	 -133.0359
24526.373	 -10.9156	 170.7293
24859.141	 -10.1894	 -147.7709
25196.424	 -10.0594	 -109.5443
25538.281	 -10.1944	 -39.5364
25884.779	 -10.1134	 -130.4491
26235.977	 -9.9206	 -54.3714
26591.939	 -10.0816	 16.2160
26952.732	 -10.4477	 98.0359
27318.420	 -10.6696	 -97.4738
27689.068	 -10.7337	 84.1381
28064.746	 -10.4769	 -93.9712
28445.521	 -10.4937	 -30.6448
28831.463	 -10.5591	 99.4465
29222.641	 -9.9391	 -44.7575
29619.127	 -9.4340	 70.0016
30020.992	 -9.3865	 -56.4372
30428.309	 -9.4358	 144.5873
30841.152	 -9.3713	 -56.5067
31259.596	 -9.4088	 -33.8741
31683.719	 -9.4945	 -53.5558
32113.596	 -8.9691	 37.3673
32549.305	 -6.9323	 110.6514
32990.926	 -5.4520	 62.4896
33438.535	 -5.7644	 132.2626
33892.223	 -6.4709	 -111.7474
34352.062	 -6.1964	 134.0944
34818.145	 -6.2251	 6.8852
35290.547	 -8.8821	 60.0961
35769.359	 -8.8468	 -71.5055
36254.668	 -8.7590	 169.5093
36746.562	 -8.9030	 127.9350
37245.129	 -4.5723	 7.0054
37750.461	 1.8187	 -12.6224
38262.652	 3.4658	 -161.0818
38781.789	 0.4047	 124.5684
39307.969	 -11.2065	 129.3630
39841.289	 -15.8813	 -69.4281
40381.848	 -19.1297	 -44.5794
40929.738	 -22.7421	 -35.9053
41485.062	 -25.3383	 123.8086
42047.922	 -26.9009	 166.6888
42618.414	 -27.3188	 27.7748
43196.652	 -27.4429	 -141.0749
43782.730	 -27.4581	 147.1526
