* Frequency[Hz]	Magnitude[dB]	Phase[deg]
20.042518	80.002459	0.563497
20.132777	80.002481	0.566032
20.223442	80.002503	0.568579
20.314516	80.002526	0.571137
20.406000	80.002549	0.573707
20.497895	80.002572	0.576288
20.590205	80.002595	0.578881
20.682930	80.002618	0.581486
20.776073	80.002642	0.584102
20.869636	80.002666	0.586730
20.963620	80.002690	0.589370
21.058027	80.002714	0.592021
21.152859	80.002739	0.594685
21.248118	80.002763	0.597360
21.343806	80.002788	0.600048
21.439925	80.002813	0.602747
21.536477	80.002839	0.605459
21.633464	80.002864	0.608183
21.730887	80.002890	0.610919
21.828750	80.002916	0.613667
21.927053	80.002943	0.616428
22.025798	80.002969	0.619201
22.124989	80.002996	0.621987
22.224626	80.003023	0.624785
22.324711	80.003050	0.627595
22.425248	80.003078	0.630419
22.526237	80.003106	0.633255
22.627681	80.003134	0.636103
22.729582	80.003162	0.638965
22.831942	80.003191	0.641839
22.934763	80.003219	0.644726
23.038046	80.003248	0.647626
23.141795	80.003278	0.650539
23.246011	80.003307	0.653465
23.350697	80.003337	0.656405
23.455854	80.003367	0.659357
23.561484	80.003398	0.662323
23.667590	80.003428	0.665302
23.774174	80.003459	0.668295
23.881238	80.003491	0.671300
23.988784	80.003522	0.674320
24.096815	80.003554	0.677353
24.205332	80.003586	0.680399
24.314337	80.003618	0.683459
24.423834	80.003651	0.686533
24.533823	80.003684	0.689621
24.644308	80.003717	0.692723
24.755291	80.003751	0.695838
24.866773	80.003785	0.698967
24.978757	80.003819	0.702111
25.091246	80.003853	0.705268
25.204241	80.003888	0.708440
25.317745	80.003923	0.711626
25.431760	80.003958	0.714826
25.546289	80.003994	0.718041
25.661334	80.004030	0.721270
25.776896	80.004067	0.724513
25.892979	80.004103	0.727771
26.009585	80.004140	0.731044
26.126716	80.004178	0.734331
26.244374	80.004215	0.737633
26.362562	80.004253	0.740950
26.481283	80.004292	0.744282
26.600538	80.004331	0.747629
26.720330	80.004370	0.750990
26.840661	80.004409	0.754367
26.961535	80.004449	0.757759
27.082953	80.004489	0.761166
27.204917	80.004530	0.764588
27.327431	80.004571	0.768026
27.450497	80.004612	0.771479
27.574116	80.004653	0.774948
27.698293	80.004695	0.778432
27.823029	80.004738	0.781931
27.948326	80.004781	0.785447
28.074188	80.004824	0.788978
28.200616	80.004867	0.792525
28.327614	80.004911	0.796088
28.455184	80.004955	0.799667
28.583328	80.005000	0.803261
28.712050	80.005045	0.806872
28.841351	80.005091	0.810499
28.971234	80.005137	0.814143
29.101702	80.005183	0.817803
29.232758	80.005230	0.821479
29.364404	80.005277	0.825171
29.496643	80.005325	0.828880
29.629477	80.005373	0.832606
29.762910	80.005421	0.836348
29.896943	80.005470	0.840107
30.031580	80.005520	0.843883
30.166824	80.005570	0.847676
30.302676	80.005620	0.851486
30.439140	80.005670	0.855313
30.576219	80.005722	0.859157
30.713915	80.005773	0.863018
30.852231	80.005825	0.866897
30.991170	80.005878	0.870792
31.130735	80.005931	0.874706
31.270928	80.005985	0.878636
31.411753	80.006039	0.882585
31.553212	80.006093	0.886551
31.695308	80.006148	0.890535
31.838043	80.006204	0.894536
31.981422	80.006260	0.898556
32.125446	80.006316	0.902593
32.270119	80.006373	0.906649
32.415443	80.006431	0.910723
32.561422	80.006489	0.914815
32.708058	80.006547	0.918925
32.855355	80.006606	0.923053
33.003315	80.006666	0.927200
33.151941	80.006726	0.931366
33.301237	80.006787	0.935550
33.451204	80.006848	0.939753
33.601848	80.006910	0.943975
33.753169	80.006972	0.948216
33.905172	80.007035	0.952475
34.057860	80.007099	0.956754
34.211235	80.007163	0.961051
34.365301	80.007227	0.965368
34.520061	80.007293	0.969704
34.675518	80.007358	0.974060
34.831674	80.007425	0.978435
34.988534	80.007492	0.982830
35.146101	80.007560	0.987244
35.304377	80.007628	0.991678
35.463365	80.007697	0.996132
35.623070	80.007766	1.000605
35.783494	80.007836	1.005099
35.944640	80.007907	1.009613
36.106512	80.007978	1.014146
36.269114	80.008050	1.018700
36.432447	80.008123	1.023275
36.596516	80.008196	1.027870
36.761323	80.008270	1.032485
36.926873	80.008345	1.037121
37.093169	80.008420	1.041778
37.260213	80.008496	1.046455
37.428010	80.008573	1.051153
37.596562	80.008650	1.055873
37.765873	80.008728	1.060613
37.935947	80.008807	1.065374
38.106787	80.008887	1.070157
38.278396	80.008967	1.074961
38.450778	80.009048	1.079787
38.623936	80.009129	1.084634
38.797874	80.009212	1.089502
38.972595	80.009295	1.094392
39.148103	80.009379	1.099305
39.324402	80.009463	1.104239
39.501494	80.009549	1.109195
39.679384	80.009635	1.114173
39.858075	80.009722	1.119173
40.037571	80.009810	1.124195
40.217875	80.009898	1.129240
40.398991	80.009988	1.134308
40.580922	80.010078	1.139398
40.763673	80.010169	1.144511
40.947247	80.010260	1.149646
41.131648	80.010353	1.154804
41.316879	80.010446	1.159986
41.502944	80.010541	1.165190
41.689848	80.010636	1.170417
41.877593	80.010732	1.175668
42.066183	80.010829	1.180942
42.255623	80.010926	1.186240
42.445915	80.011025	1.191561
42.637065	80.011125	1.196906
42.829076	80.011225	1.202275
43.021951	80.011326	1.207668
43.215695	80.011428	1.213084
43.410311	80.011532	1.218525
43.605804	80.011636	1.223990
43.802177	80.011741	1.229479
43.999435	80.011847	1.234992
44.197580	80.011954	1.240530
44.396619	80.012061	1.246093
44.596553	80.012170	1.251681
44.797388	80.012280	1.257293
44.999127	80.012391	1.262930
45.201775	80.012503	1.268592
45.405335	80.012616	1.274280
45.609813	80.012729	1.279992
45.815211	80.012844	1.285730
46.021533	80.012960	1.291494
46.228786	80.013077	1.297283
46.436971	80.013195	1.303098
46.646094	80.013314	1.308939
46.856159	80.013435	1.314805
47.067169	80.013556	1.320698
47.279130	80.013678	1.326617
47.492046	80.013802	1.332562
47.705920	80.013926	1.338533
47.920758	80.014052	1.344531
48.136563	80.014179	1.350555
48.353340	80.014307	1.356607
48.571093	80.014436	1.362685
48.789826	80.014566	1.368790
49.009545	80.014697	1.374922
49.230253	80.014830	1.381081
49.451955	80.014964	1.387267
49.674656	80.015099	1.393481
49.898359	80.015235	1.399723
50.123070	80.015373	1.405992
50.348793	80.015511	1.412289
50.575532	80.015651	1.418614
50.803293	80.015793	1.424966
51.032079	80.015935	1.431347
51.261895	80.016079	1.437756
51.492747	80.016224	1.444194
51.724638	80.016370	1.450660
51.957573	80.016518	1.457154
52.191557	80.016667	1.463678
52.426595	80.016818	1.470230
52.662692	80.016969	1.476811
52.899851	80.017122	1.483421
53.138079	80.017277	1.490061
53.377380	80.017433	1.496729
53.617758	80.017590	1.503428
53.859219	80.017749	1.510156
54.101767	80.017909	1.516913
54.345407	80.018071	1.523701
54.590145	80.018234	1.530518
54.835984	80.018398	1.537365
55.082931	80.018564	1.544243
55.330990	80.018732	1.551151
55.580166	80.018901	1.558090
55.830464	80.019071	1.565059
56.081890	80.019243	1.572059
56.334447	80.019417	1.579089
56.588142	80.019592	1.586151
56.842980	80.019769	1.593244
57.098965	80.019947	1.600368
57.356103	80.020127	1.607524
57.614399	80.020309	1.614711
57.873858	80.020492	1.621929
58.134485	80.020677	1.629180
58.396286	80.020864	1.636462
58.659267	80.021052	1.643777
58.923431	80.021242	1.651123
59.188785	80.021434	1.658502
59.455334	80.021627	1.665914
59.723084	80.021822	1.673358
59.992039	80.022019	1.680834
60.262206	80.022218	1.688344
60.533589	80.022418	1.695887
60.806194	80.022620	1.703462
61.080027	80.022825	1.711071
61.355093	80.023031	1.718714
61.631398	80.023238	1.726390
61.908947	80.023448	1.734100
62.187746	80.023660	1.741843
62.467800	80.023873	1.749621
62.749116	80.024088	1.757432
63.031699	80.024306	1.765278
63.315554	80.024525	1.773159
63.600687	80.024746	1.781073
63.887105	80.024970	1.789023
64.174812	80.025195	1.797007
64.463815	80.025422	1.805027
64.754120	80.025652	1.813081
65.045732	80.025883	1.821171
65.338657	80.026117	1.829296
65.632901	80.026352	1.837457
65.928471	80.026590	1.845653
66.225371	80.026830	1.853885
66.523609	80.027072	1.862153
66.823189	80.027316	1.870458
67.124119	80.027563	1.878798
67.426404	80.027811	1.887175
67.730050	80.028062	1.895589
68.035063	80.028315	1.904039
68.341451	80.028571	1.912527
68.649218	80.028828	1.921051
68.958371	80.029089	1.929612
69.268916	80.029351	1.938211
69.580859	80.029616	1.946847
69.894208	80.029883	1.955521
70.208968	80.030152	1.964233
70.525145	80.030424	1.972983
70.842746	80.030699	1.981770
71.161777	80.030976	1.990596
71.482245	80.031255	1.999461
71.804156	80.031537	2.008364
72.127517	80.031822	2.017305
72.452334	80.032109	2.026286
72.778614	80.032398	2.035305
73.106363	80.032691	2.044364
73.435588	80.032986	2.053462
73.766296	80.033283	2.062600
74.098493	80.033583	2.071777
74.432186	80.033886	2.080994
74.767382	80.034192	2.090251
75.104087	80.034500	2.099548
75.442309	80.034812	2.108885
75.782053	80.035126	2.118263
76.123328	80.035443	2.127682
76.466140	80.035762	2.137141
76.810495	80.036085	2.146641
77.156402	80.036410	2.156182
77.503866	80.036739	2.165765
77.852894	80.037070	2.175388
78.203495	80.037404	2.185054
78.555674	80.037742	2.194761
78.909440	80.038082	2.204510
79.264798	80.038426	2.214301
79.621757	80.038772	2.224135
79.980323	80.039122	2.234010
80.340505	80.039475	2.243929
80.702308	80.039831	2.253890
81.065740	80.040190	2.263894
81.430809	80.040553	2.273941
81.797523	80.040918	2.284031
82.165887	80.041287	2.294165
82.535911	80.041660	2.304342
82.907601	80.042036	2.314563
83.280965	80.042415	2.324827
83.656010	80.042797	2.335136
84.032744	80.043183	2.345489
84.411175	80.043573	2.355887
84.791310	80.043966	2.366329
85.173156	80.044362	2.376816
85.556723	80.044762	2.387347
85.942016	80.045166	2.397924
86.329045	80.045573	2.408546
86.717817	80.045984	2.419214
87.108340	80.046399	2.429927
87.500621	80.046817	2.440685
87.894669	80.047239	2.451490
88.290491	80.047665	2.462341
88.688096	80.048095	2.473238
89.087492	80.048529	2.484182
89.488686	80.048966	2.495172
89.891687	80.049408	2.506209
90.296502	80.049853	2.517293
90.703141	80.050303	2.528424
91.111611	80.050757	2.539602
91.521920	80.051214	2.550828
91.934078	80.051676	2.562102
92.348091	80.052142	2.573423
92.763969	80.052612	2.584793
93.181720	80.053086	2.596211
93.601351	80.053565	2.607677
94.022873	80.054048	2.619191
94.446293	80.054535	2.630755
94.871620	80.055027	2.642367
95.298862	80.055523	2.654028
95.728028	80.056024	2.665739
96.159127	80.056529	2.677499
96.592168	80.057039	2.689308
97.027158	80.057553	2.701168
97.464107	80.058072	2.713077
97.903025	80.058595	2.725037
98.343918	80.059123	2.737046
98.786798	80.059656	2.749107
99.231671	80.060194	2.761218
99.678548	80.060737	2.773380
100.127438	80.061284	2.785592
100.578349	80.061837	2.797857
101.031291	80.062394	2.810172
101.486272	80.062957	2.822539
101.943303	80.063524	2.834958
102.402391	80.064097	2.847429
102.863547	80.064674	2.859952
103.326780	80.065257	2.872527
103.792099	80.065846	2.885154
104.259514	80.066439	2.897834
104.729033	80.067038	2.910568
105.200667	80.067642	2.923354
105.674424	80.068252	2.936193
106.150316	80.068867	2.949085
106.628350	80.069488	2.962031
107.108537	80.070114	2.975031
107.590887	80.070746	2.988085
108.075409	80.071383	3.001193
108.562112	80.072027	3.014355
109.051008	80.072676	3.027571
109.542105	80.073331	3.040842
110.035414	80.073992	3.054168
110.530944	80.074658	3.067549
111.028706	80.075331	3.080985
111.528710	80.076010	3.094476
112.030965	80.076695	3.108023
112.535482	80.077386	3.121625
113.042271	80.078083	3.135284
113.551343	80.078787	3.148998
114.062707	80.079497	3.162769
114.576373	80.080213	3.176596
115.092354	80.080936	3.190479
115.610657	80.081665	3.204419
116.131295	80.082401	3.218416
116.654277	80.083143	3.232470
117.179615	80.083892	3.246582
117.707318	80.084648	3.260751
118.237398	80.085410	3.274977
118.769865	80.086180	3.289261
119.304730	80.086956	3.303604
119.842004	80.087740	3.318004
120.381697	80.088530	3.332463
120.923820	80.089327	3.346980
121.468385	80.090132	3.361555
122.015403	80.090944	3.376190
122.564883	80.091763	3.390883
123.116839	80.092590	3.405636
123.671280	80.093424	3.420448
124.228217	80.094265	3.435319
124.787663	80.095114	3.450251
125.349628	80.095971	3.465241
125.914124	80.096835	3.480292
126.481163	80.097707	3.495404
127.050754	80.098587	3.510575
127.622911	80.099475	3.525807
128.197645	80.100370	3.541099
128.774966	80.101274	3.556453
129.354888	80.102186	3.571867
129.937421	80.103106	3.587342
130.522578	80.104035	3.602879
131.110369	80.104971	3.618477
131.700808	80.105917	3.634137
132.293906	80.106870	3.649859
132.889674	80.107832	3.665642
133.488126	80.108803	3.681488
134.089273	80.109783	3.697396
134.693127	80.110771	3.713366
135.299700	80.111768	3.729399
135.909005	80.112774	3.745494
136.521054	80.113789	3.761653
137.135859	80.114814	3.777874
137.753432	80.115847	3.794158
138.373787	80.116890	3.810506
138.996936	80.117942	3.826917
139.622891	80.119003	3.843392
140.251665	80.120074	3.859931
140.883270	80.121155	3.876533
141.517720	80.122245	3.893199
142.155027	80.123345	3.909930
142.795204	80.124455	3.926724
143.438264	80.125575	3.943584
144.084220	80.126705	3.960507
144.733084	80.127845	3.977496
145.384871	80.128995	3.994549
146.039593	80.130156	4.011667
146.697264	80.131327	4.028850
147.357896	80.132508	4.046098
148.021504	80.133700	4.063412
148.688100	80.134903	4.080791
149.357698	80.136117	4.098236
150.030311	80.137341	4.115746
150.705953	80.138576	4.133322
151.384638	80.139823	4.150964
152.066379	80.141080	4.168672
152.751191	80.142349	4.186447
153.439086	80.143629	4.204287
154.130080	80.144921	4.222194
154.824185	80.146224	4.240167
155.521416	80.147539	4.258206
156.221786	80.148865	4.276313
156.925311	80.150204	4.294486
157.632004	80.151554	4.312726
158.341880	80.152917	4.331033
159.054952	80.154292	4.349406
159.771236	80.155679	4.367847
160.490745	80.157078	4.386355
161.213495	80.158490	4.404931
161.939499	80.159914	4.423573
162.668773	80.161352	4.442283
163.401331	80.162802	4.461061
164.137188	80.164265	4.479906
164.876359	80.165741	4.498818
165.618858	80.167230	4.517799
166.364701	80.168733	4.536847
167.113904	80.170249	4.555963
167.866480	80.171779	4.575146
168.622445	80.173322	4.594398
169.381814	80.174879	4.613717
170.144604	80.176450	4.633105
170.910828	80.178035	4.652560
171.680503	80.179634	4.672084
172.453644	80.181247	4.691676
173.230267	80.182875	4.711335
174.010388	80.184517	4.731063
174.794021	80.186174	4.750859
175.581184	80.187846	4.770723
176.371891	80.189533	4.790656
177.166159	80.191234	4.810656
177.964004	80.192951	4.830725
178.765442	80.194683	4.850862
179.570490	80.196431	4.871067
180.379162	80.198194	4.891340
181.191477	80.199973	4.911682
182.007450	80.201768	4.932091
182.827097	80.203578	4.952569
183.650435	80.205405	4.973115
184.477481	80.207248	4.993729
185.308252	80.209108	5.014411
186.142764	80.210984	5.035160
186.981034	80.212876	5.055978
187.823079	80.214786	5.076864
188.668917	80.216712	5.097817
189.518563	80.218656	5.118838
190.372035	80.220617	5.139927
191.229352	80.222595	5.161084
192.090528	80.224591	5.182308
192.955584	80.226605	5.203599
193.824534	80.228636	5.224958
194.697398	80.230686	5.246383
195.574193	80.232754	5.267877
196.454936	80.234840	5.289437
197.339646	80.236945	5.311063
198.228340	80.239068	5.332757
199.121036	80.241210	5.354517
200.017752	80.243371	5.376344
200.918506	80.245552	5.398237
201.823317	80.247751	5.420197
202.732203	80.249970	5.442222
203.645181	80.252209	5.464313
204.562271	80.254468	5.486470
205.483491	80.256747	5.508692
206.408860	80.259045	5.530980
207.338396	80.261365	5.553333
208.272117	80.263704	5.575751
209.210044	80.266065	5.598233
210.152195	80.268446	5.620780
211.098588	80.270848	5.643391
212.049244	80.273272	5.666066
213.004180	80.275717	5.688804
213.963418	80.278184	5.711607
214.926974	80.280672	5.734472
215.894871	80.283182	5.757400
216.867125	80.285715	5.780391
217.843759	80.288270	5.803445
218.824790	80.290847	5.826560
219.810240	80.293447	5.849737
220.800127	80.296070	5.872975
221.794472	80.298717	5.896275
222.793295	80.301386	5.919635
223.796616	80.304079	5.943056
224.804456	80.306796	5.966536
225.816834	80.309536	5.990076
226.833771	80.312301	6.013676
227.855288	80.315090	6.037334
228.881405	80.317904	6.061051
229.912143	80.320742	6.084825
230.947523	80.323605	6.108657
231.987565	80.326494	6.132547
233.032292	80.329407	6.156493
234.081723	80.332347	6.180495
235.135880	80.335312	6.204552
236.194784	80.338303	6.228665
237.258457	80.341320	6.252833
238.326920	80.344364	6.277055
239.400195	80.347434	6.301330
240.478303	80.350532	6.325658
241.561266	80.353656	6.350039
242.649107	80.356808	6.374472
243.741846	80.359987	6.398956
244.839506	80.363194	6.423491
245.942109	80.366429	6.448076
247.049678	80.369692	6.472710
248.162235	80.372984	6.497393
249.279802	80.376304	6.522125
250.402401	80.379654	6.546903
251.530056	80.383032	6.571729
252.662790	80.386440	6.596600
253.800624	80.389878	6.621517
254.943583	80.393346	6.646478
256.091689	80.396843	6.671483
257.244965	80.400372	6.696531
258.403435	80.403930	6.721621
259.567121	80.407520	6.746752
260.736049	80.411141	6.771924
261.910240	80.414793	6.797135
263.089719	80.418477	6.822386
264.274510	80.422193	6.847674
265.464637	80.425941	6.872999
266.660123	80.429721	6.898360
267.860992	80.433534	6.923756
269.067270	80.437380	6.949186
270.278980	80.441259	6.974649
271.496147	80.445172	7.000144
272.718795	80.449118	7.025670
273.946949	80.453098	7.051226
275.180634	80.457113	7.076811
276.419875	80.461162	7.102423
277.664696	80.465246	7.128063
278.915124	80.469365	7.153727
280.171182	80.473519	7.179416
281.432897	80.477709	7.205128
282.700295	80.481935	7.230862
283.973399	80.486197	7.256616
285.252237	80.490496	7.282390
286.536834	80.494831	7.308181
287.827216	80.499204	7.333990
289.123409	80.503614	7.359813
290.425439	80.508061	7.385651
291.733333	80.512546	7.411501
293.047117	80.517070	7.437362
294.366817	80.521632	7.463232
295.692460	80.526232	7.489111
297.024073	80.530872	7.514997
298.361683	80.535551	7.540887
299.705317	80.540270	7.566781
301.055001	80.545029	7.592677
302.410764	80.549828	7.618573
303.772632	80.554667	7.644468
305.140633	80.559548	7.670359
306.514795	80.564469	7.696246
307.895145	80.569432	7.722126
309.281711	80.574437	7.747997
310.674522	80.579484	7.773858
312.073605	80.584573	7.799708
313.478988	80.589705	7.825543
314.890701	80.594880	7.851362
316.308771	80.600098	7.877163
317.733227	80.605360	7.902944
319.164098	80.610666	7.928703
320.601413	80.616016	7.954438
322.045200	80.621411	7.980147
323.495489	80.626850	8.005827
324.952310	80.632335	8.031477
326.415691	80.637865	8.057094
327.885662	80.643441	8.082676
329.362253	80.649063	8.108221
330.845494	80.654731	8.133726
332.335414	80.660447	8.159189
333.832044	80.666209	8.184607
335.335414	80.672019	8.209979
336.845554	80.677876	8.235301
338.362495	80.683782	8.260570
339.886267	80.689735	8.285785
341.416902	80.695738	8.310943
342.954429	80.701789	8.336041
344.498880	80.707890	8.361076
346.050287	80.714041	8.386045
347.608680	80.720241	8.410946
349.174091	80.726492	8.435776
350.746552	80.732793	8.460531
352.326094	80.739145	8.485210
353.912750	80.745548	8.509808
355.506550	80.752003	8.534322
357.107529	80.758510	8.558751
358.715717	80.765069	8.583090
360.331147	80.771680	8.607336
361.953852	80.778344	8.631485
363.583865	80.785062	8.655536
365.221218	80.791832	8.679483
366.865945	80.798657	8.703325
368.518079	80.805535	8.727056
370.177653	80.812468	8.750674
371.844701	80.819455	8.774176
373.519256	80.826498	8.797556
375.201352	80.833596	8.820813
376.891023	80.840749	8.843941
378.588304	80.847958	8.866937
380.293228	80.855223	8.889798
382.005830	80.862545	8.912518
383.726144	80.869923	8.935095
385.454206	80.877359	8.957524
387.190049	80.884852	8.979801
388.933710	80.892402	9.001921
390.685223	80.900011	9.023881
392.444624	80.907677	9.045676
394.211948	80.915402	9.067302
395.987231	80.923186	9.088754
397.770509	80.931029	9.110027
399.561818	80.938931	9.131118
401.361193	80.946892	9.152021
403.168672	80.954914	9.172732
404.984290	80.962995	9.193246
406.808085	80.971136	9.213558
408.640093	80.979339	9.233663
410.480352	80.987602	9.253556
412.328897	80.995925	9.273232
414.185768	81.004311	9.292686
416.051000	81.012757	9.311913
417.924633	81.021265	9.330906
419.806703	81.029836	9.349662
421.697249	81.038468	9.368174
423.596308	81.047162	9.386437
425.503920	81.055920	9.404446
427.420122	81.064739	9.422194
429.344954	81.073622	9.439676
431.278454	81.082568	9.456886
433.220661	81.091576	9.473819
435.171615	81.100649	9.490468
437.131355	81.109784	9.506826
439.099920	81.118984	9.522889
441.077350	81.128247	9.538650
443.063686	81.137574	9.554102
445.058966	81.146965	9.569240
447.063232	81.156420	9.584056
449.076524	81.165940	9.598544
451.098883	81.175524	9.612698
453.130349	81.185172	9.626511
455.170964	81.194884	9.639976
457.220768	81.204662	9.653086
459.279803	81.214503	9.665834
461.348111	81.224410	9.678214
463.425733	81.234381	9.690218
465.512711	81.244416	9.701839
467.609088	81.254517	9.713069
469.714906	81.264682	9.723903
471.830207	81.274911	9.734331
473.955034	81.285205	9.744346
476.089430	81.295564	9.753942
478.233437	81.305987	9.763109
480.387100	81.316474	9.771842
482.550462	81.327025	9.780130
484.723566	81.337641	9.787968
486.906457	81.348320	9.795347
489.099178	81.359064	9.802258
491.301773	81.369871	9.808693
493.514288	81.380742	9.814645
495.736766	81.391675	9.820106
497.969253	81.402672	9.825065
500.211794	81.413732	9.829516
502.464434	81.424854	9.833450
504.727218	81.436039	9.836858
507.000193	81.447286	9.839731
509.283403	81.458594	9.842061
511.576896	81.469964	9.843838
513.880717	81.481394	9.845055
516.194913	81.492886	9.845702
518.519530	81.504437	9.845769
520.854617	81.516049	9.845249
523.200219	81.527719	9.844131
525.556384	81.539449	9.842407
527.923160	81.551237	9.840067
530.300594	81.563083	9.837102
532.688735	81.574986	9.833503
535.087631	81.586946	9.829259
537.497329	81.598962	9.824362
539.917880	81.611033	9.818802
542.349331	81.623160	9.812569
544.791732	81.635341	9.805654
547.245131	81.647575	9.798048
549.709580	81.659862	9.789739
552.185126	81.672201	9.780719
554.671821	81.684591	9.770977
557.169715	81.697032	9.760505
559.678857	81.709522	9.749291
562.199300	81.722061	9.737327
564.731092	81.734647	9.724601
567.274286	81.747281	9.711105
569.828933	81.759960	9.696828
572.395085	81.772684	9.681760
574.972793	81.785452	9.665892
577.562109	81.798262	9.649212
580.163086	81.811114	9.631712
582.775777	81.824006	9.613382
585.400233	81.836938	9.594210
588.036508	81.849907	9.574188
590.684655	81.862913	9.553306
593.344728	81.875955	9.531552
596.016780	81.889030	9.508919
598.700865	81.902139	9.485395
601.397038	81.915278	9.460971
604.105352	81.928448	9.435638
606.825863	81.941646	9.409384
609.558626	81.954870	9.382202
612.303695	81.968120	9.354080
615.061126	81.981394	9.325010
617.830975	81.994689	9.294983
620.613298	82.008005	9.263988
623.408151	82.021339	9.232016
626.215589	82.034690	9.199059
629.035671	82.048056	9.165107
631.868453	82.061435	9.130150
634.713991	82.074825	9.094182
637.572345	82.088224	9.057191
640.443570	82.101631	9.019171
643.327726	82.115043	8.980112
646.224870	82.128458	8.940006
649.135061	82.141873	8.898845
652.058357	82.155288	8.856621
654.994819	82.168700	8.813326
657.944504	82.182105	8.768953
660.907473	82.195503	8.723493
663.883785	82.208891	8.676940
666.873501	82.222266	8.629286
669.876680	82.235626	8.580525
672.893384	82.248968	8.530650
675.923673	82.262291	8.479655
678.967609	82.275591	8.427534
682.025252	82.288866	8.374280
685.096666	82.302113	8.319888
688.181911	82.315329	8.264352
691.281050	82.328513	8.207669
694.394146	82.341660	8.149832
697.521261	82.354769	8.090837
700.662459	82.367836	8.030680
703.817802	82.380859	7.969357
706.987356	82.393835	7.906866
710.171183	82.406760	7.843201
713.369348	82.419633	7.778361
716.581915	82.432449	7.712344
719.808950	82.445205	7.645146
723.050518	82.457900	7.576767
726.306683	82.470529	7.507205
729.577512	82.483089	7.436459
732.863071	82.495578	7.364528
736.163426	82.507991	7.291413
739.478644	82.520327	7.217113
742.808791	82.532581	7.141630
746.153936	82.544750	7.064964
749.514144	82.556831	6.987118
752.889485	82.568821	6.908092
756.280027	82.580716	6.827891
759.685837	82.592514	6.746517
763.106985	82.604210	6.663973
766.543539	82.615801	6.580264
769.995570	82.627283	6.495394
773.463147	82.638655	6.409368
776.946339	82.649911	6.322191
780.445217	82.661049	6.233871
783.959852	82.672065	6.144412
787.490315	82.682956	6.053823
791.036677	82.693718	5.962112
794.599009	82.704347	5.869285
798.177384	82.714841	5.775353
801.771874	82.725197	5.680324
805.382551	82.735409	5.584208
809.009488	82.745476	5.487017
812.652759	82.755394	5.388760
816.312436	82.765159	5.289449
819.988595	82.774768	5.189097
823.681309	82.784218	5.087715
827.390652	82.793505	4.985319
831.116700	82.802626	4.881920
834.859527	82.811579	4.777534
838.619210	82.820358	4.672175
842.395825	82.828963	4.565860
846.189446	82.837388	4.458604
850.000152	82.845632	4.350423
853.828019	82.853691	4.241335
857.673124	82.861562	4.131358
861.535545	82.869242	4.020510
865.415360	82.876729	3.908810
869.312648	82.884018	3.796277
873.227486	82.891108	3.682930
877.159954	82.897996	3.568791
881.110132	82.904679	3.453881
885.078098	82.911154	3.338220
889.063934	82.917419	3.221830
893.067720	82.923472	3.104734
897.089536	82.929309	2.986955
901.129464	82.934929	2.868516
905.187585	82.940329	2.749440
909.263981	82.945507	2.629753
913.358735	82.950461	2.509477
917.471930	82.955189	2.388639
921.603647	82.959688	2.267264
925.753971	82.963958	2.145377
929.922985	82.967996	2.023005
934.110774	82.971801	1.900173
938.317423	82.975370	1.776910
942.543015	82.978703	1.653241
946.787637	82.981798	1.529194
951.051374	82.984654	1.404796
955.334312	82.987269	1.280077
959.636538	82.989642	1.155062
963.958138	82.991773	1.029782
968.299200	82.993660	0.904265
972.659812	82.995303	0.778538
977.040060	82.996701	0.652631
981.440035	82.997853	0.526573
985.859825	82.998759	0.400393
990.299518	82.999419	0.274121
994.759205	82.999831	0.147784
999.238976	82.999996	0.021413
1003.738921	82.999915	-0.104963
1008.259131	82.999586	-0.231315
1012.799697	82.999010	-0.357614
1017.360710	82.998188	-0.483830
1021.942264	82.997119	-0.609934
1026.544450	82.995804	-0.735898
1031.167362	82.994244	-0.861691
1035.811092	82.992440	-0.987286
1040.475735	82.990391	-1.112653
1045.161384	82.988100	-1.237764
1049.868134	82.985566	-1.362591
1054.596081	82.982792	-1.487105
1059.345319	82.979778	-1.611279
1064.115945	82.976525	-1.735084
1068.908055	82.973035	-1.858494
1073.721746	82.969310	-1.981480
1078.557114	82.965351	-2.104018
1083.414258	82.961159	-2.226079
1088.293276	82.956737	-2.347637
1093.194265	82.952085	-2.468667
1098.117325	82.947207	-2.589143
1103.062556	82.942105	-2.709041
1108.030057	82.936779	-2.828335
1113.019929	82.931233	-2.947001
1118.032272	82.925468	-3.065015
1123.067187	82.919488	-3.182354
1128.124776	82.913294	-3.298994
1133.205141	82.906889	-3.414914
1138.308386	82.900275	-3.530091
1143.434612	82.893455	-3.644504
1148.583923	82.886432	-3.758131
1153.756424	82.879209	-3.870952
1158.952218	82.871788	-3.982947
1164.171411	82.864172	-4.094097
1169.414108	82.856364	-4.204382
1174.680415	82.848367	-4.313784
1179.970438	82.840184	-4.422284
1185.284283	82.831819	-4.529867
1190.622059	82.823273	-4.636514
1195.983873	82.814551	-4.742210
1201.369834	82.805655	-4.846938
1206.780049	82.796589	-4.950685
1212.214628	82.787356	-5.053434
1217.673682	82.777959	-5.155172
1223.157319	82.768401	-5.255886
1228.665652	82.758687	-5.355563
1234.198790	82.748818	-5.454189
1239.756846	82.738800	-5.551755
1245.339933	82.728634	-5.648248
1250.948162	82.718324	-5.743657
1256.581646	82.707874	-5.837973
1262.240501	82.697288	-5.931187
1267.924839	82.686568	-6.023288
1273.634777	82.675718	-6.114269
1279.370428	82.664741	-6.204122
1285.131909	82.653642	-6.292840
1290.919336	82.642423	-6.380416
1296.732826	82.631087	-6.466843
1302.572496	82.619639	-6.552115
1308.438464	82.608081	-6.636228
1314.330850	82.596417	-6.719177
1320.249770	82.584651	-6.800958
1326.195346	82.572785	-6.881567
1332.167697	82.560824	-6.961000
1338.166944	82.548770	-7.039255
1344.193207	82.536627	-7.116330
1350.246609	82.524398	-7.192222
1356.327272	82.512086	-7.266931
1362.435318	82.499695	-7.340456
1368.570871	82.487228	-7.412796
1374.734055	82.474688	-7.483951
1380.924994	82.462078	-7.553922
1387.143813	82.449402	-7.622708
1393.390637	82.436662	-7.690313
1399.665593	82.423862	-7.756736
1405.968808	82.411005	-7.821981
1412.300409	82.398093	-7.886048
1418.660523	82.385130	-7.948943
1425.049279	82.372119	-8.010666
1431.466806	82.359062	-8.071222
1437.913233	82.345963	-8.130614
1444.388692	82.332824	-8.188847
1450.893311	82.319649	-8.245924
1457.427223	82.306439	-8.301851
1463.990560	82.293197	-8.356632
1470.583454	82.279927	-8.410274
1477.206039	82.266631	-8.462780
1483.858447	82.253312	-8.514158
1490.540813	82.239971	-8.564412
1497.253273	82.226612	-8.613551
1503.995962	82.213238	-8.661579
1510.769015	82.199850	-8.708504
1517.572570	82.186450	-8.754333
1524.406763	82.173042	-8.799073
1531.271734	82.159628	-8.842731
1538.167620	82.146209	-8.885315
1545.094561	82.132789	-8.926833
1552.052697	82.119369	-8.967293
1559.042167	82.105951	-9.006702
1566.063114	82.092537	-9.045070
1573.115679	82.079131	-9.082404
1580.200004	82.065732	-9.118714
1587.316232	82.052345	-9.154007
1594.464508	82.038969	-9.188293
1601.644975	82.025608	-9.221581
1608.857778	82.012263	-9.253879
1616.103063	81.998936	-9.285197
1623.380976	81.985629	-9.315545
1630.691664	81.972343	-9.344931
1638.035275	81.959080	-9.373364
1645.411958	81.945841	-9.400856
1652.821860	81.932629	-9.427414
1660.265131	81.919445	-9.453049
1667.741923	81.906290	-9.477770
1675.252385	81.893166	-9.501588
1682.796670	81.880074	-9.524511
1690.374929	81.867016	-9.546550
1697.987316	81.853993	-9.567715
1705.633985	81.841006	-9.588016
1713.315089	81.828056	-9.607462
1721.030784	81.815145	-9.626064
1728.781226	81.802275	-9.643831
1736.566571	81.789445	-9.660773
1744.386976	81.776658	-9.676901
1752.242599	81.763914	-9.692225
1760.133600	81.751215	-9.706754
1768.060136	81.738561	-9.720498
1776.022368	81.725953	-9.733468
1784.020458	81.713393	-9.745673
1792.054565	81.700881	-9.757124
1800.124854	81.688419	-9.767829
1808.231485	81.676006	-9.777800
1816.374624	81.663645	-9.787046
1824.554435	81.651335	-9.795576
1832.771082	81.639078	-9.803401
1841.024732	81.626874	-9.810530
1849.315551	81.614724	-9.816974
1857.643707	81.602629	-9.822741
1866.009368	81.590589	-9.827841
1874.412702	81.578605	-9.832285
1882.853880	81.566678	-9.836080
1891.333071	81.554808	-9.839238
1899.850447	81.542995	-9.841767
1908.406181	81.531241	-9.843677
1917.000444	81.519546	-9.844977
1925.633410	81.507909	-9.845676
1934.305253	81.496333	-9.845783
1943.016149	81.484816	-9.845308
1951.766274	81.473360	-9.844260
1960.555803	81.461965	-9.842647
1969.384915	81.450631	-9.840479
1978.253788	81.439359	-9.837764
1987.162601	81.428149	-9.834511
1996.111533	81.417001	-9.830729
2005.100766	81.405915	-9.826426
2014.130480	81.394892	-9.821611
2023.200859	81.383932	-9.816293
2032.312085	81.373036	-9.810480
2041.464343	81.362203	-9.804180
2050.657816	81.351433	-9.797402
2059.892691	81.340727	-9.790153
2069.169154	81.330086	-9.782441
2078.487392	81.319508	-9.774276
2087.847594	81.308994	-9.765664
2097.249948	81.298545	-9.756614
2106.694645	81.288161	-9.747133
2116.181875	81.277840	-9.737229
2125.711829	81.267585	-9.726910
2135.284700	81.257394	-9.716183
2144.900681	81.247267	-9.705056
2154.559967	81.237205	-9.693535
2164.262752	81.227208	-9.681629
2174.009232	81.217276	-9.669344
2183.799604	81.207408	-9.656688
2193.634066	81.197605	-9.643668
2203.512816	81.187866	-9.630290
2213.436054	81.178192	-9.616562
2223.403980	81.168582	-9.602490
2233.416795	81.159037	-9.588081
2243.474702	81.149556	-9.573341
2253.577903	81.140139	-9.558278
2263.726602	81.130786	-9.542898
2273.921005	81.121497	-9.527207
2284.161317	81.112272	-9.511211
2294.447745	81.103111	-9.494917
2304.780497	81.094013	-9.478331
2315.159781	81.084979	-9.461459
2325.585807	81.076008	-9.444306
2336.058785	81.067101	-9.426880
2346.578926	81.058256	-9.409185
2357.146444	81.049474	-9.391228
2367.761551	81.040754	-9.373014
2378.424462	81.032097	-9.354549
2389.135392	81.023502	-9.335838
2399.894558	81.014969	-9.316887
2410.702175	81.006498	-9.297701
2421.558464	80.998089	-9.278286
2432.463643	80.989741	-9.258647
2443.417931	80.981453	-9.238789
2454.421551	80.973227	-9.218717
2465.474724	80.965062	-9.198436
2476.577674	80.956956	-9.177951
2487.730624	80.948911	-9.157268
2498.933801	80.940926	-9.136390
2510.187429	80.933001	-9.115323
2521.491737	80.925134	-9.094071
2532.846952	80.917327	-9.072639
2544.253304	80.909579	-9.051032
2555.711023	80.901890	-9.029253
2567.220341	80.894258	-9.007308
2578.781489	80.886685	-8.985201
2590.394701	80.879169	-8.962936
2602.060212	80.871711	-8.940517
2613.778257	80.864310	-8.917949
2625.549073	80.856966	-8.895235
2637.372897	80.849679	-8.872380
2649.249968	80.842447	-8.849387
2661.180526	80.835272	-8.826261
2673.164812	80.828152	-8.803006
2685.203067	80.821088	-8.779624
2697.295535	80.814079	-8.756121
2709.442461	80.807125	-8.732499
2721.644088	80.800225	-8.708763
2733.900663	80.793380	-8.684915
2746.212435	80.786588	-8.660960
2758.579651	80.779850	-8.636900
2771.002561	80.773165	-8.612740
2783.481417	80.766532	-8.588482
2796.016469	80.759953	-8.564130
2808.607971	80.753426	-8.539688
2821.256178	80.746951	-8.515157
2833.961344	80.740527	-8.490543
2846.723726	80.734155	-8.465846
2859.543581	80.727834	-8.441072
2872.421170	80.721563	-8.416222
2885.356751	80.715343	-8.391299
2898.350586	80.709173	-8.366307
2911.402936	80.703053	-8.341249
2924.514067	80.696982	-8.316126
2937.684241	80.690961	-8.290942
2950.913726	80.684988	-8.265700
2964.202788	80.679064	-8.240402
2977.551696	80.673187	-8.215051
2990.960719	80.667359	-8.189650
3004.430128	80.661578	-8.164200
3017.960194	80.655845	-8.138705
3031.551191	80.650158	-8.113167
3045.203394	80.644518	-8.087588
3058.917078	80.638924	-8.061971
3072.692519	80.633376	-8.036318
3086.529997	80.627873	-8.010631
3100.429789	80.622416	-7.984912
3114.392178	80.617004	-7.959165
3128.417444	80.611637	-7.933390
3142.505872	80.606314	-7.907590
3156.657745	80.601035	-7.881768
3170.873349	80.595800	-7.855925
3185.152971	80.590608	-7.830062
3199.496899	80.585459	-7.804183
3213.905424	80.580353	-7.778290
3228.378836	80.575290	-7.752383
3242.917426	80.570269	-7.726465
3257.521490	80.565289	-7.700538
3272.191321	80.560352	-7.674603
3286.927215	80.555455	-7.648663
3301.729471	80.550600	-7.622719
3316.598387	80.545785	-7.596773
3331.534263	80.541011	-7.570826
3346.537401	80.536276	-7.544881
3361.608104	80.531582	-7.518938
3376.746676	80.526927	-7.493000
3391.953422	80.522311	-7.467067
3407.228650	80.517734	-7.441142
3422.572668	80.513195	-7.415226
3437.985786	80.508695	-7.389320
3453.468315	80.504233	-7.363426
3469.020567	80.499809	-7.337546
3484.642857	80.495422	-7.311680
3500.335500	80.491072	-7.285830
3516.098813	80.486760	-7.259998
3531.933114	80.482483	-7.234184
3547.838722	80.478243	-7.208390
3563.815960	80.474039	-7.182618
3579.865149	80.469871	-7.156868
3595.986613	80.465738	-7.131142
3612.180678	80.461641	-7.105440
3628.447672	80.457578	-7.079765
3644.787921	80.453550	-7.054116
3661.201757	80.449557	-7.028497
3677.689510	80.445597	-7.002906
3694.251514	80.441671	-6.977346
3710.888103	80.437779	-6.951817
3727.599612	80.433921	-6.926321
3744.386380	80.430095	-6.900859
3761.248745	80.426302	-6.875431
3778.187047	80.422541	-6.850038
3795.201628	80.418813	-6.824682
3812.292833	80.415117	-6.799364
3829.461006	80.411453	-6.774083
3846.706493	80.407820	-6.748842
3864.029643	80.404218	-6.723641
3881.430806	80.400647	-6.698480
3898.910333	80.397107	-6.673362
3916.468576	80.393598	-6.648286
3934.105891	80.390119	-6.623253
3951.822633	80.386669	-6.598264
3969.619161	80.383250	-6.573320
3987.495832	80.379860	-6.548422
4005.453009	80.376499	-6.523570
4023.491054	80.373168	-6.498765
4041.610331	80.369865	-6.474008
4059.811206	80.366590	-6.449299
4078.094046	80.363345	-6.424639
4096.459220	80.360127	-6.400029
4114.907100	80.356937	-6.375469
4133.438057	80.353774	-6.350960
4152.052466	80.350639	-6.326503
4170.750703	80.347532	-6.302098
4189.533144	80.344451	-6.277745
4208.400171	80.341397	-6.253446
4227.352162	80.338369	-6.229200
4246.389501	80.335368	-6.205009
4265.512573	80.332393	-6.180872
4284.721762	80.329444	-6.156791
4304.017458	80.326520	-6.132766
4323.400050	80.323622	-6.108797
4342.869928	80.320749	-6.084885
4362.427487	80.317901	-6.061030
4382.073121	80.315078	-6.037232
4401.807226	80.312280	-6.013493
4421.630201	80.309505	-5.989812
4441.542447	80.306756	-5.966190
4461.544365	80.304030	-5.942628
4481.636358	80.301328	-5.919125
4501.818834	80.298649	-5.895682
4522.092199	80.295994	-5.872299
4542.456862	80.293362	-5.848978
4562.913235	80.290753	-5.825717
4583.461731	80.288167	-5.802518
4604.102764	80.285603	-5.779380
4624.836751	80.283062	-5.756305
4645.664111	80.280543	-5.733292
4666.585265	80.278046	-5.710341
4687.600634	80.275571	-5.687453
4708.710643	80.273118	-5.664629
4729.915719	80.270686	-5.641868
4751.216289	80.268276	-5.619171
4772.612783	80.265886	-5.596537
4794.105634	80.263518	-5.573968
4815.695274	80.261170	-5.551463
4837.382142	80.258843	-5.529023
4859.166673	80.256536	-5.506648
4881.049308	80.254250	-5.484337
4903.030488	80.251984	-5.462092
4925.110658	80.249737	-5.439912
4947.290264	80.247510	-5.417798
4969.569752	80.245303	-5.395750
4991.949573	80.243115	-5.373767
5014.430179	80.240947	-5.351851
5037.012023	80.238797	-5.330000
5059.695562	80.236667	-5.308217
5082.481253	80.234555	-5.286499
5105.369557	80.232462	-5.264848
5128.360935	80.230387	-5.243264
5151.455852	80.228330	-5.221747
5174.654774	80.226292	-5.200297
5197.958169	80.224271	-5.178914
5221.366508	80.222269	-5.157598
5244.880264	80.220283	-5.136349
5268.499910	80.218316	-5.115168
5292.225925	80.216366	-5.094054
5316.058787	80.214432	-5.073007
5339.998977	80.212516	-5.052028
5364.046979	80.210617	-5.031117
5388.203278	80.208735	-5.010273
5412.468361	80.206869	-4.989498
5436.842720	80.205020	-4.968789
5461.326845	80.203187	-4.948149
5485.921231	80.201370	-4.927576
5510.626375	80.199569	-4.907072
5535.442775	80.197784	-4.886635
5560.370933	80.196015	-4.866266
5585.411352	80.194261	-4.845965
5610.564537	80.192523	-4.825732
5635.830996	80.190801	-4.805567
5661.211239	80.189093	-4.785470
5686.705779	80.187401	-4.765440
5712.315131	80.185723	-4.745479
5738.039810	80.184061	-4.725586
5763.880338	80.182413	-4.705760
5789.837235	80.180779	-4.686003
5815.911026	80.179160	-4.666313
5842.102237	80.177556	-4.646691
5868.411396	80.175965	-4.627137
5894.839035	80.174389	-4.607651
5921.385688	80.172827	-4.588232
5948.051891	80.171278	-4.568881
5974.838181	80.169743	-4.549598
6001.745100	80.168222	-4.530382
6028.773190	80.166714	-4.511234
6055.922998	80.165220	-4.492153
6083.195072	80.163739	-4.473140
6110.589963	80.162271	-4.454194
6138.108222	80.160816	-4.435315
6165.750407	80.159373	-4.416504
6193.517074	80.157944	-4.397759
6221.408785	80.156527	-4.379082
6249.426103	80.155123	-4.360472
6277.569594	80.153731	-4.341928
6305.839825	80.152352	-4.323452
6334.237367	80.150985	-4.305042
6362.762794	80.149629	-4.286699
6391.416682	80.148286	-4.268423
6420.199608	80.146955	-4.250213
6449.112155	80.145636	-4.232069
6478.154906	80.144328	-4.213991
6507.328447	80.143032	-4.195980
6536.633368	80.141748	-4.178035
6566.070259	80.140475	-4.160156
6595.639716	80.139213	-4.142343
6625.342335	80.137962	-4.124595
6655.178716	80.136722	-4.106913
6685.149461	80.135494	-4.089297
6715.255176	80.134276	-4.071745
6745.496468	80.133069	-4.054260
6775.873948	80.131873	-4.036839
6806.388229	80.130688	-4.019484
6837.039927	80.129513	-4.002193
6867.829660	80.128348	-3.984967
6898.758052	80.127194	-3.967806
6929.825726	80.126050	-3.950709
6961.033309	80.124916	-3.933677
6992.381431	80.123793	-3.916709
7023.870725	80.122679	-3.899805
7055.501828	80.121575	-3.882965
7087.275377	80.120481	-3.866189
7119.192014	80.119397	-3.849477
7151.252384	80.118322	-3.832828
7183.457134	80.117257	-3.816243
7215.806913	80.116201	-3.799721
7248.302376	80.115155	-3.783262
7280.944178	80.114118	-3.766866
7313.732978	80.113090	-3.750533
7346.669438	80.112072	-3.734263
7379.754223	80.111062	-3.718055
7412.988001	80.110061	-3.701910
7446.371444	80.109070	-3.685826
7479.905224	80.108087	-3.669805
7513.590019	80.107113	-3.653846
7547.426510	80.106147	-3.637949
7581.415379	80.105190	-3.622113
7615.557313	80.104242	-3.606339
7649.853000	80.103302	-3.590626
7684.303134	80.102371	-3.574975
7718.908409	80.101447	-3.559384
7753.669525	80.100532	-3.543854
7788.587183	80.099625	-3.528385
7823.662088	80.098726	-3.512976
7858.894948	80.097836	-3.497627
7894.286476	80.096953	-3.482339
7929.837384	80.096078	-3.467111
7965.548392	80.095210	-3.451942
8001.420219	80.094351	-3.436833
8037.453590	80.093499	-3.421784
8073.649234	80.092655	-3.406794
8110.007879	80.091818	-3.391863
8146.530261	80.090988	-3.376992
8183.217117	80.090167	-3.362179
8220.069188	80.089352	-3.347424
8257.087217	80.088544	-3.332728
8294.271952	80.087744	-3.318091
8331.624144	80.086951	-3.303511
8369.144547	80.086165	-3.288990
8406.833918	80.085386	-3.274526
8444.693018	80.084614	-3.260120
8482.722612	80.083849	-3.245772
8520.923467	80.083091	-3.231480
8559.296355	80.082339	-3.217246
8597.842050	80.081594	-3.203068
8636.561331	80.080856	-3.188948
8675.454979	80.080124	-3.174884
8714.523780	80.079399	-3.160876
8753.768522	80.078680	-3.146924
8793.189998	80.077968	-3.133029
8832.789003	80.077262	-3.119189
8872.566338	80.076562	-3.105405
8912.522804	80.075869	-3.091676
8952.659210	80.075181	-3.078003
8992.976364	80.074500	-3.064385
9033.475082	80.073825	-3.050822
9074.156181	80.073156	-3.037313
9115.020481	80.072493	-3.023859
9156.068809	80.071836	-3.010460
9197.301993	80.071185	-2.997115
9238.720864	80.070539	-2.983824
9280.326261	80.069899	-2.970586
9322.119022	80.069265	-2.957403
9364.099992	80.068637	-2.944272
9406.270017	80.068014	-2.931196
9448.629950	80.067397	-2.918172
9491.180645	80.066785	-2.905201
9533.922962	80.066179	-2.892283
9576.857763	80.065578	-2.879418
9619.985916	80.064983	-2.866605
9663.308291	80.064392	-2.853844
9706.825763	80.063807	-2.841135
9750.539210	80.063228	-2.828479
9794.449515	80.062653	-2.815874
9838.557564	80.062084	-2.803320
9882.864249	80.061519	-2.790818
9927.370463	80.060960	-2.778367
9972.077104	80.060406	-2.765966
10016.985077	80.059856	-2.753617
10062.095287	80.059312	-2.741318
10107.408645	80.058772	-2.729070
10152.926065	80.058237	-2.716872
10198.648468	80.057707	-2.704724
10244.576776	80.057182	-2.692625
10290.711916	80.056661	-2.680577
10337.054819	80.056146	-2.668578
10383.606422	80.055634	-2.656628
10430.367664	80.055127	-2.644728
10477.339490	80.054625	-2.632876
10524.522847	80.054127	-2.621074
10571.918688	80.053634	-2.609320
10619.527970	80.053145	-2.597614
10667.351655	80.052660	-2.585957
10715.390707	80.052180	-2.574347
10763.646097	80.051704	-2.562786
10812.118799	80.051232	-2.551272
10860.809792	80.050765	-2.539806
10909.720059	80.050302	-2.528387
10958.850586	80.049842	-2.517016
11008.202367	80.049387	-2.505691
11057.776397	80.048936	-2.494414
11107.573677	80.048489	-2.483183
11157.595213	80.048046	-2.471998
11207.842014	80.047607	-2.460860
11258.315096	80.047172	-2.449768
11309.015477	80.046741	-2.438721
11359.944180	80.046313	-2.427721
11411.102234	80.045890	-2.416766
11462.490672	80.045470	-2.405857
11514.110531	80.045054	-2.394993
11565.962854	80.044641	-2.384174
11618.048687	80.044233	-2.373399
11670.369082	80.043828	-2.362670
11722.925095	80.043426	-2.351985
11775.717787	80.043028	-2.341345
11828.748224	80.042634	-2.330748
11882.017477	80.042243	-2.320196
11935.526622	80.041856	-2.309688
11989.276738	80.041472	-2.299223
12043.268911	80.041092	-2.288802
12097.504230	80.040715	-2.278424
12151.983792	80.040341	-2.268089
12206.708695	80.039971	-2.257798
12261.680045	80.039604	-2.247549
12316.898951	80.039240	-2.237343
12372.366529	80.038880	-2.227179
12428.083897	80.038523	-2.217058
12484.052182	80.038169	-2.206979
12540.272513	80.037818	-2.196941
12596.746024	80.037470	-2.186946
12653.473857	80.037125	-2.176992
12710.457157	80.036784	-2.167080
12767.697073	80.036445	-2.157209
12825.194762	80.036110	-2.147379
12882.951385	80.035777	-2.137590
12940.968107	80.035448	-2.127842
12999.246100	80.035121	-2.118135
13057.786541	80.034798	-2.108468
13116.590611	80.034477	-2.098842
13175.659497	80.034159	-2.089255
13234.994393	80.033844	-2.079709
13294.596495	80.033532	-2.070202
13354.467009	80.033222	-2.060735
13414.607141	80.032916	-2.051308
13475.018107	80.032612	-2.041920
13535.701126	80.032311	-2.032571
13596.657423	80.032012	-2.023261
13657.888229	80.031716	-2.013990
13719.394780	80.031423	-2.004758
13781.178318	80.031132	-1.995564
13843.240090	80.030844	-1.986409
13905.581349	80.030559	-1.977292
13968.203354	80.030276	-1.968212
14031.107370	80.029996	-1.959171
14094.294666	80.029718	-1.950168
14157.766517	80.029442	-1.941202
14221.524206	80.029170	-1.932273
14285.569019	80.028899	-1.923382
14349.902251	80.028631	-1.914528
14414.525198	80.028365	-1.905711
14479.439167	80.028102	-1.896930
14544.645467	80.027841	-1.888187
14610.145416	80.027583	-1.879479
14675.940335	80.027326	-1.870808
14742.031554	80.027072	-1.862174
14808.420405	80.026821	-1.853575
14875.108231	80.026571	-1.845012
14942.096376	80.026324	-1.836485
15009.386194	80.026079	-1.827994
15076.979043	80.025836	-1.819537
15144.876288	80.025596	-1.811117
15213.079300	80.025357	-1.802731
15281.589454	80.025121	-1.794380
15350.408136	80.024886	-1.786064
15419.536734	80.024654	-1.777783
15488.976643	80.024424	-1.769536
15558.729267	80.024196	-1.761323
15628.796012	80.023970	-1.753145
15699.178294	80.023746	-1.745001
15769.877533	80.023524	-1.736891
15840.895158	80.023304	-1.728814
15912.232601	80.023086	-1.720772
15983.891303	80.022870	-1.712762
16055.872711	80.022656	-1.704786
16128.178278	80.022444	-1.696843
16200.809464	80.022233	-1.688934
16273.767736	80.022025	-1.681057
16347.054565	80.021818	-1.673213
16420.671432	80.021614	-1.665401
16494.619824	80.021411	-1.657622
16568.901232	80.021210	-1.649875
16643.517158	80.021010	-1.642161
16718.469106	80.020813	-1.634479
16793.758592	80.020617	-1.626828
16869.387133	80.020423	-1.619209
16945.356258	80.020231	-1.611622
17021.667501	80.020040	-1.604066
17098.322401	80.019852	-1.596542
17175.322507	80.019664	-1.589049
17252.669373	80.019479	-1.581587
17330.364561	80.019295	-1.574156
17408.409639	80.019113	-1.566755
17486.806183	80.018932	-1.559386
17565.555775	80.018754	-1.552047
17644.660007	80.018576	-1.544738
17724.120474	80.018400	-1.537459
17803.938782	80.018226	-1.530211
17884.116540	80.018054	-1.522993
17964.655370	80.017883	-1.515804
18045.556895	80.017713	-1.508645
18126.822750	80.017545	-1.501516
18208.454576	80.017379	-1.494416
18290.454020	80.017214	-1.487345
18372.822738	80.017050	-1.480304
18455.562392	80.016888	-1.473292
18538.674655	80.016727	-1.466308
18622.161203	80.016568	-1.459354
18706.023721	80.016410	-1.452428
18790.263904	80.016254	-1.445530
18874.883452	80.016099	-1.438661
18959.884073	80.015946	-1.431820
19045.267484	80.015793	-1.425008
19131.035407	80.015643	-1.418223
19217.189576	80.015493	-1.411466
19303.731729	80.015345	-1.404737
19390.663613	80.015198	-1.398036
19477.986984	80.015053	-1.391362
19565.703605	80.014909	-1.384715
19653.815246	80.014766	-1.378096
19742.323687	80.014624	-1.371503
19831.230714	80.014484	-1.364938
19920.538122	80.014345	-1.358400
