* Frequency[Hz]	Magnitude[dB]	Phase[deg]
20.042518	80.003456	0.668045
20.132777	80.003488	0.671049
20.223442	80.003519	0.674066
20.314516	80.003551	0.677097
20.406000	80.003583	0.680142
20.497895	80.003615	0.683200
20.590205	80.003648	0.686271
20.682930	80.003681	0.689357
20.776073	80.003714	0.692456
20.869636	80.003747	0.695569
20.963620	80.003781	0.698696
21.058027	80.003815	0.701837
21.152859	80.003850	0.704993
21.248118	80.003884	0.708162
21.343806	80.003920	0.711345
21.439925	80.003955	0.714543
21.536477	80.003991	0.717755
21.633464	80.004027	0.720982
21.730887	80.004063	0.724223
21.828750	80.004100	0.727478
21.927053	80.004137	0.730748
22.025798	80.004174	0.734033
22.124989	80.004212	0.737332
22.224626	80.004250	0.740647
22.324711	80.004288	0.743976
22.425248	80.004327	0.747320
22.526237	80.004366	0.750678
22.627681	80.004405	0.754052
22.729582	80.004445	0.757441
22.831942	80.004485	0.760846
22.934763	80.004525	0.764265
23.038046	80.004566	0.767700
23.141795	80.004607	0.771150
23.246011	80.004649	0.774616
23.350697	80.004691	0.778097
23.455854	80.004733	0.781593
23.561484	80.004776	0.785106
23.667590	80.004819	0.788634
23.774174	80.004862	0.792177
23.881238	80.004906	0.795737
23.988784	80.004951	0.799313
24.096815	80.004995	0.802904
24.205332	80.005040	0.806512
24.314337	80.005086	0.810136
24.423834	80.005132	0.813776
24.533823	80.005178	0.817432
24.644308	80.005225	0.821104
24.755291	80.005272	0.824793
24.866773	80.005319	0.828499
24.978757	80.005367	0.832221
25.091246	80.005416	0.835960
25.204241	80.005465	0.839715
25.317745	80.005514	0.843488
25.431760	80.005564	0.847277
25.546289	80.005614	0.851083
25.661334	80.005665	0.854906
25.776896	80.005716	0.858746
25.892979	80.005767	0.862603
26.009585	80.005819	0.866478
26.126716	80.005872	0.870369
26.244374	80.005925	0.874279
26.362562	80.005978	0.878205
26.481283	80.006032	0.882150
26.600538	80.006086	0.886111
26.720330	80.006141	0.890091
26.840661	80.006197	0.894088
26.961535	80.006253	0.898103
27.082953	80.006309	0.902137
27.204917	80.006366	0.906188
27.327431	80.006423	0.910257
27.450497	80.006481	0.914344
27.574116	80.006540	0.918450
27.698293	80.006599	0.922574
27.823029	80.006658	0.926716
27.948326	80.006718	0.930877
28.074188	80.006779	0.935056
28.200616	80.006840	0.939254
28.327614	80.006902	0.943471
28.455184	80.006964	0.947707
28.583328	80.007027	0.951961
28.712050	80.007090	0.956235
28.841351	80.007154	0.960527
28.971234	80.007219	0.964839
29.101702	80.007284	0.969170
29.232758	80.007350	0.973520
29.364404	80.007416	0.977889
29.496643	80.007483	0.982279
29.629477	80.007550	0.986687
29.762910	80.007618	0.991115
29.896943	80.007687	0.995563
30.031580	80.007756	1.000031
30.166824	80.007826	1.004519
30.302676	80.007897	1.009027
30.439140	80.007968	1.013555
30.576219	80.008040	1.018103
30.713915	80.008112	1.022671
30.852231	80.008186	1.027260
30.991170	80.008259	1.031869
31.130735	80.008334	1.036498
31.270928	80.008409	1.041148
31.411753	80.008485	1.045819
31.553212	80.008561	1.050511
31.695308	80.008639	1.055224
31.838043	80.008717	1.059957
31.981422	80.008795	1.064712
32.125446	80.008875	1.069488
32.270119	80.008955	1.074285
32.415443	80.009035	1.079103
32.561422	80.009117	1.083943
32.708058	80.009199	1.088804
32.855355	80.009282	1.093687
33.003315	80.009366	1.098592
33.151941	80.009450	1.103518
33.301237	80.009535	1.108466
33.451204	80.009621	1.113437
33.601848	80.009708	1.118429
33.753169	80.009796	1.123444
33.905172	80.009884	1.128481
34.057860	80.009973	1.133540
34.211235	80.010063	1.138622
34.365301	80.010154	1.143726
34.520061	80.010245	1.148853
34.675518	80.010338	1.154003
34.831674	80.010431	1.159176
34.988534	80.010525	1.164371
35.146101	80.010620	1.169590
35.304377	80.010715	1.174832
35.463365	80.010812	1.180097
35.623070	80.010910	1.185386
35.783494	80.011008	1.190698
35.944640	80.011107	1.196033
36.106512	80.011207	1.201392
36.269114	80.011308	1.206775
36.432447	80.011410	1.212182
36.596516	80.011513	1.217613
36.761323	80.011617	1.223068
36.926873	80.011722	1.228547
37.093169	80.011827	1.234050
37.260213	80.011934	1.239578
37.428010	80.012042	1.245130
37.596562	80.012150	1.250707
37.765873	80.012260	1.256308
37.935947	80.012370	1.261935
38.106787	80.012482	1.267586
38.278396	80.012594	1.273262
38.450778	80.012708	1.278964
38.623936	80.012822	1.284690
38.797874	80.012938	1.290442
38.972595	80.013054	1.296220
39.148103	80.013172	1.302023
39.324402	80.013291	1.307851
39.501494	80.013411	1.313706
39.679384	80.013531	1.319586
39.858075	80.013653	1.325492
40.037571	80.013776	1.331424
40.217875	80.013901	1.337383
40.398991	80.014026	1.343368
40.580922	80.014152	1.349379
40.763673	80.014280	1.355417
40.947247	80.014409	1.361482
41.131648	80.014538	1.367573
41.316879	80.014669	1.373692
41.502944	80.014802	1.379837
41.689848	80.014935	1.386009
41.877593	80.015070	1.392209
42.066183	80.015205	1.398436
42.255623	80.015342	1.404690
42.445915	80.015481	1.410972
42.637065	80.015620	1.417282
42.829076	80.015761	1.423619
43.021951	80.015903	1.429985
43.215695	80.016046	1.436378
43.410311	80.016191	1.442800
43.605804	80.016337	1.449250
43.802177	80.016484	1.455728
43.999435	80.016632	1.462235
44.197580	80.016782	1.468771
44.396619	80.016933	1.475335
44.596553	80.017086	1.481928
44.797388	80.017240	1.488550
44.999127	80.017395	1.495202
45.201775	80.017552	1.501882
45.405335	80.017710	1.508592
45.609813	80.017870	1.515331
45.815211	80.018031	1.522100
46.021533	80.018193	1.528899
46.228786	80.018357	1.535728
46.436971	80.018522	1.542586
46.646094	80.018689	1.549475
46.856159	80.018857	1.556394
47.067169	80.019027	1.563343
47.279130	80.019199	1.570323
47.492046	80.019372	1.577333
47.705920	80.019546	1.584375
47.920758	80.019722	1.591446
48.136563	80.019900	1.598549
48.353340	80.020079	1.605684
48.571093	80.020260	1.612849
48.789826	80.020442	1.620046
49.009545	80.020626	1.627274
49.230253	80.020812	1.634534
49.451955	80.021000	1.641825
49.674656	80.021189	1.649149
49.898359	80.021379	1.656505
50.123070	80.021572	1.663892
50.348793	80.021766	1.671312
50.575532	80.021962	1.678765
50.803293	80.022160	1.686250
51.032079	80.022360	1.693768
51.261895	80.022561	1.701318
51.492747	80.022764	1.708902
51.724638	80.022969	1.716518
51.957573	80.023176	1.724168
52.191557	80.023384	1.731851
52.426595	80.023595	1.739568
52.662692	80.023807	1.747318
52.899851	80.024022	1.755102
53.138079	80.024238	1.762920
53.377380	80.024456	1.770772
53.617758	80.024676	1.778658
53.859219	80.024898	1.786579
54.101767	80.025122	1.794534
54.345407	80.025349	1.802523
54.590145	80.025577	1.810548
54.835984	80.025807	1.818607
55.082931	80.026039	1.826701
55.330990	80.026274	1.834830
55.580166	80.026510	1.842995
55.830464	80.026749	1.851195
56.081890	80.026989	1.859431
56.334447	80.027232	1.867702
56.588142	80.027477	1.876010
56.842980	80.027724	1.884353
57.098965	80.027974	1.892732
57.356103	80.028226	1.901148
57.614399	80.028480	1.909600
57.873858	80.028736	1.918089
58.134485	80.028994	1.926614
58.396286	80.029255	1.935177
58.659267	80.029518	1.943776
58.923431	80.029784	1.952412
59.188785	80.030052	1.961086
59.455334	80.030322	1.969798
59.723084	80.030595	1.978546
59.992039	80.030870	1.987333
60.262206	80.031148	1.996158
60.533589	80.031428	2.005020
60.806194	80.031711	2.013921
61.080027	80.031996	2.022860
61.355093	80.032284	2.031838
61.631398	80.032574	2.040854
61.908947	80.032867	2.049909
62.187746	80.033163	2.059003
62.467800	80.033461	2.068136
62.749116	80.033762	2.077308
63.031699	80.034065	2.086520
63.315554	80.034371	2.095771
63.600687	80.034681	2.105062
63.887105	80.034992	2.114393
64.174812	80.035307	2.123764
64.463815	80.035624	2.133175
64.754120	80.035945	2.142626
65.045732	80.036268	2.152118
65.338657	80.036594	2.161650
65.632901	80.036923	2.171223
65.928471	80.037255	2.180837
66.225371	80.037589	2.190493
66.523609	80.037927	2.200189
66.823189	80.038268	2.209927
67.124119	80.038612	2.219706
67.426404	80.038959	2.229527
67.730050	80.039309	2.239390
68.035063	80.039662	2.249295
68.341451	80.040019	2.259242
68.649218	80.040378	2.269231
68.958371	80.040741	2.279263
69.268916	80.041107	2.289338
69.580859	80.041476	2.299455
69.894208	80.041849	2.309615
70.208968	80.042225	2.319819
70.525145	80.042604	2.330065
70.842746	80.042987	2.340355
71.161777	80.043373	2.350689
71.482245	80.043763	2.361067
71.804156	80.044156	2.371488
72.127517	80.044552	2.381953
72.452334	80.044952	2.392463
72.778614	80.045356	2.403017
73.106363	80.045763	2.413616
73.435588	80.046174	2.424259
73.766296	80.046589	2.434947
74.098493	80.047007	2.445681
74.432186	80.047429	2.456459
74.767382	80.047855	2.467283
75.104087	80.048285	2.478152
75.442309	80.048718	2.489067
75.782053	80.049155	2.500028
76.123328	80.049597	2.511035
76.466140	80.050042	2.522088
76.810495	80.050491	2.533188
77.156402	80.050944	2.544333
77.503866	80.051401	2.555526
77.852894	80.051862	2.566765
78.203495	80.052328	2.578052
78.555674	80.052797	2.589385
78.909440	80.053271	2.600766
79.264798	80.053749	2.612194
79.621757	80.054231	2.623670
79.980323	80.054717	2.635194
80.340505	80.055208	2.646765
80.702308	80.055703	2.658385
81.065740	80.056203	2.670053
81.430809	80.056707	2.681769
81.797523	80.057216	2.693534
82.165887	80.057729	2.705348
82.535911	80.058246	2.717211
82.907601	80.058768	2.729123
83.280965	80.059295	2.741084
83.656010	80.059827	2.753095
84.032744	80.060363	2.765155
84.411175	80.060904	2.777265
84.791310	80.061450	2.789424
85.173156	80.062001	2.801634
85.556723	80.062557	2.813894
85.942016	80.063117	2.826205
86.329045	80.063683	2.838566
86.717817	80.064253	2.850978
87.108340	80.064829	2.863440
87.500621	80.065410	2.875954
87.894669	80.065996	2.888519
88.290491	80.066587	2.901135
88.688096	80.067184	2.913803
89.087492	80.067785	2.926523
89.488686	80.068392	2.939294
89.891687	80.069005	2.952117
90.296502	80.069623	2.964993
90.703141	80.070246	2.977921
91.111611	80.070875	2.990901
91.521920	80.071510	3.003934
91.934078	80.072150	3.017020
92.348091	80.072796	3.030159
92.763969	80.073447	3.043351
93.181720	80.074104	3.056596
93.601351	80.074768	3.069895
94.022873	80.075437	3.083247
94.446293	80.076112	3.096653
94.871620	80.076793	3.110113
95.298862	80.077480	3.123627
95.728028	80.078173	3.137196
96.159127	80.078872	3.150818
96.592168	80.079578	3.164495
97.027158	80.080289	3.178227
97.464107	80.081007	3.192014
97.903025	80.081732	3.205856
98.343918	80.082462	3.219753
98.786798	80.083200	3.233705
99.231671	80.083943	3.247713
99.678548	80.084694	3.261776
100.127438	80.085451	3.275895
100.578349	80.086214	3.290070
101.031291	80.086985	3.304301
101.486272	80.087762	3.318588
101.943303	80.088546	3.332932
102.402391	80.089337	3.347332
102.863547	80.090135	3.361788
103.326780	80.090940	3.376302
103.792099	80.091753	3.390872
104.259514	80.092572	3.405500
104.729033	80.093399	3.420185
105.200667	80.094233	3.434927
105.674424	80.095074	3.449726
106.150316	80.095923	3.464584
106.628350	80.096779	3.479499
107.108537	80.097643	3.494472
107.590887	80.098514	3.509503
108.075409	80.099393	3.524592
108.562112	80.100280	3.539739
109.051008	80.101174	3.554945
109.542105	80.102077	3.570210
110.035414	80.102987	3.585533
110.530944	80.103906	3.600916
111.028706	80.104832	3.616357
111.528710	80.105767	3.631857
112.030965	80.106710	3.647417
112.535482	80.107661	3.663036
113.042271	80.108621	3.678714
113.551343	80.109589	3.694452
114.062707	80.110566	3.710250
114.576373	80.111551	3.726108
115.092354	80.112545	3.742025
115.610657	80.113547	3.758003
116.131295	80.114559	3.774041
116.654277	80.115579	3.790139
117.179615	80.116608	3.806298
117.707318	80.117646	3.822517
118.237398	80.118694	3.838797
118.769865	80.119750	3.855138
119.304730	80.120816	3.871540
119.842004	80.121891	3.888002
120.381697	80.122976	3.904526
120.923820	80.124070	3.921111
121.468385	80.125174	3.937757
122.015403	80.126287	3.954465
122.564883	80.127410	3.971234
123.116839	80.128543	3.988064
123.671280	80.129686	4.004957
124.228217	80.130839	4.021911
124.787663	80.132002	4.038927
125.349628	80.133175	4.056004
125.914124	80.134358	4.073144
126.481163	80.135552	4.090346
127.050754	80.136756	4.107610
127.622911	80.137971	4.124937
128.197645	80.139196	4.142326
128.774966	80.140432	4.159777
129.354888	80.141679	4.177290
129.937421	80.142937	4.194866
130.522578	80.144205	4.212505
131.110369	80.145485	4.230206
131.700808	80.146776	4.247971
132.293906	80.148078	4.265797
132.889674	80.149391	4.283687
133.488126	80.150716	4.301640
134.089273	80.152052	4.319655
134.693127	80.153400	4.337734
135.299700	80.154760	4.355876
135.909005	80.156132	4.374080
136.521054	80.157515	4.392348
137.135859	80.158911	4.410679
137.753432	80.160318	4.429073
138.373787	80.161738	4.447530
138.996936	80.163170	4.466051
139.622891	80.164615	4.484634
140.251665	80.166072	4.503281
140.883270	80.167542	4.521991
141.517720	80.169024	4.540765
142.155027	80.170519	4.559602
142.795204	80.172028	4.578502
143.438264	80.173549	4.597465
144.084220	80.175083	4.616492
144.733084	80.176631	4.635582
145.384871	80.178192	4.654736
146.039593	80.179767	4.673952
146.697264	80.181355	4.693232
147.357896	80.182957	4.712575
148.021504	80.184573	4.731981
148.688100	80.186203	4.751451
149.357698	80.187847	4.770983
150.030311	80.189505	4.790579
150.705953	80.191177	4.810238
151.384638	80.192863	4.829959
152.066379	80.194565	4.849744
152.751191	80.196280	4.869592
153.439086	80.198011	4.889502
154.130080	80.199756	4.909475
154.824185	80.201517	4.929511
155.521416	80.203292	4.949610
156.221786	80.205083	4.969771
156.925311	80.206889	4.989994
157.632004	80.208711	5.010280
158.341880	80.210548	5.030628
159.054952	80.212401	5.051039
159.771236	80.214270	5.071511
160.490745	80.216155	5.092045
161.213495	80.218056	5.112642
161.939499	80.219974	5.133300
162.668773	80.221907	5.154019
163.401331	80.223857	5.174800
164.137188	80.225824	5.195642
164.876359	80.227808	5.216546
165.618858	80.229809	5.237510
166.364701	80.231826	5.258535
167.113904	80.233861	5.279621
167.866480	80.235913	5.300768
168.622445	80.237983	5.321975
169.381814	80.240070	5.343241
170.144604	80.242175	5.364568
170.910828	80.244298	5.385955
171.680503	80.246438	5.407401
172.453644	80.248597	5.428907
173.230267	80.250775	5.450472
174.010388	80.252971	5.472095
174.794021	80.255185	5.493778
175.581184	80.257418	5.515519
176.371891	80.259670	5.537318
177.166159	80.261941	5.559175
177.964004	80.264231	5.581089
178.765442	80.266541	5.603061
179.570490	80.268870	5.625090
180.379162	80.271219	5.647176
181.191477	80.273587	5.669319
182.007450	80.275976	5.691518
182.827097	80.278384	5.713772
183.650435	80.280813	5.736083
184.477481	80.283262	5.758448
185.308252	80.285732	5.780869
186.142764	80.288223	5.803344
186.981034	80.290734	5.825874
187.823079	80.293267	5.848457
188.668917	80.295820	5.871094
189.518563	80.298396	5.893784
190.372035	80.300992	5.916527
191.229352	80.303610	5.939322
192.090528	80.306251	5.962169
192.955584	80.308913	5.985068
193.824534	80.311597	6.008018
194.697398	80.314304	6.031018
195.574193	80.317033	6.054069
196.454936	80.319785	6.077169
197.339646	80.322560	6.100319
198.228340	80.325358	6.123517
199.121036	80.328179	6.146764
200.017752	80.331024	6.170058
200.918506	80.333892	6.193400
201.823317	80.336784	6.216788
202.732203	80.339699	6.240223
203.645181	80.342639	6.263704
204.562271	80.345603	6.287229
205.483491	80.348592	6.310799
206.408860	80.351605	6.334413
207.338396	80.354643	6.358071
208.272117	80.357706	6.381771
209.210044	80.360794	6.405513
210.152195	80.363908	6.429297
211.098588	80.367047	6.453122
212.049244	80.370212	6.476986
213.004180	80.373402	6.500891
213.963418	80.376619	6.524834
214.926974	80.379862	6.548815
215.894871	80.383132	6.572834
216.867125	80.386428	6.596889
217.843759	80.389751	6.620981
218.824790	80.393101	6.645107
219.810240	80.396479	6.669268
220.800127	80.399883	6.693463
221.794472	80.403316	6.717690
222.793295	80.406776	6.741949
223.796616	80.410264	6.766240
224.804456	80.413781	6.790561
225.816834	80.417326	6.814911
226.833771	80.420899	6.839290
227.855288	80.424501	6.863697
228.881405	80.428133	6.888131
229.912143	80.431793	6.912590
230.947523	80.435483	6.937075
231.987565	80.439203	6.961583
233.032292	80.442952	6.986114
234.081723	80.446731	7.010668
235.135880	80.450541	7.035242
236.194784	80.454381	7.059837
237.258457	80.458251	7.084450
238.326920	80.462152	7.109081
239.400195	80.466085	7.133729
240.478303	80.470048	7.158393
241.561266	80.474044	7.183072
242.649107	80.478070	7.207763
243.741846	80.482129	7.232468
244.839506	80.486219	7.257183
245.942109	80.490342	7.281908
247.049678	80.494498	7.306642
248.162235	80.498686	7.331383
249.279802	80.502907	7.356131
250.402401	80.507161	7.380883
251.530056	80.511448	7.405640
252.662790	80.515769	7.430398
253.800624	80.520124	7.455158
254.943583	80.524512	7.479917
256.091689	80.528935	7.504675
257.244965	80.533393	7.529429
258.403435	80.537884	7.554179
259.567121	80.542411	7.578923
260.736049	80.546973	7.603660
261.910240	80.551570	7.628387
263.089719	80.556202	7.653104
264.274510	80.560870	7.677809
265.464637	80.565574	7.702501
266.660123	80.570314	7.727178
267.860992	80.575090	7.751837
269.067270	80.579903	7.776479
270.278980	80.584753	7.801100
271.496147	80.589639	7.825700
272.718795	80.594563	7.850276
273.946949	80.599524	7.874828
275.180634	80.604523	7.899352
276.419875	80.609559	7.923848
277.664696	80.614634	7.948313
278.915124	80.619747	7.972746
280.171182	80.624898	7.997145
281.432897	80.630088	8.021508
282.700295	80.635317	8.045832
283.973399	80.640585	8.070117
285.252237	80.645892	8.094361
286.536834	80.651238	8.118560
287.827216	80.656625	8.142713
289.123409	80.662051	8.166819
290.425439	80.667518	8.190875
291.733333	80.673025	8.214878
293.047117	80.678572	8.238827
294.366817	80.684161	8.262720
295.692460	80.689790	8.286555
297.024073	80.695460	8.310328
298.361683	80.701172	8.334039
299.705317	80.706925	8.357684
301.055001	80.712721	8.381261
302.410764	80.718558	8.404769
303.772632	80.724437	8.428204
305.140633	80.730359	8.451564
306.514795	80.736324	8.474847
307.895145	80.742331	8.498050
309.281711	80.748381	8.521171
310.674522	80.754475	8.544208
312.073605	80.760611	8.567157
313.478988	80.766792	8.590016
314.890701	80.773016	8.612783
316.308771	80.779284	8.635454
317.733227	80.785596	8.658028
319.164098	80.791953	8.680501
320.601413	80.798354	8.702870
322.045200	80.804800	8.725133
323.495489	80.811291	8.747288
324.952310	80.817826	8.769330
326.415691	80.824407	8.791258
327.885662	80.831034	8.813067
329.362253	80.837706	8.834756
330.845494	80.844423	8.856321
332.335414	80.851187	8.877760
333.832044	80.857997	8.899068
335.335414	80.864853	8.920244
336.845554	80.871755	8.941283
338.362495	80.878704	8.962183
339.886267	80.885699	8.982941
341.416902	80.892742	9.003552
342.954429	80.899831	9.024014
344.498880	80.906967	9.044324
346.050287	80.914151	9.064478
347.608680	80.921382	9.084473
349.174091	80.928661	9.104305
350.746552	80.935988	9.123970
352.326094	80.943362	9.143466
353.912750	80.950784	9.162788
355.506550	80.958254	9.181934
357.107529	80.965772	9.200899
358.715717	80.973339	9.219679
360.331147	80.980954	9.238271
361.953852	80.988617	9.256672
363.583865	80.996329	9.274877
365.221218	81.004090	9.292882
366.865945	81.011900	9.310685
368.518079	81.019758	9.328279
370.177653	81.027665	9.345663
371.844701	81.035621	9.362831
373.519256	81.043627	9.379780
375.201352	81.051681	9.396506
376.891023	81.059785	9.413004
378.588304	81.067937	9.429271
380.293228	81.076140	9.445302
382.005830	81.084391	9.461092
383.726144	81.092692	9.476638
385.454206	81.101042	9.491936
387.190049	81.109442	9.506980
388.933710	81.117891	9.521767
390.685223	81.126389	9.536292
392.444624	81.134937	9.550550
394.211948	81.143535	9.564538
395.987231	81.152182	9.578250
397.770509	81.160878	9.591682
399.561818	81.169624	9.604829
401.361193	81.178419	9.617687
403.168672	81.187263	9.630250
404.984290	81.196157	9.642515
406.808085	81.205100	9.654476
408.640093	81.214092	9.666129
410.480352	81.223133	9.677468
412.328897	81.232224	9.688488
414.185768	81.241363	9.699185
416.051000	81.250551	9.709555
417.924633	81.259788	9.719590
419.806703	81.269073	9.729288
421.697249	81.278407	9.738642
423.596308	81.287790	9.747647
425.503920	81.297220	9.756298
427.420122	81.306699	9.764591
429.344954	81.316226	9.772519
431.278454	81.325800	9.780078
433.220661	81.335423	9.787261
435.171615	81.345092	9.794065
437.131355	81.354809	9.800483
439.099920	81.364573	9.806510
441.077350	81.374383	9.812141
443.063686	81.384240	9.817370
445.058966	81.394144	9.822191
447.063232	81.404093	9.826599
449.076524	81.414088	9.830589
451.098883	81.424129	9.834155
453.130349	81.434215	9.837291
455.170964	81.444346	9.839991
457.220768	81.454522	9.842251
459.279803	81.464742	9.844063
461.348111	81.475005	9.845423
463.425733	81.485313	9.846325
465.512711	81.495664	9.846763
467.609088	81.506057	9.846731
469.714906	81.516493	9.846223
471.830207	81.526971	9.845233
473.955034	81.537491	9.843757
476.089430	81.548052	9.841786
478.233437	81.558654	9.839317
480.387100	81.569296	9.836343
482.550462	81.579977	9.832857
484.723566	81.590699	9.828855
486.906457	81.601459	9.824329
489.099178	81.612257	9.819275
491.301773	81.623093	9.813686
493.514288	81.633966	9.807556
495.736766	81.644876	9.800879
497.969253	81.655823	9.793649
500.211794	81.666804	9.785860
502.464434	81.677821	9.777507
504.727218	81.688871	9.768583
507.000193	81.699956	9.759081
509.283403	81.711073	9.748997
511.576896	81.722222	9.738324
513.880717	81.733403	9.727056
516.194913	81.744615	9.715187
518.519530	81.755857	9.702712
520.854617	81.767128	9.689623
523.200219	81.778428	9.675916
525.556384	81.789755	9.661584
527.923160	81.801110	9.646622
530.300594	81.812491	9.631023
532.688735	81.823896	9.614782
535.087631	81.835327	9.597892
537.497329	81.846781	9.580349
539.917880	81.858257	9.562145
542.349331	81.869756	9.543276
544.791732	81.881275	9.523736
547.245131	81.892814	9.503519
549.709580	81.904372	9.482619
552.185126	81.915948	9.461030
554.671821	81.927540	9.438748
557.169715	81.939149	9.415766
559.678857	81.950772	9.392080
562.199300	81.962409	9.367683
564.731092	81.974058	9.342571
567.274286	81.985719	9.316737
569.828933	81.997390	9.290177
572.395085	82.009071	9.262886
574.972793	82.020759	9.234858
577.562109	82.032455	9.206089
580.163086	82.044156	9.176573
582.775777	82.055861	9.146305
585.400233	82.067569	9.115281
588.036508	82.079280	9.083495
590.684655	82.090990	9.050944
593.344728	82.102700	9.017623
596.016780	82.114408	8.983526
598.700865	82.126112	8.948650
601.397038	82.137812	8.912991
604.105352	82.149505	8.876543
606.825863	82.161191	8.839304
609.558626	82.172867	8.801269
612.303695	82.184533	8.762433
615.061126	82.196187	8.722795
617.830975	82.207827	8.682349
620.613298	82.219452	8.641092
623.408151	82.231061	8.599021
626.215589	82.242651	8.556132
629.035671	82.254222	8.512423
631.868453	82.265771	8.467890
634.713991	82.277298	8.422530
637.572345	82.288799	8.376342
640.443570	82.300275	8.329321
643.327726	82.311723	8.281466
646.224870	82.323141	8.232775
649.135061	82.334528	8.183245
652.058357	82.345881	8.132874
654.994819	82.357201	8.081661
657.944504	82.368483	8.029604
660.907473	82.379728	7.976701
663.883785	82.390932	7.922951
666.873501	82.402094	7.868353
669.876680	82.413213	7.812907
672.893384	82.424287	7.756611
675.923673	82.435313	7.699465
678.967609	82.446290	7.641468
682.025252	82.457215	7.582621
685.096666	82.468088	7.522923
688.181911	82.478907	7.462375
691.281050	82.489668	7.400977
694.394146	82.500371	7.338729
697.521261	82.511013	7.275634
700.662459	82.521593	7.211691
703.817802	82.532108	7.146902
706.987356	82.542557	7.081269
710.171183	82.552937	7.014794
713.369348	82.563247	6.947477
716.581915	82.573485	6.879323
719.808950	82.583649	6.810332
723.050518	82.593736	6.740509
726.306683	82.603745	6.669855
729.577512	82.613674	6.598374
732.863071	82.623520	6.526070
736.163426	82.633282	6.452945
739.478644	82.642958	6.379005
742.808791	82.652546	6.304252
746.153936	82.662044	6.228693
749.514144	82.671449	6.152330
752.889485	82.680760	6.075170
756.280027	82.689974	5.997217
759.685837	82.699090	5.918477
763.106985	82.708107	5.838956
766.543539	82.717020	5.758659
769.995570	82.725830	5.677593
773.463147	82.734533	5.595765
776.946339	82.743129	5.513181
780.445217	82.751614	5.429847
783.959852	82.759987	5.345773
787.490315	82.768246	5.260964
791.036677	82.776389	5.175429
794.599009	82.784415	5.089177
798.177384	82.792320	5.002214
801.771874	82.800105	4.914551
805.382551	82.807765	4.826195
809.009488	82.815301	4.737157
812.652759	82.822709	4.647445
816.312436	82.829988	4.557069
819.988595	82.837137	4.466039
823.681309	82.844153	4.374365
827.390652	82.851035	4.282059
831.116700	82.857781	4.189129
834.859527	82.864389	4.095588
838.619210	82.870858	4.001447
842.395825	82.877186	3.906716
846.189446	82.883371	3.811408
850.000152	82.889412	3.715535
853.828019	82.895308	3.619109
857.673124	82.901056	3.522142
861.535545	82.906655	3.424647
865.415360	82.912104	3.326636
869.312648	82.917402	3.228123
873.227486	82.922546	3.129121
877.159954	82.927536	3.029644
881.110132	82.932370	2.929705
885.078098	82.937047	2.829318
889.063934	82.941565	2.728498
893.067720	82.945924	2.627258
897.089536	82.950122	2.525613
901.129464	82.954158	2.423577
905.187585	82.958031	2.321167
909.263981	82.961740	2.218396
913.358735	82.965284	2.115279
917.471930	82.968662	2.011833
921.603647	82.971872	1.908072
925.753971	82.974915	1.804013
929.922985	82.977789	1.699670
934.110774	82.980494	1.595061
938.317423	82.983028	1.490200
942.543015	82.985391	1.385104
946.787637	82.987582	1.279790
951.051374	82.989601	1.174273
955.334312	82.991447	1.068570
959.636538	82.993119	0.962698
963.958138	82.994618	0.856673
968.299200	82.995942	0.750512
972.659812	82.997092	0.644232
977.040060	82.998066	0.537849
981.440035	82.998866	0.431381
985.859825	82.999489	0.324843
990.299518	82.999937	0.218254
994.759205	83.000210	0.111630
999.238976	83.000306	0.004988
1003.738921	83.000226	-0.101655
1008.259131	82.999970	-0.208282
1012.799697	82.999539	-0.314876
1017.360710	82.998932	-0.421420
1021.942264	82.998149	-0.527897
1026.544450	82.997190	-0.634291
1031.167362	82.996057	-0.740583
1035.811092	82.994749	-0.846759
1040.475735	82.993267	-0.952800
1045.161384	82.991610	-1.058690
1049.868134	82.989780	-1.164413
1054.596081	82.987778	-1.269952
1059.345319	82.985602	-1.375290
1064.115945	82.983255	-1.480411
1068.908055	82.980737	-1.585299
1073.721746	82.978048	-1.689938
1078.557114	82.975190	-1.794312
1083.414258	82.972163	-1.898404
1088.293276	82.968967	-2.002199
1093.194265	82.965605	-2.105682
1098.117325	82.962076	-2.208837
1103.062556	82.958382	-2.311647
1108.030057	82.954524	-2.414100
1113.019929	82.950503	-2.516178
1118.032272	82.946319	-2.617868
1123.067187	82.941975	-2.719154
1128.124776	82.937471	-2.820023
1133.205141	82.932808	-2.920459
1138.308386	82.927988	-3.020449
1143.434612	82.923012	-3.119979
1148.583923	82.917881	-3.219035
1153.756424	82.912598	-3.317604
1158.952218	82.907162	-3.415671
1164.171411	82.901576	-3.513225
1169.414108	82.895840	-3.610252
1174.680415	82.889958	-3.706739
1179.970438	82.883929	-3.802675
1185.284283	82.877756	-3.898046
1190.622059	82.871440	-3.992842
1195.983873	82.864983	-4.087050
1201.369834	82.858387	-4.180658
1206.780049	82.851652	-4.273656
1212.214628	82.844782	-4.366033
1217.673682	82.837777	-4.457777
1223.157319	82.830639	-4.548879
1228.665652	82.823370	-4.639328
1234.198790	82.815972	-4.729114
1239.756846	82.808447	-4.818227
1245.339933	82.800796	-4.906658
1250.948162	82.793022	-4.994398
1256.581646	82.785126	-5.081438
1262.240501	82.777109	-5.167770
1267.924839	82.768975	-5.253384
1273.634777	82.760725	-5.338272
1279.370428	82.752360	-5.422428
1285.131909	82.743883	-5.505842
1290.919336	82.735296	-5.588509
1296.732826	82.726601	-5.670420
1302.572496	82.717798	-5.751569
1308.438464	82.708892	-5.831949
1314.330850	82.699883	-5.911555
1320.249770	82.690773	-5.990380
1326.195346	82.681565	-6.068418
1332.167697	82.672261	-6.145663
1338.166944	82.662862	-6.222112
1344.193207	82.653370	-6.297758
1350.246609	82.643788	-6.372597
1356.327272	82.634117	-6.446625
1362.435318	82.624360	-6.519836
1368.570871	82.614518	-6.592228
1374.734055	82.604594	-6.663797
1380.924994	82.594589	-6.734539
1387.143813	82.584506	-6.804450
1393.390637	82.574346	-6.873529
1399.665593	82.564112	-6.941771
1405.968808	82.553805	-7.009176
1412.300409	82.543428	-7.075739
1418.660523	82.532982	-7.141461
1425.049279	82.522469	-7.206337
1431.466806	82.511892	-7.270368
1437.913233	82.501252	-7.333552
1444.388692	82.490551	-7.395887
1450.893311	82.479791	-7.457372
1457.427223	82.468974	-7.518008
1463.990560	82.458103	-7.577793
1470.583454	82.447178	-7.636727
1477.206039	82.436201	-7.694810
1483.858447	82.425176	-7.752043
1490.540813	82.414103	-7.808425
1497.253273	82.402984	-7.863957
1503.995962	82.391821	-7.918640
1510.769015	82.380616	-7.972474
1517.572570	82.369371	-8.025462
1524.406763	82.358088	-8.077603
1531.271734	82.346768	-8.128900
1538.167620	82.335413	-8.179354
1545.094561	82.324024	-8.228966
1552.052697	82.312605	-8.277740
1559.042167	82.301155	-8.325676
1566.063114	82.289677	-8.372777
1573.115679	82.278173	-8.419046
1580.200004	82.266644	-8.464486
1587.316232	82.255092	-8.509098
1594.464508	82.243519	-8.552885
1601.644975	82.231925	-8.595852
1608.857778	82.220314	-8.638000
1616.103063	82.208685	-8.679333
1623.380976	82.197041	-8.719855
1630.691664	82.185384	-8.759569
1638.035275	82.173714	-8.798478
1645.411958	82.162033	-8.836587
1652.821860	82.150343	-8.873899
1660.265131	82.138646	-8.910419
1667.741923	82.126942	-8.946149
1675.252385	82.115232	-8.981096
1682.796670	82.103520	-9.015262
1690.374929	82.091805	-9.048652
1697.987316	82.080088	-9.081271
1705.633985	82.068373	-9.113124
1713.315089	82.056659	-9.144214
1721.030784	82.044948	-9.174547
1728.781226	82.033241	-9.204128
1736.566571	82.021540	-9.232961
1744.386976	82.009845	-9.261052
1752.242599	81.998159	-9.288405
1760.133600	81.986481	-9.315025
1768.060136	81.974813	-9.340919
1776.022368	81.963157	-9.366090
1784.020458	81.951514	-9.390545
1792.054565	81.939883	-9.414289
1800.124854	81.928268	-9.437327
1808.231485	81.916668	-9.459664
1816.374624	81.905085	-9.481307
1824.554435	81.893520	-9.502260
1832.771082	81.881974	-9.522530
1841.024732	81.870447	-9.542122
1849.315551	81.858941	-9.561041
1857.643707	81.847457	-9.579294
1866.009368	81.835995	-9.596886
1874.412702	81.824556	-9.613823
1882.853880	81.813142	-9.630111
1891.333071	81.801754	-9.645756
1899.850447	81.790391	-9.660763
1908.406181	81.779055	-9.675138
1917.000444	81.767747	-9.688888
1925.633410	81.756467	-9.702018
1934.305253	81.745217	-9.714534
1943.016149	81.733996	-9.726442
1951.766274	81.722807	-9.737749
1960.555803	81.711649	-9.748460
1969.384915	81.700522	-9.758580
1978.253788	81.689429	-9.768117
1987.162601	81.678370	-9.777076
1996.111533	81.667344	-9.785464
2005.100766	81.656354	-9.793285
2014.130480	81.645398	-9.800546
2023.200859	81.634479	-9.807254
2032.312085	81.623597	-9.813414
2041.464343	81.612751	-9.819032
2050.657816	81.601943	-9.824114
2059.892691	81.591174	-9.828666
2069.169154	81.580443	-9.832694
2078.487392	81.569752	-9.836204
2087.847594	81.559101	-9.839202
2097.249948	81.548489	-9.841694
2106.694645	81.537919	-9.843686
2116.181875	81.527389	-9.845184
2125.711829	81.516902	-9.846193
2135.284700	81.506456	-9.846720
2144.900681	81.496053	-9.846770
2154.559967	81.485692	-9.846349
2164.262752	81.475375	-9.845464
2174.009232	81.465102	-9.844119
2183.799604	81.454872	-9.842320
2193.634066	81.444686	-9.840074
2203.512816	81.434546	-9.837386
2213.436054	81.424450	-9.834261
2223.403980	81.414399	-9.830706
2233.416795	81.404394	-9.826726
2243.474702	81.394434	-9.822326
2253.577903	81.384521	-9.817512
2263.726602	81.374654	-9.812290
2273.921005	81.364834	-9.806666
2284.161317	81.355060	-9.800643
2294.447745	81.345333	-9.794229
2304.780497	81.335654	-9.787429
2315.159781	81.326022	-9.780247
2325.585807	81.316437	-9.772690
2336.058785	81.306900	-9.764762
2346.578926	81.297412	-9.756470
2357.146444	81.287971	-9.747817
2367.761551	81.278579	-9.738810
2378.424462	81.269235	-9.729453
2389.135392	81.259939	-9.719752
2399.894558	81.250692	-9.709711
2410.702175	81.241494	-9.699337
2421.558464	81.232345	-9.688633
2432.463643	81.223245	-9.677605
2443.417931	81.214194	-9.666258
2454.421551	81.205192	-9.654597
2465.474724	81.196239	-9.642627
2476.577674	81.187335	-9.630351
2487.730624	81.178481	-9.617777
2498.933801	81.169676	-9.604907
2510.187429	81.160921	-9.591747
2521.491737	81.152214	-9.578301
2532.846952	81.143558	-9.564575
2544.253304	81.134951	-9.550572
2555.711023	81.126393	-9.536298
2567.220341	81.117885	-9.521756
2578.781489	81.109426	-9.506952
2590.394701	81.101017	-9.491889
2602.060212	81.092657	-9.476573
2613.778257	81.084346	-9.461007
2625.549073	81.076085	-9.445196
2637.372897	81.067873	-9.429144
2649.249968	81.059711	-9.412856
2661.180526	81.051598	-9.396335
2673.164812	81.043534	-9.379586
2685.203067	81.035519	-9.362613
2697.295535	81.027554	-9.345420
2709.442461	81.019637	-9.328011
2721.644088	81.011769	-9.310390
2733.900663	81.003951	-9.292561
2746.212435	80.996181	-9.274528
2758.579651	80.988459	-9.256295
2771.002561	80.980786	-9.237866
2783.481417	80.973162	-9.219244
2796.016469	80.965586	-9.200433
2808.607971	80.958059	-9.181438
2821.256178	80.950580	-9.162261
2833.961344	80.943148	-9.142906
2846.723726	80.935765	-9.123378
2859.543581	80.928430	-9.103679
2872.421170	80.921142	-9.083813
2885.356751	80.913902	-9.063784
2898.350586	80.906709	-9.043594
2911.402936	80.899564	-9.023249
2924.514067	80.892466	-9.002750
2937.684241	80.885415	-8.982101
2950.913726	80.878410	-8.961306
2964.202788	80.871453	-8.940368
2977.551696	80.864542	-8.919290
2990.960719	80.857677	-8.898075
3004.430128	80.850859	-8.876726
3017.960194	80.844087	-8.855247
3031.551191	80.837361	-8.833641
3045.203394	80.830680	-8.811910
3058.917078	80.824045	-8.790058
3072.692519	80.817456	-8.768088
3086.529997	80.810912	-8.746002
3100.429789	80.804413	-8.723804
3114.392178	80.797959	-8.701496
3128.417444	80.791549	-8.679081
3142.505872	80.785185	-8.656563
3156.657745	80.778864	-8.633943
3170.873349	80.772588	-8.611225
3185.152971	80.766356	-8.588411
3199.496899	80.760167	-8.565504
3213.905424	80.754022	-8.542507
3228.378836	80.747921	-8.519422
3242.917426	80.741863	-8.496251
3257.521490	80.735848	-8.472998
3272.191321	80.729875	-8.449665
3286.927215	80.723946	-8.426254
3301.729471	80.718059	-8.402767
3316.598387	80.712214	-8.379208
3331.534263	80.706411	-8.355578
3346.537401	80.700650	-8.331881
3361.608104	80.694930	-8.308117
3376.746676	80.689252	-8.284290
3391.953422	80.683616	-8.260401
3407.228650	80.678020	-8.236454
3422.572668	80.672465	-8.212449
3437.985786	80.666951	-8.188390
3453.468315	80.661477	-8.164279
3469.020567	80.656043	-8.140117
3484.642857	80.650650	-8.115906
3500.335500	80.645296	-8.091649
3516.098813	80.639981	-8.067348
3531.933114	80.634706	-8.043005
3547.838722	80.629471	-8.018622
3563.815960	80.624274	-7.994200
3579.865149	80.619115	-7.969741
3595.986613	80.613996	-7.945248
3612.180678	80.608914	-7.920722
3628.447672	80.603871	-7.896166
3644.787921	80.598865	-7.871580
3661.201757	80.593897	-7.846967
3677.689510	80.588967	-7.822329
3694.251514	80.584074	-7.797666
3710.888103	80.579218	-7.772982
3727.599612	80.574398	-7.748277
3744.386380	80.569615	-7.723554
3761.248745	80.564869	-7.698813
3778.187047	80.560158	-7.674057
3795.201628	80.555484	-7.649287
3812.292833	80.550845	-7.624504
3829.461006	80.546242	-7.599711
3846.706493	80.541674	-7.574908
3864.029643	80.537141	-7.550098
3881.430806	80.532643	-7.525281
3898.910333	80.528180	-7.500459
3916.468576	80.523751	-7.475634
3934.105891	80.519356	-7.450806
3951.822633	80.514995	-7.425978
3969.619161	80.510668	-7.401151
3987.495832	80.506375	-7.376325
4005.453009	80.502115	-7.351503
4023.491054	80.497888	-7.326686
4041.610331	80.493694	-7.301874
4059.811206	80.489533	-7.277069
4078.094046	80.485404	-7.252273
4096.459220	80.481308	-7.227486
4114.907100	80.477244	-7.202710
4133.438057	80.473211	-7.177946
4152.052466	80.469211	-7.153195
4170.750703	80.465242	-7.128459
4189.533144	80.461304	-7.103737
4208.400171	80.457397	-7.079033
4227.352162	80.453521	-7.054345
4246.389501	80.449675	-7.029677
4265.512573	80.445861	-7.005027
4284.721762	80.442076	-6.980399
4304.017458	80.438321	-6.955792
4323.400050	80.434597	-6.931208
4342.869928	80.430902	-6.906648
4362.427487	80.427236	-6.882112
4382.073121	80.423599	-6.857601
4401.807226	80.419992	-6.833117
4421.630201	80.416414	-6.808661
4441.542447	80.412864	-6.784233
4461.544365	80.409342	-6.759834
4481.636358	80.405849	-6.735465
4501.818834	80.402384	-6.711126
4522.092199	80.398946	-6.686820
4542.456862	80.395537	-6.662546
4562.913235	80.392155	-6.638305
4583.461731	80.388800	-6.614098
4604.102764	80.385472	-6.589927
4624.836751	80.382171	-6.565790
4645.664111	80.378897	-6.541691
4666.585265	80.375649	-6.517628
4687.600634	80.372427	-6.493603
4708.710643	80.369232	-6.469616
4729.915719	80.366063	-6.445669
4751.216289	80.362919	-6.421762
4772.612783	80.359801	-6.397895
4794.105634	80.356709	-6.374069
4815.695274	80.353641	-6.350285
4837.382142	80.350599	-6.326544
4859.166673	80.347581	-6.302845
4881.049308	80.344588	-6.279190
4903.030488	80.341620	-6.255580
4925.110658	80.338676	-6.232014
4947.290264	80.335756	-6.208493
4969.569752	80.332860	-6.185018
4991.949573	80.329988	-6.161590
5014.430179	80.327139	-6.138209
5037.012023	80.324314	-6.114875
5059.695562	80.321512	-6.091589
5082.481253	80.318733	-6.068352
5105.369557	80.315977	-6.045164
5128.360935	80.313244	-6.022025
5151.455852	80.310533	-5.998936
5174.654774	80.307845	-5.975897
5197.958169	80.305179	-5.952909
5221.366508	80.302535	-5.929972
5244.880264	80.299912	-5.907087
5268.499910	80.297312	-5.884254
5292.225925	80.294733	-5.861473
5316.058787	80.292176	-5.838745
5339.998977	80.289640	-5.816070
5364.046979	80.287125	-5.793449
5388.203278	80.284630	-5.770882
5412.468361	80.282157	-5.748369
5436.842720	80.279704	-5.725911
5461.326845	80.277272	-5.703507
5485.921231	80.274860	-5.681159
5510.626375	80.272468	-5.658867
5535.442775	80.270096	-5.636631
5560.370933	80.267743	-5.614450
5585.411352	80.265411	-5.592327
5610.564537	80.263098	-5.570260
5635.830996	80.260804	-5.548250
5661.211239	80.258530	-5.526297
5686.705779	80.256275	-5.504402
5712.315131	80.254038	-5.482565
5738.039810	80.251821	-5.460786
5763.880338	80.249622	-5.439066
5789.837235	80.247441	-5.417404
5815.911026	80.245279	-5.395800
5842.102237	80.243135	-5.374256
5868.411396	80.241009	-5.352771
5894.839035	80.238901	-5.331346
5921.385688	80.236811	-5.309980
5948.051891	80.234738	-5.288673
5974.838181	80.232683	-5.267427
6001.745100	80.230645	-5.246241
6028.773190	80.228624	-5.225116
6055.922998	80.226621	-5.204051
6083.195072	80.224634	-5.183046
6110.589963	80.222665	-5.162103
6138.108222	80.220712	-5.141220
6165.750407	80.218775	-5.120399
6193.517074	80.216855	-5.099638
6221.408785	80.214951	-5.078939
6249.426103	80.213063	-5.058302
6277.569594	80.211192	-5.037726
6305.839825	80.209336	-5.017212
6334.237367	80.207496	-4.996760
6362.762794	80.205671	-4.976369
6391.416682	80.203863	-4.956041
6420.199608	80.202069	-4.935775
6449.112155	80.200291	-4.915570
6478.154906	80.198528	-4.895429
6507.328447	80.196780	-4.875349
6536.633368	80.195047	-4.855332
6566.070259	80.193328	-4.835377
6595.639716	80.191625	-4.815485
6625.342335	80.189936	-4.795656
6655.178716	80.188261	-4.775889
6685.149461	80.186600	-4.756185
6715.255176	80.184954	-4.736543
6745.496468	80.183322	-4.716965
6775.873948	80.181704	-4.697449
6806.388229	80.180099	-4.677996
6837.039927	80.178509	-4.658606
6867.829660	80.176932	-4.639278
6898.758052	80.175368	-4.620014
6929.825726	80.173818	-4.600812
6961.033309	80.172282	-4.581674
6992.381431	80.170758	-4.562598
7023.870725	80.169247	-4.543585
7055.501828	80.167750	-4.524635
7087.275377	80.166265	-4.505748
7119.192014	80.164793	-4.486924
7151.252384	80.163334	-4.468163
7183.457134	80.161887	-4.449465
7215.806913	80.160453	-4.430829
7248.302376	80.159031	-4.412257
7280.944178	80.157621	-4.393747
7313.732978	80.156224	-4.375300
7346.669438	80.154838	-4.356916
7379.754223	80.153465	-4.338594
7412.988001	80.152103	-4.320335
7446.371444	80.150753	-4.302139
7479.905224	80.149414	-4.284005
7513.590019	80.148088	-4.265934
7547.426510	80.146772	-4.247925
7581.415379	80.145468	-4.229979
7615.557313	80.144176	-4.212095
7649.853000	80.142894	-4.194273
7684.303134	80.141623	-4.176514
7718.908409	80.140364	-4.158817
7753.669525	80.139115	-4.141182
7788.587183	80.137878	-4.123609
7823.662088	80.136650	-4.106098
7858.894948	80.135434	-4.088648
7894.286476	80.134228	-4.071261
7929.837384	80.133032	-4.053935
7965.548392	80.131847	-4.036672
8001.420219	80.130672	-4.019469
8037.453590	80.129508	-4.002328
8073.649234	80.128353	-3.985249
8110.007879	80.127209	-3.968231
8146.530261	80.126074	-3.951274
8183.217117	80.124949	-3.934378
8220.069188	80.123834	-3.917543
8257.087217	80.122729	-3.900770
8294.271952	80.121633	-3.884057
8331.624144	80.120547	-3.867404
8369.144547	80.119470	-3.850813
8406.833918	80.118403	-3.834282
8444.693018	80.117345	-3.817811
8482.722612	80.116296	-3.801401
8520.923467	80.115256	-3.785051
8559.296355	80.114225	-3.768761
8597.842050	80.113203	-3.752531
8636.561331	80.112190	-3.736360
8675.454979	80.111186	-3.720250
8714.523780	80.110191	-3.704199
8753.768522	80.109204	-3.688208
8793.189998	80.108226	-3.672276
8832.789003	80.107257	-3.656403
8872.566338	80.106296	-3.640589
8912.522804	80.105343	-3.624835
8952.659210	80.104399	-3.609139
8992.976364	80.103463	-3.593502
9033.475082	80.102535	-3.577924
9074.156181	80.101615	-3.562404
9115.020481	80.100703	-3.546943
9156.068809	80.099799	-3.531540
9197.301993	80.098903	-3.516194
9238.720864	80.098015	-3.500907
9280.326261	80.097135	-3.485678
9322.119022	80.096262	-3.470506
9364.099992	80.095397	-3.455392
9406.270017	80.094540	-3.440335
9448.629950	80.093690	-3.425336
9491.180645	80.092847	-3.410394
9533.922962	80.092012	-3.395508
9576.857763	80.091184	-3.380680
9619.985916	80.090363	-3.365908
9663.308291	80.089550	-3.351193
9706.825763	80.088744	-3.336534
9750.539210	80.087945	-3.321931
9794.449515	80.087152	-3.307385
9838.557564	80.086367	-3.292894
9882.864249	80.085589	-3.278459
9927.370463	80.084817	-3.264080
9972.077104	80.084052	-3.249757
10016.985077	80.083294	-3.235488
10062.095287	80.082543	-3.221275
10107.408645	80.081798	-3.207117
10152.926065	80.081059	-3.193014
10198.648468	80.080328	-3.178966
10244.576776	80.079602	-3.164972
10290.711916	80.078883	-3.151033
10337.054819	80.078170	-3.137147
10383.606422	80.077464	-3.123316
10430.367664	80.076764	-3.109539
10477.339490	80.076069	-3.095816
10524.522847	80.075381	-3.082147
10571.918688	80.074699	-3.068530
10619.527970	80.074023	-3.054968
10667.351655	80.073353	-3.041458
10715.390707	80.072689	-3.028001
10763.646097	80.072031	-3.014598
10812.118799	80.071378	-3.001246
10860.809792	80.070732	-2.987948
10909.720059	80.070091	-2.974702
10958.850586	80.069455	-2.961508
11008.202367	80.068825	-2.948366
11057.776397	80.068201	-2.935275
11107.573677	80.067582	-2.922237
11157.595213	80.066969	-2.909250
11207.842014	80.066361	-2.896315
11258.315096	80.065758	-2.883430
11309.015477	80.065161	-2.870597
11359.944180	80.064569	-2.857815
11411.102234	80.063982	-2.845083
11462.490672	80.063400	-2.832402
11514.110531	80.062824	-2.819771
11565.962854	80.062252	-2.807191
11618.048687	80.061686	-2.794660
11670.369082	80.061125	-2.782180
11722.925095	80.060568	-2.769749
11775.717787	80.060017	-2.757368
11828.748224	80.059470	-2.745036
11882.017477	80.058928	-2.732754
11935.526622	80.058391	-2.720520
11989.276738	80.057859	-2.708336
12043.268911	80.057331	-2.696200
12097.504230	80.056808	-2.684112
12151.983792	80.056290	-2.672074
12206.708695	80.055776	-2.660083
12261.680045	80.055267	-2.648140
12316.898951	80.054762	-2.636246
12372.366529	80.054262	-2.624399
12428.083897	80.053766	-2.612599
12484.052182	80.053274	-2.600847
12540.272513	80.052787	-2.589143
12596.746024	80.052304	-2.577485
12653.473857	80.051826	-2.565874
12710.457157	80.051351	-2.554310
12767.697073	80.050881	-2.542793
12825.194762	80.050415	-2.531321
12882.951385	80.049953	-2.519897
12940.968107	80.049495	-2.508518
12999.246100	80.049042	-2.497185
13057.786541	80.048592	-2.485898
13116.590611	80.048146	-2.474656
13175.659497	80.047704	-2.463460
13234.994393	80.047267	-2.452309
13294.596495	80.046832	-2.441203
13354.467009	80.046402	-2.430142
13414.607141	80.045976	-2.419126
13475.018107	80.045553	-2.408155
13535.701126	80.045134	-2.397227
13596.657423	80.044719	-2.386344
13657.888229	80.044308	-2.375506
13719.394780	80.043900	-2.364711
13781.178318	80.043496	-2.353959
13843.240090	80.043095	-2.343252
13905.581349	80.042698	-2.332588
13968.203354	80.042304	-2.321967
14031.107370	80.041914	-2.311389
14094.294666	80.041528	-2.300854
14157.766517	80.041144	-2.290362
14221.524206	80.040765	-2.279912
14285.569019	80.040388	-2.269505
14349.902251	80.040015	-2.259140
14414.525198	80.039645	-2.248817
14479.439167	80.039279	-2.238537
14544.645467	80.038916	-2.228298
14610.145416	80.038555	-2.218100
14675.940335	80.038199	-2.207944
14742.031554	80.037845	-2.197830
14808.420405	80.037494	-2.187756
14875.108231	80.037147	-2.177724
14942.096376	80.036803	-2.167732
15009.386194	80.036461	-2.157781
15076.979043	80.036123	-2.147871
15144.876288	80.035788	-2.138001
15213.079300	80.035455	-2.128171
15281.589454	80.035126	-2.118381
15350.408136	80.034800	-2.108630
15419.536734	80.034476	-2.098920
15488.976643	80.034155	-2.089249
15558.729267	80.033838	-2.079618
15628.796012	80.033523	-2.070026
15699.178294	80.033210	-2.060472
15769.877533	80.032901	-2.050958
15840.895158	80.032594	-2.041483
15912.232601	80.032290	-2.032046
15983.891303	80.031989	-2.022647
16055.872711	80.031691	-2.013287
16128.178278	80.031395	-2.003965
16200.809464	80.031101	-1.994681
16273.767736	80.030811	-1.985435
16347.054565	80.030523	-1.976226
16420.671432	80.030237	-1.967055
16494.619824	80.029954	-1.957921
16568.901232	80.029673	-1.948825
16643.517158	80.029395	-1.939765
16718.469106	80.029120	-1.930743
16793.758592	80.028847	-1.921757
16869.387133	80.028576	-1.912807
16945.356258	80.028308	-1.903895
17021.667501	80.028042	-1.895018
17098.322401	80.027779	-1.886178
17175.322507	80.027518	-1.877373
17252.669373	80.027259	-1.868604
17330.364561	80.027002	-1.859872
17408.409639	80.026748	-1.851174
17486.806183	80.026496	-1.842512
17565.555775	80.026246	-1.833885
17644.660007	80.025999	-1.825294
17724.120474	80.025753	-1.816737
17803.938782	80.025510	-1.808215
17884.116540	80.025269	-1.799727
17964.655370	80.025030	-1.791274
18045.556895	80.024794	-1.782856
18126.822750	80.024559	-1.774472
18208.454576	80.024327	-1.766121
18290.454020	80.024096	-1.757805
18372.822738	80.023868	-1.749522
18455.562392	80.023642	-1.741273
18538.674655	80.023417	-1.733058
18622.161203	80.023195	-1.724875
18706.023721	80.022975	-1.716726
18790.263904	80.022756	-1.708610
18874.883452	80.022540	-1.700527
18959.884073	80.022325	-1.692476
19045.267484	80.022113	-1.684459
19131.035407	80.021902	-1.676473
19217.189576	80.021693	-1.668520
19303.731729	80.021486	-1.660599
19390.663613	80.021281	-1.652710
19477.986984	80.021078	-1.644853
19565.703605	80.020876	-1.637028
19653.815246	80.020676	-1.629235
19742.323687	80.020479	-1.621472
19831.230714	80.020282	-1.613742
19920.538122	80.020088	-1.606042
