* Frequency[Hz]	Magnitude[dB]	Phase[deg]
20.070215	38.122689	-325.703260
20.167737	38.352761	-326.609139
20.265732	38.636217	-327.516134
20.364204	38.923945	-328.462385
20.463154	39.180874	-329.385608
20.562585	39.424774	-330.322371
20.662499	39.694029	-331.273920
20.762899	39.980357	-332.203344
20.863787	40.235602	-333.147620
20.965164	40.514309	-334.107022
21.067035	40.780394	-335.080705
21.169400	41.049495	-336.032120
21.272263	41.309502	-337.023000
21.375625	41.571730	-338.004012
21.479490	41.830537	-338.999548
21.583860	42.101001	-339.976092
21.688736	42.368216	-340.999984
21.794122	42.640391	-342.027544
21.900021	42.902178	-343.025684
22.006434	43.193292	-344.038724
22.113363	43.452531	-345.101786
22.220813	43.731217	-346.092162
22.328785	43.989701	-347.163439
22.437281	44.265295	-348.219068
22.546304	44.551619	-349.280119
22.655857	44.816062	-350.346863
22.765943	45.099608	-351.431570
22.876563	45.370108	-352.532212
22.987721	45.656119	-353.619610
23.099419	45.922532	-354.735947
23.211660	46.207152	-355.857237
23.324446	46.475189	-356.987675
23.437780	46.760942	-358.108294
23.551665	47.035227	-359.284545
23.666103	47.312865	-360.452272
23.781097	47.598922	-361.610534
23.896650	47.887493	-362.794930
24.012765	48.167151	-364.018344
24.129444	48.451532	-365.208557
24.246689	48.739496	-366.437405
24.364505	49.019102	-367.688695
24.482893	49.309782	-368.942332
24.601856	49.604292	-370.202627
24.721397	49.880921	-371.503026
24.841519	50.175384	-372.785836
24.962225	50.464668	-374.124597
25.083517	50.750564	-375.465791
25.205398	51.045224	-376.823858
25.327872	51.332027	-378.209090
25.450941	51.638160	-379.600624
25.574608	51.926987	-381.026466
25.698875	52.232673	-382.468891
25.823747	52.518096	-383.952752
25.949225	52.823272	-385.448466
26.075313	53.112901	-386.970268
26.202014	53.409729	-388.520982
26.329331	53.710615	-390.088609
26.457266	54.007434	-391.701209
26.585822	54.308315	-393.330483
26.715003	54.606181	-394.996541
26.844812	54.912466	-396.681309
26.975252	55.215709	-398.417378
27.106326	55.505809	-400.188558
27.238036	55.806539	-401.990731
27.370386	56.106394	-403.829951
27.503380	56.400303	-405.711874
27.637020	56.693447	-407.630850
27.771309	57.002076	-409.588392
27.906250	57.286569	-411.594779
28.041848	57.581751	-413.640934
28.178104	57.870124	-415.739292
28.315022	58.151473	-417.878331
28.452606	58.439606	-420.066144
28.590858	58.721858	-422.298135
28.729781	58.986018	-424.581877
28.869380	59.257554	-426.912108
29.009657	59.521426	-429.287949
29.150616	59.784259	-431.709365
29.292260	60.039670	-434.176792
29.434592	60.287140	-436.688591
29.577615	60.521660	-439.245494
29.721334	60.753607	-441.839683
29.865751	60.972649	-444.470801
30.010869	61.186881	-447.137871
30.156693	61.397592	-449.834710
30.303225	61.589848	-452.558146
30.450470	61.771556	-455.305470
30.598429	61.946686	-458.070621
30.747108	62.114192	-460.852578
30.896509	62.264923	-463.641817
31.046636	62.404488	-466.435284
31.197493	62.536385	-469.225974
31.349082	62.657498	-472.016235
31.501408	62.766024	-474.792550
31.654474	62.864077	-477.556562
31.808284	62.952547	-480.303376
31.962842	63.025955	-483.023568
32.118150	63.101415	-485.728080
32.274213	63.153723	-488.388165
32.431035	63.215162	-491.027833
32.588618	63.252722	-493.628454
32.746967	63.287403	-496.188777
32.906085	63.314775	-498.703457
33.065977	63.336769	-501.190864
33.226646	63.352510	-503.622780
33.388095	63.357929	-506.020177
33.550329	63.362264	-508.372635
33.713351	63.367125	-510.685439
33.877165	63.359999	-512.951615
34.041775	63.351539	-515.171624
34.207185	63.341875	-517.348637
34.373399	63.326259	-519.486892
34.540420	63.311284	-521.574282
34.708253	63.298409	-523.642519
34.876901	63.275033	-525.659212
35.046369	63.255162	-527.627562
35.216660	63.231571	-529.572653
35.387779	63.208584	-531.473959
35.559729	63.183630	-533.340470
35.732515	63.158087	-535.184341
35.906141	63.133884	-536.989081
36.080610	63.106951	-538.756675
36.255926	63.080045	-540.503544
36.432095	63.054792	-542.224983
36.609120	63.030744	-543.906229
36.787004	63.005291	-545.574667
36.965753	62.978569	-547.198924
37.145371	62.955569	-548.810573
37.325862	62.929956	-550.391708
37.507229	62.906817	-551.945963
37.689478	62.880078	-553.484041
37.872612	62.859846	-555.004541
38.056636	62.836822	-556.500564
38.241554	62.814487	-557.974530
38.427371	62.792685	-559.425317
38.614091	62.773388	-560.868162
38.801718	62.754574	-562.289937
38.990257	62.735341	-563.690295
39.179711	62.715809	-565.070518
39.370087	62.700471	-566.448454
39.561387	62.684871	-567.806431
39.753617	62.670791	-569.147776
39.946781	62.654472	-570.469850
40.140884	62.641838	-571.780111
40.335929	62.628203	-573.083927
40.531923	62.616515	-574.366352
40.728869	62.605190	-575.644184
40.926771	62.594179	-576.907154
41.125636	62.586649	-578.162680
41.325466	62.578152	-579.403884
41.526268	62.571368	-580.624382
41.728045	62.565867	-581.850456
41.930803	62.560275	-583.051873
42.134546	62.556904	-584.256260
42.339279	62.554855	-585.447887
42.545007	62.555092	-586.642549
42.751734	62.555114	-587.818850
42.959466	62.556511	-588.994376
43.168208	62.559728	-590.155975
43.377963	62.564425	-591.319450
43.588738	62.568320	-592.474343
43.800537	62.573816	-593.617109
44.013365	62.580881	-594.761415
44.227227	62.590248	-595.906846
44.442129	62.598148	-597.042902
44.658074	62.608543	-598.177199
44.875069	62.619219	-599.316389
45.093119	62.631548	-600.448736
45.312227	62.644286	-601.571318
45.532401	62.657628	-602.712042
45.753644	62.670714	-603.843828
45.975962	62.686634	-604.972769
46.199361	62.702564	-606.118704
46.423845	62.719743	-607.251806
46.649420	62.736534	-608.388402
46.876091	62.755743	-609.540338
47.103863	62.773864	-610.678915
47.332742	62.792912	-611.833787
47.562733	62.811473	-612.995955
47.793842	62.830803	-614.150099
48.026073	62.849742	-615.322334
48.259434	62.868147	-616.497248
48.493928	62.885905	-617.662869
48.729561	62.902441	-618.853368
48.966339	62.918521	-620.032582
49.204268	62.933225	-621.218821
49.443353	62.946466	-622.421118
49.683600	62.960047	-623.614218
49.925014	62.970943	-624.815429
50.167601	62.980335	-626.019141
50.411367	62.989015	-627.217323
50.656317	62.995554	-628.414299
50.902458	62.998951	-629.612373
51.149794	63.002675	-630.789634
51.398333	63.000954	-631.979038
51.648079	62.998222	-633.139412
51.899038	62.995328	-634.282630
52.151217	62.987272	-635.423512
52.404621	62.979534	-636.540778
52.659257	62.971161	-637.627040
52.915130	62.961190	-638.702816
53.172246	62.953275	-639.740285
53.430611	62.945211	-640.762696
53.690232	62.938060	-641.759738
53.951115	62.935448	-642.724021
54.213265	62.932763	-643.680195
54.476689	62.934583	-644.617594
54.741392	62.943318	-645.540663
55.007382	62.950505	-646.463056
55.274665	62.965300	-647.381817
55.543246	62.985624	-648.307775
55.813132	63.005481	-649.245672
56.084330	63.032266	-650.205387
56.356845	63.060587	-651.181846
56.630685	63.087937	-652.182849
56.905855	63.119747	-653.210516
57.182362	63.148979	-654.257873
57.460213	63.177109	-655.330586
57.739414	63.207718	-656.431899
58.019971	63.230181	-657.535215
58.301892	63.253645	-658.658774
58.585183	63.276512	-659.802944
58.869850	63.289721	-660.929936
59.155900	63.303848	-662.077079
59.443340	63.315393	-663.227863
59.732177	63.319988	-664.355409
60.022418	63.324975	-665.501107
60.314068	63.326976	-666.617263
60.607136	63.325852	-667.713036
60.901628	63.326523	-668.824929
61.197551	63.324134	-669.876878
61.494912	63.321481	-670.920261
61.793717	63.321325	-671.980849
62.093975	63.316658	-672.957601
62.395691	63.314174	-673.951667
62.698874	63.313683	-674.945915
63.003529	63.311736	-675.861943
63.309665	63.312587	-676.807486
63.617289	63.316708	-677.735524
63.926407	63.324229	-678.621887
64.237027	63.333801	-679.553598
64.549157	63.351088	-680.455687
64.862803	63.372838	-681.368487
65.177973	63.394466	-682.340297
65.494675	63.426637	-683.280254
65.812916	63.458060	-684.273608
66.132702	63.487096	-685.329222
66.454043	63.526520	-686.357678
66.776945	63.558706	-687.454640
67.101416	63.588704	-688.597071
67.427464	63.625495	-689.752430
67.755096	63.649323	-690.953896
68.084320	63.673198	-692.180698
68.415144	63.695939	-693.421174
68.747575	63.703288	-694.663804
69.081622	63.715878	-695.911014
69.417291	63.721550	-697.136146
69.754592	63.713852	-698.321560
70.093531	63.718910	-699.508377
70.434118	63.715153	-700.635916
70.776359	63.705941	-701.715179
71.120264	63.704505	-702.818851
71.465839	63.698475	-703.850318
71.813094	63.693195	-704.863388
72.162036	63.691831	-705.890601
72.512673	63.690468	-706.853541
72.865014	63.694058	-707.840367
73.219068	63.701640	-708.826305
73.574841	63.711590	-709.761765
73.932343	63.726262	-710.768742
74.291583	63.744650	-711.758672
74.652568	63.765876	-712.719956
75.015307	63.785491	-713.772729
75.379808	63.808683	-714.798320
75.746081	63.832560	-715.827676
76.114133	63.852499	-716.911442
76.483974	63.876186	-717.977191
76.855612	63.897220	-719.069048
77.229056	63.915661	-720.190565
77.604314	63.937352	-721.301149
77.981396	63.953015	-722.441610
78.360310	63.968020	-723.590162
78.741065	63.985840	-724.732907
79.123670	63.994036	-725.897857
79.508134	64.003913	-727.062279
79.894466	64.014657	-728.226544
80.282676	64.016759	-729.401141
80.672772	64.021187	-730.577098
81.064763	64.023731	-731.751360
81.458659	64.021095	-732.921736
81.854469	64.020237	-734.095681
82.252202	64.016362	-735.258305
82.651868	64.010573	-736.414223
83.053476	64.005775	-737.576018
83.457035	63.997384	-738.715334
83.862555	63.988577	-739.853158
84.270046	63.980166	-740.995607
84.679517	63.969751	-742.103617
85.090977	63.959340	-743.216312
85.504436	63.949494	-744.324546
85.919905	63.941177	-745.412162
86.337392	63.932472	-746.501959
86.756908	63.925457	-747.585029
87.178463	63.920537	-748.659156
87.602065	63.914838	-749.732609
88.027726	63.913052	-750.804597
88.455456	63.912748	-751.872776
88.885263	63.911310	-752.936201
89.317159	63.916024	-754.017766
89.751154	63.920500	-755.092992
90.187257	63.924595	-756.165314
90.625480	63.932751	-757.274115
91.065832	63.940142	-758.368013
91.508323	63.947926	-759.471085
91.952965	63.957631	-760.604340
92.399767	63.967092	-761.715582
92.848740	63.976875	-762.854755
93.299895	63.987294	-764.007515
93.753242	63.998868	-765.132295
94.208792	64.007274	-766.309145
94.666555	64.016824	-767.477572
95.126543	64.029424	-768.616568
95.588765	64.034025	-769.821686
96.053234	64.043316	-770.999432
96.519959	64.054257	-772.169812
96.988953	64.057911	-773.377844
97.460225	64.068378	-774.570164
97.933787	64.076090	-775.774599
98.409650	64.079069	-777.002759
98.887825	64.089491	-778.233117
99.368324	64.090705	-779.482167
99.851158	64.090680	-780.750262
100.336337	64.097491	-782.036924
100.823875	64.087105	-783.316454
101.313781	64.079603	-784.617768
101.806067	64.074611	-785.939192
102.300746	64.051434	-787.217631
102.797828	64.032569	-788.526940
103.297326	64.010548	-789.827873
103.799251	63.977178	-791.078134
104.303614	63.947350	-792.360122
104.810429	63.912080	-793.581859
105.319705	63.872968	-794.759173
105.831457	63.837135	-795.971134
106.345695	63.800290	-797.072506
106.862432	63.765537	-798.168349
107.381680	63.734166	-799.307317
107.903450	63.711099	-800.303306
108.427756	63.691217	-801.350265
108.954610	63.676802	-802.426873
109.484024	63.675628	-803.450732
110.016010	63.675185	-804.550315
110.550581	63.683977	-805.690078
111.087749	63.703670	-806.860850
111.627528	63.718199	-808.123869
112.169929	63.742245	-809.454722
112.714966	63.765012	-810.859800
113.262652	63.773692	-812.341816
113.812998	63.785725	-813.905016
114.366019	63.781790	-815.510729
114.921727	63.758784	-817.134878
115.480135	63.728841	-818.809452
116.041256	63.679181	-820.440427
116.605104	63.613379	-822.023474
117.171691	63.536308	-823.565653
117.741032	63.447714	-825.005114
118.313139	63.350229	-826.365021
118.888026	63.247271	-827.641012
119.465707	63.142996	-828.808135
120.046194	63.036835	-829.902067
120.629502	62.933004	-830.912321
121.215644	62.834284	-831.839219
121.804634	62.738812	-832.700379
122.396487	62.650442	-833.497731
122.991215	62.569808	-834.240046
123.588833	62.497313	-834.933641
124.189355	62.433205	-835.587623
124.792794	62.378483	-836.212162
125.399166	62.333744	-836.814671
126.008484	62.297501	-837.394852
126.620763	62.271464	-837.974025
127.236017	62.254936	-838.550168
127.854261	62.246800	-839.116328
128.475508	62.246758	-839.708941
129.099774	62.254949	-840.304946
129.727074	62.271068	-840.903515
130.357422	62.290100	-841.544428
130.990832	62.317273	-842.191946
131.627321	62.349828	-842.853806
132.266901	62.383269	-843.540561
132.909590	62.424876	-844.243524
133.555402	62.469205	-844.957329
134.204351	62.516314	-845.685513
134.856454	62.571617	-846.441397
135.511726	62.629944	-847.195393
136.170181	62.694427	-847.973185
136.831836	62.766917	-848.793579
137.496706	62.846330	-849.608059
138.164806	62.933227	-850.473493
138.836153	63.027896	-851.391922
139.510762	63.132860	-852.336716
140.188649	63.243526	-853.355184
140.869830	63.361586	-854.443888
141.554320	63.487597	-855.602622
142.242137	63.615839	-856.851197
142.933296	63.747869	-858.190801
143.627813	63.881021	-859.624494
144.325704	64.011490	-861.153938
145.026987	64.137957	-862.776025
145.731678	64.258231	-864.489102
146.439792	64.370410	-866.287495
147.151347	64.470764	-868.153282
147.866360	64.560037	-870.089371
148.584847	64.636741	-872.079107
149.306825	64.699267	-874.100236
150.032311	64.747999	-876.157675
150.761323	64.784430	-878.227392
151.493876	64.808659	-880.295979
152.229990	64.819171	-882.363812
152.969679	64.823261	-884.416394
153.712964	64.817879	-886.445199
154.459859	64.801186	-888.443399
155.210384	64.785834	-890.428551
155.964556	64.762495	-892.371786
156.722392	64.732671	-894.275306
157.483911	64.704376	-896.178548
158.249130	64.670723	-898.029317
159.018067	64.633089	-899.852726
159.790741	64.592755	-901.669398
160.567169	64.550117	-903.435392
161.347369	64.500731	-905.190703
162.131361	64.446756	-906.927594
162.919162	64.392638	-908.620744
163.710791	64.326709	-910.299958
164.506266	64.258527	-911.948013
165.305607	64.191310	-913.560501
166.108832	64.110897	-915.131341
166.915959	64.032266	-916.672098
167.727009	63.953576	-918.175831
168.541999	63.870372	-919.623964
169.360950	63.789430	-921.048764
170.183880	63.710731	-922.430375
171.010808	63.634281	-923.766228
171.841755	63.560273	-925.084231
172.676739	63.491294	-926.357347
173.515780	63.426002	-927.601907
174.358898	63.363152	-928.833219
175.206113	63.304106	-930.030699
176.057445	63.247635	-931.214875
176.912913	63.193169	-932.387079
177.772538	63.138267	-933.532192
178.636340	63.085774	-934.669567
179.504339	63.033934	-935.789413
180.376556	62.981150	-936.882139
181.253011	62.930863	-937.969740
182.133725	62.882481	-939.027216
183.018718	62.836151	-940.060988
183.908011	62.792301	-941.092438
184.801625	62.756671	-942.089488
185.699582	62.724982	-943.076459
186.601902	62.695494	-944.063471
187.508606	62.681174	-945.023401
188.419715	62.668799	-945.984430
189.335252	62.660579	-946.948172
190.255238	62.662575	-947.917654
191.179694	62.666209	-948.889710
192.108641	62.672724	-949.874027
193.042103	62.682543	-950.874004
193.980100	62.693950	-951.878024
194.922655	62.704843	-952.900394
195.869790	62.716274	-953.935563
196.821527	62.729310	-954.976593
197.777888	62.742031	-956.025072
198.738897	62.755880	-957.080876
199.704575	62.771659	-958.142976
200.674945	62.794210	-959.201317
201.650031	62.817562	-960.266813
202.629854	62.845584	-961.337691
203.614439	62.882728	-962.410793
204.603807	62.920240	-963.490125
205.597983	62.963960	-964.594770
206.596990	63.013081	-965.722043
207.600850	63.062374	-966.855279
208.609589	63.115204	-968.054561
209.623229	63.169178	-969.279347
210.641794	63.223104	-970.509810
211.665309	63.273547	-971.833388
212.693797	63.323683	-973.163689
213.727282	63.371678	-974.509837
214.765789	63.411457	-975.908209
215.809343	63.450860	-977.308884
216.857967	63.484840	-978.719894
217.911686	63.511212	-980.143830
218.970525	63.537081	-981.568639
220.034509	63.556215	-982.988911
221.103663	63.571213	-984.405831
222.178012	63.585676	-985.822148
223.257582	63.595656	-987.216829
224.342397	63.604612	-988.605597
225.432483	63.613289	-989.990167
226.527866	63.622636	-991.349394
227.628572	63.632063	-992.704742
228.734626	63.642980	-994.054651
229.846054	63.657679	-995.397017
230.962883	63.672779	-996.735473
232.085138	63.691180	-998.083658
233.212846	63.712828	-999.442004
234.346034	63.734922	-1000.797622
235.484729	63.758795	-1002.186568
236.628956	63.783586	-1003.587460
237.778743	63.808775	-1004.987018
238.934117	63.827590	-1006.426894
240.095105	63.846506	-1007.869086
241.261734	63.862939	-1009.312659
242.434031	63.865566	-1010.764146
243.612026	63.868681	-1012.216869
244.795743	63.864423	-1013.655783
245.985213	63.848254	-1015.073149
247.180462	63.832387	-1016.492058
248.381520	63.809954	-1017.868742
249.588413	63.783142	-1019.218666
250.801170	63.756296	-1020.569393
252.019820	63.733005	-1021.856481
253.244392	63.710200	-1023.130126
254.474914	63.687902	-1024.400667
255.711415	63.679608	-1025.619371
256.953924	63.671063	-1026.836486
258.202471	63.665828	-1028.047731
259.457084	63.669993	-1029.245308
260.717794	63.674017	-1030.440476
261.984629	63.680035	-1031.644629
263.257620	63.688217	-1032.857886
264.536796	63.696407	-1034.068219
265.822188	63.703455	-1035.306740
267.113826	63.710249	-1036.555092
268.411740	63.717329	-1037.800523
269.715960	63.721703	-1039.076100
271.026518	63.726407	-1040.351942
272.343444	63.730714	-1041.625877
273.666769	63.729940	-1042.899679
274.996523	63.729751	-1044.172206
276.332740	63.726091	-1045.428681
277.675448	63.715883	-1046.658757
279.024682	63.706042	-1047.888182
280.380471	63.691169	-1049.079305
281.742848	63.672776	-1050.243463
283.111844	63.654647	-1051.407298
284.487493	63.639801	-1052.522911
285.869826	63.625959	-1053.626738
287.258876	63.612950	-1054.729626
288.654675	63.619378	-1055.806488
290.057257	63.626137	-1056.882848
291.466653	63.639184	-1057.966682
292.882898	63.670724	-1059.073937
294.306025	63.702632	-1060.180793
295.736066	63.741334	-1061.333691
297.173057	63.787850	-1062.539452
298.617029	63.834880	-1063.745347
300.068018	63.880086	-1065.042594
301.526057	63.924913	-1066.382244
302.991181	63.970454	-1067.722968
304.463424	63.998017	-1069.156474
305.942821	64.024339	-1070.601376
307.429406	64.047256	-1072.049818
308.923214	64.042320	-1073.510838
310.424281	64.037823	-1074.974560
311.932642	64.022904	-1076.415756
313.448332	63.987790	-1077.811842
314.971386	63.952956	-1079.210804
316.501841	63.911305	-1080.555210
318.039733	63.864462	-1081.858238
319.585097	63.817859	-1083.164083
321.137971	63.780067	-1084.399792
322.698390	63.744832	-1085.618403
324.266390	63.709879	-1086.839498
325.842010	63.689224	-1087.972198
327.425286	63.668740	-1089.107846
329.016255	63.647700	-1090.226558
330.614955	63.624360	-1091.279015
332.221423	63.601235	-1092.333951
333.835696	63.573903	-1093.365158
335.457813	63.541325	-1094.365609
337.087813	63.509044	-1095.368115
338.725732	63.483268	-1096.347800
340.371611	63.460918	-1097.317181
342.025486	63.438845	-1098.289066
343.687398	63.441271	-1099.234136
345.357385	63.447111	-1100.178445
347.035487	63.455336	-1101.127224
348.721742	63.482317	-1102.089968
350.416191	63.509589	-1103.056134
352.118874	63.538511	-1104.050908
353.829830	63.570653	-1105.101702
355.549099	63.603191	-1106.156292
357.276723	63.631040	-1107.244784
359.012741	63.655101	-1108.363108
360.757194	63.679648	-1109.486378
362.510124	63.687778	-1110.581583
364.271571	63.691119	-1111.672354
366.041577	63.694878	-1112.769112
367.820184	63.679476	-1113.771866
369.607433	63.663927	-1114.778927
371.403366	63.650720	-1115.776586
373.208026	63.646091	-1116.719299
375.021455	63.641484	-1117.667970
376.843695	63.655675	-1118.617856
378.674789	63.695562	-1119.567149
380.514781	63.735436	-1120.522490
382.363714	63.801290	-1121.519703
384.221630	63.881632	-1122.542815
386.088574	63.961978	-1123.571973
387.964590	64.040967	-1124.712877
389.849721	64.119798	-1125.876750
391.744012	64.196273	-1127.056296
393.647508	64.245810	-1128.349485
395.560253	64.295435	-1129.649550
397.482292	64.337877	-1130.962126
399.413670	64.363566	-1132.295031
401.354432	64.389292	-1133.635746
403.304625	64.414283	-1134.991928
405.264294	64.438492	-1136.363191
407.233485	64.462562	-1137.742739
409.212245	64.499496	-1139.132482
411.200619	64.540711	-1140.531265
413.198655	64.581623	-1141.938584
415.206399	64.622420	-1143.294917
417.223899	64.662849	-1144.657446
419.251202	64.697805	-1146.014992
421.288356	64.709353	-1147.318965
423.335408	64.720430	-1148.631612
425.392407	64.727045	-1149.954349
427.459402	64.727183	-1151.287749
429.536439	64.726706	-1152.629925
431.623569	64.739616	-1153.951202
433.720841	64.760424	-1155.263083
435.828303	64.780480	-1156.583873
437.946006	64.823093	-1157.926818
440.073998	64.869303	-1159.281153
442.212330	64.916144	-1160.653225
444.361053	64.986138	-1162.172304
446.520216	65.055134	-1163.700182
448.689871	65.121787	-1165.273852
450.870068	65.184061	-1166.951554
453.060859	65.245183	-1168.638097
455.262295	65.277600	-1170.323545
457.474428	65.281152	-1172.008041
459.697309	65.283287	-1173.701495
461.930992	65.241931	-1175.308866
464.175528	65.182466	-1176.887766
466.430971	65.121157	-1178.475011
468.697372	65.057915	-1179.948795
470.974787	64.992503	-1181.422008
473.263267	64.934284	-1182.889090
475.562867	64.924187	-1184.293644
477.873641	64.911500	-1185.703346
480.195643	64.921720	-1187.133884
482.528927	64.971206	-1188.594908
484.873549	65.017590	-1190.057700
487.229564	65.067264	-1191.631407
489.597027	65.117894	-1193.277723
491.975993	65.164903	-1194.920037
494.366519	65.166581	-1197.187189
496.768660	65.155204	-1199.585585
499.182474	65.140233	-1201.947552
501.608016	65.128991	-1203.681838
504.045344	65.113883	-1205.395395
506.494515	65.094804	-1207.095760
508.955586	65.071574	-1208.801115
511.428617	65.045212	-1210.471725
513.913663	65.016267	-1212.119416
516.410785	64.985444	-1213.741161
518.920040	64.953639	-1215.313546
521.441487	64.918682	-1216.868097
523.975187	64.883774	-1218.382236
526.521197	64.851897	-1219.839050
529.079579	64.821493	-1221.277710
531.650392	64.797217	-1222.665218
534.233697	64.781229	-1224.008188
536.829554	64.776367	-1225.337839
539.438025	64.783674	-1226.637073
542.059170	64.801159	-1227.946437
544.693051	64.827083	-1229.310085
547.339731	64.867050	-1230.699464
549.999270	64.909918	-1232.186919
552.671733	64.954677	-1233.773026
555.357181	65.006509	-1235.427756
558.055678	65.045742	-1237.174562
560.767287	65.082988	-1238.983737
563.492071	65.120548	-1240.849601
566.230096	65.135915	-1242.749199
568.981424	65.151699	-1244.690723
571.746121	65.162448	-1246.661412
574.524253	65.159275	-1248.638749
577.315883	65.151923	-1250.656114
580.121077	65.133503	-1252.684950
582.939903	65.100888	-1254.705538
585.772425	65.059646	-1256.710277
588.618710	65.001768	-1258.644631
591.478825	64.934381	-1260.498811
594.352838	64.865793	-1262.265517
597.240816	64.787041	-1263.882856
600.142827	64.717615	-1265.393054
603.058938	64.663834	-1266.811248
605.989219	64.619439	-1268.115775
608.933738	64.600764	-1269.416451
611.892565	64.602338	-1270.739635
614.865769	64.615620	-1272.104092
617.853420	64.646542	-1273.596467
620.855588	64.681557	-1275.163623
623.872343	64.716509	-1276.821897
626.903757	64.752810	-1278.621119
629.949901	64.781152	-1280.445208
633.010846	64.803293	-1282.351086
636.086664	64.819672	-1284.352888
639.177427	64.825751	-1286.294035
642.283209	64.825272	-1288.302744
645.404082	64.819690	-1290.326781
648.540119	64.812358	-1292.239764
651.691395	64.799897	-1294.203526
654.857982	64.786420	-1296.151280
658.039956	64.773348	-1298.063279
661.237392	64.755873	-1300.028232
664.450363	64.742161	-1301.949419
667.678947	64.727742	-1303.876167
670.923219	64.707304	-1305.863853
674.183254	64.703619	-1307.793082
677.459130	64.695012	-1309.764881
680.750924	64.679751	-1311.784603
684.058713	64.684251	-1313.768800
687.382574	64.676545	-1315.792792
690.722586	64.667016	-1317.850514
694.078827	64.668918	-1319.934946
697.451376	64.657985	-1322.022189
700.840313	64.652458	-1324.098544
704.245716	64.651355	-1326.153625
707.667667	64.640514	-1328.182477
711.106245	64.645889	-1330.270843
714.561531	64.652657	-1332.355648
718.033606	64.653945	-1334.407220
721.522552	64.669958	-1336.553838
725.028451	64.683254	-1338.674172
728.551386	64.695858	-1340.797649
732.091438	64.714674	-1343.024854
735.648692	64.732060	-1345.231304
739.223230	64.753740	-1347.486969
742.815138	64.782530	-1349.823643
746.424498	64.810800	-1352.147789
750.051397	64.840063	-1354.575860
753.695918	64.870011	-1357.062930
757.358149	64.899850	-1359.543925
761.038174	64.919368	-1362.135486
764.736081	64.937114	-1364.744566
768.451956	64.954322	-1367.361849
772.185886	64.964531	-1370.108387
775.937960	64.974915	-1372.855565
779.708265	64.982280	-1375.634158
783.496890	64.982202	-1378.488394
787.303925	64.982401	-1381.345561
791.129457	64.974234	-1384.245512
794.973578	64.958194	-1387.187486
798.836378	64.942546	-1390.134105
802.717948	64.914901	-1393.127477
806.618378	64.883317	-1396.142130
810.537760	64.852375	-1399.162733
814.476186	64.806375	-1402.220039
818.433750	64.760551	-1405.286489
822.410543	64.712855	-1408.360354
826.406660	64.652278	-1411.443295
830.422194	64.593092	-1414.536144
834.457240	64.528991	-1417.630658
838.511892	64.456572	-1420.724902
842.586246	64.385887	-1423.832212
846.680397	64.309792	-1426.929192
850.794442	64.230964	-1430.027349
854.928477	64.154137	-1433.142015
859.082599	64.074523	-1436.210214
863.256907	63.995851	-1439.284548
867.451497	63.919147	-1442.374269
871.666469	63.842757	-1445.408833
875.901922	63.768161	-1448.463618
880.157955	63.696290	-1451.514441
884.434668	63.628309	-1454.519019
888.732162	63.561897	-1457.542909
893.050538	63.502785	-1460.549682
897.389896	63.450998	-1463.535229
901.750340	63.400561	-1466.537050
906.131971	63.362757	-1469.510946
910.534893	63.330756	-1472.479625
914.959209	63.299899	-1475.460825
919.405022	63.288594	-1478.447647
923.872438	63.279710	-1481.441788
928.361561	63.274914	-1484.445257
932.872497	63.289062	-1487.462794
937.405352	63.303829	-1490.482550
941.960232	63.326730	-1493.536441
946.537244	63.363142	-1496.642713
951.136496	63.399878	-1499.744254
955.758096	63.446113	-1502.926921
960.402153	63.499332	-1506.158371
965.068775	63.552940	-1509.376649
969.758072	63.616264	-1512.735792
974.470155	63.682802	-1516.109846
979.205134	63.750274	-1519.466964
983.963120	63.823937	-1523.011215
988.744226	63.899632	-1526.523895
993.548563	63.976855	-1530.060414
998.376244	64.056262	-1533.730191
1003.227383	64.138957	-1537.361238
1008.102095	64.220543	-1541.049415
1013.000492	64.301635	-1544.806406
1017.922691	64.387042	-1548.521608
1022.868807	64.467005	-1552.325441
1027.838956	64.547592	-1556.145848
1032.833256	64.632928	-1559.923450
1037.851823	64.701767	-1563.801354
1042.894775	64.773988	-1567.653130
1047.962231	64.847968	-1571.480409
1053.054310	64.903790	-1575.375171
1058.171132	64.965251	-1579.232923
1063.312816	65.023998	-1583.079940
1068.479484	65.072930	-1586.938700
1073.671257	65.126190	-1590.764974
1078.888257	65.170416	-1594.591379
1084.130607	65.208835	-1598.410519
1089.398429	65.250474	-1602.200548
1094.691848	65.276324	-1606.005650
1100.010988	65.300994	-1609.793262
1105.355973	65.328411	-1613.552301
1110.726930	65.340455	-1617.309217
1116.123985	65.355568	-1621.035246
1121.547264	65.368556	-1624.733630
1126.996895	65.370696	-1628.415906
1132.473005	65.375049	-1632.063869
1137.975725	65.370429	-1635.681231
1143.505182	65.355886	-1639.273744
1149.061507	65.343732	-1642.828546
1154.644830	65.315549	-1646.329877
1160.255283	65.281591	-1649.791849
1165.892998	65.250462	-1653.214310
1171.558106	65.194687	-1656.553046
1177.250741	65.139515	-1659.856672
1182.971037	65.084959	-1663.114755
1188.719127	65.005396	-1666.274543
1194.495148	64.931043	-1669.409503
1200.299235	64.853908	-1672.473450
1206.131524	64.764624	-1675.433559
1211.992152	64.680171	-1678.369962
1217.881258	64.593462	-1681.185050
1223.798978	64.504022	-1683.901172
1229.745453	64.418256	-1686.595403
1235.720822	64.337409	-1689.135263
1241.725226	64.258946	-1691.612330
1247.758805	64.183039	-1694.067285
1253.821701	64.119017	-1696.354362
1259.914058	64.056710	-1698.616496
1266.036017	63.998864	-1700.837177
1272.187723	63.952233	-1702.953755
1278.369320	63.907330	-1705.050329
1284.580954	63.872247	-1707.108941
1290.822770	63.849693	-1709.120523
1297.094916	63.829040	-1711.114088
1303.397538	63.824925	-1713.096054
1309.730784	63.830940	-1715.062040
1316.094805	63.839002	-1717.010986
1322.489748	63.857458	-1718.980884
1328.915764	63.879553	-1720.940780
1335.373004	63.903794	-1722.892649
1341.861621	63.928762	-1724.902357
1348.381766	63.956310	-1726.900969
1354.933592	63.984923	-1728.917863
1361.517254	64.012618	-1730.992423
1368.132906	64.042744	-1733.061508
1374.780704	64.069859	-1735.166585
1381.460803	64.094005	-1737.305340
1388.173362	64.119952	-1739.441466
1394.918536	64.134517	-1741.617626
1401.696486	64.146024	-1743.803076
1408.507370	64.158992	-1745.983253
1415.351349	64.153740	-1748.178477
1422.228582	64.149902	-1750.364772
1429.139233	64.145346	-1752.532688
1436.083462	64.130526	-1754.650059
1443.061433	64.118802	-1756.761057
1450.073311	64.108219	-1758.808298
1457.119260	64.097370	-1760.769642
1464.199445	64.088660	-1762.735108
1471.314032	64.082594	-1764.583124
1478.463190	64.077709	-1766.361019
1485.647086	64.073309	-1768.144174
1492.865889	64.077153	-1769.838807
1500.119767	64.082718	-1771.513836
1507.408893	64.089633	-1773.186746
1514.733437	64.117232	-1774.859220
1522.093571	64.146225	-1776.530664
1529.489468	64.183577	-1778.226082
1536.921302	64.240701	-1779.992504
1544.389248	64.299677	-1781.769732
1551.893480	64.366893	-1783.626652
1559.434176	64.441324	-1785.568667
1567.011512	64.516004	-1787.528367
1574.625667	64.589789	-1789.616394
1582.276819	64.662124	-1791.761037
1589.965148	64.733208	-1793.917403
1597.690835	64.787854	-1796.194314
1605.454061	64.840149	-1798.480290
1613.255009	64.887022	-1800.776210
1621.093863	64.910848	-1803.116065
1628.970805	64.934294	-1805.452234
1636.886022	64.946629	-1807.770220
1644.839699	64.941335	-1810.061532
1652.832023	64.936431	-1812.351952
1660.863182	64.917720	-1814.576209
1668.933365	64.889879	-1816.759109
1677.042760	64.862487	-1818.946042
1685.191560	64.824668	-1821.006068
1693.379955	64.784748	-1823.043018
1701.608138	64.745173	-1825.081288
1709.876301	64.706701	-1826.985631
1718.184640	64.668463	-1828.897193
1726.533350	64.633398	-1830.790940
1734.922626	64.607089	-1832.618860
1743.352665	64.580937	-1834.453717
1751.823667	64.562236	-1836.275827
1760.335829	64.551700	-1838.082600
1768.889352	64.541274	-1839.895642
1777.484437	64.538054	-1841.699161
1786.121286	64.538067	-1843.501955
1794.800101	64.538205	-1845.311044
1803.521088	64.537927	-1847.114409
1812.284449	64.537729	-1848.923646
1821.090392	64.536532	-1850.737540
1829.939124	64.528289	-1852.543282
1838.830851	64.520154	-1854.356738
1847.765784	64.509404	-1856.158219
1856.744132	64.493820	-1857.931703
1865.766106	64.478328	-1859.713171
1874.831918	64.463245	-1861.471429
1883.941781	64.448481	-1863.214565
1893.095909	64.433791	-1864.965745
1902.294517	64.426617	-1866.680247
1911.537822	64.421416	-1868.391388
1920.826040	64.416432	-1870.110425
1930.159390	64.423622	-1871.810145
1939.538090	64.430813	-1873.518636
1948.962363	64.439661	-1875.233061
1958.432428	64.453916	-1876.947060
1967.948508	64.468133	-1878.670251
1977.510827	64.482020	-1880.413985
1987.119610	64.495473	-1882.180441
1996.775082	64.508827	-1883.955986
2006.477471	64.519653	-1885.753877
2016.227003	64.529193	-1887.566559
2026.023909	64.538627	-1889.387545
2035.868418	64.546624	-1891.223914
2045.760762	64.554459	-1893.068721
2055.701174	64.562301	-1894.921858
2065.689886	64.570183	-1896.787683
2075.727133	64.578174	-1898.661387
2085.813152	64.584710	-1900.534012
2095.948179	64.588227	-1902.396889
2106.132452	64.591847	-1904.268607
2116.366211	64.588513	-1906.112398
2126.649697	64.579550	-1907.935735
2136.983149	64.570659	-1909.768683
2147.366813	64.552147	-1911.536912
2157.800931	64.530867	-1913.293098
2168.285749	64.509671	-1915.059268
2178.821512	64.491827	-1916.764149
2189.408470	64.474128	-1918.478547
2200.046869	64.461644	-1920.195861
2210.736961	64.468239	-1921.896481
2221.478997	64.474935	-1923.607498
2232.273228	64.493384	-1925.334862
2243.119909	64.527241	-1927.080661
2254.019294	64.561143	-1928.837316
2264.971640	64.597757	-1930.624731
2275.977203	64.635826	-1932.433866
2287.036242	64.673914	-1934.254205
2298.149018	64.689655	-1936.085493
2309.315792	64.702112	-1937.928070
2320.536824	64.711646	-1939.775121
2331.812381	64.691784	-1941.564283
2343.142725	64.671930	-1943.364939
2354.528124	64.650312	-1945.144570
2365.968845	64.624757	-1946.863577
2377.465156	64.599179	-1948.594334
2389.017329	64.588948	-1950.290874
2400.625634	64.592292	-1951.958588
2412.290344	64.595601	-1953.638307
2424.011733	64.624951	-1955.317842
2435.790077	64.662952	-1957.005388
2447.625652	64.700923	-1958.705094
2459.518736	64.746013	-1960.420920
2471.469610	64.791307	-1962.149087
2483.478553	64.833337	-1963.901025
2495.545848	64.861479	-1965.714318
2507.671778	64.889583	-1967.540094
2519.856628	64.913036	-1969.402223
2532.100685	64.929786	-1971.311357
2544.404236	64.946478	-1973.233292
2556.767571	64.967088	-1975.202579
2569.190979	64.989980	-1977.205116
2581.674753	65.012808	-1979.220669
2594.219186	65.038970	-1981.234464
2606.824572	65.065677	-1983.258703
2619.491209	65.091274	-1985.296127
2632.219393	65.102589	-1987.347209
2645.009424	65.113850	-1989.411518
2657.861602	65.119063	-1991.480841
2670.776229	65.109452	-1993.543134
2683.753609	65.099783	-1995.618923
2696.794046	65.089375	-1997.697972
2709.897847	65.078251	-1999.780732
2723.065320	65.067069	-2001.877252
2736.296774	65.068116	-2003.962544
2749.592520	65.073692	-2006.052365
2762.952870	65.079211	-2008.156134
2776.378139	65.095322	-2010.256295
2789.868641	65.111951	-2012.369534
2803.424694	65.127855	-2014.497968
2817.046617	65.140411	-2016.645938
2830.734728	65.152900	-2018.808117
2844.489351	65.162111	-2020.986858
2858.310808	65.166200	-2023.183558
2872.199423	65.170270	-2025.394686
2886.155524	65.171035	-2027.589659
2900.179438	65.169700	-2029.779779
2914.271495	65.168408	-2031.985018
2928.432025	65.165110	-2034.147635
2942.661362	65.161484	-2036.313578
2956.959839	65.158302	-2038.494019
2971.327793	65.162029	-2040.670332
2985.765562	65.165822	-2042.861984
3000.273484	65.173472	-2045.071130
3014.851900	65.191609	-2047.301424
3029.501154	65.209872	-2049.547415
3044.221588	65.227269	-2051.795982
3059.013550	65.243757	-2054.046665
3073.877386	65.260439	-2056.313783
3088.813446	65.258012	-2058.562139
3103.822081	65.247834	-2060.812756
3118.903643	65.237992	-2063.080741
3134.058486	65.205585	-2065.316680
3149.286968	65.171726	-2067.566829
3164.589445	65.138372	-2069.824966
3179.966278	65.105986	-2072.039322
3195.417827	65.074067	-2074.273697
3210.944455	65.045993	-2076.473185
3226.546528	65.024246	-2078.597658
3242.224412	65.002988	-2080.744968
3257.978475	64.982833	-2082.877191
3273.809088	64.963547	-2085.006972
3289.716621	64.944596	-2087.163367
3305.701451	64.929306	-2089.341116
3321.763950	64.914899	-2091.546695
3337.904498	64.900449	-2093.781611
3354.123474	64.890677	-2095.989852
3370.421258	64.880128	-2098.231148
3386.798233	64.865918	-2100.461357
3403.254784	64.842403	-2102.586962
3419.791299	64.816831	-2104.745973
3436.408164	64.787855	-2106.902844
3453.105772	64.754892	-2109.050425
3469.884514	64.718571	-2111.225902
3486.744784	64.710001	-2113.437874
3503.686979	64.712101	-2115.676428
3520.711496	64.710311	-2117.932336
3537.818736	64.760438	-2120.240482
3555.009100	64.812904	-2122.562920
3572.282993	64.862922	-2124.892464
3589.640821	64.915985	-2127.225920
3607.082990	64.966581	-2129.562830
3624.609912	65.001924	-2131.936294
3642.221997	65.010358	-2134.377123
3659.919660	65.017575	-2136.820804
3677.703317	65.016341	-2139.331548
3695.573384	65.008626	-2141.896275
3713.530283	65.000523	-2144.467087
3731.574435	65.011820	-2147.059521
3749.706264	65.028445	-2149.664772
3767.926197	65.045026	-2152.280025
3786.234660	65.065059	-2154.805551
3804.632085	65.085061	-2157.343816
3823.118903	65.098063	-2159.893267
3841.695549	65.086681	-2162.448305
3860.362460	65.075122	-2165.018918
3879.120074	65.055183	-2167.597373
3897.968832	65.024648	-2170.182043
3916.909176	64.993672	-2172.784052
3935.941552	64.968101	-2175.336730
3955.066407	64.944917	-2177.873144
3974.284190	64.920967	-2180.427730
3993.595353	64.911151	-2182.910124
4013.000349	64.902347	-2185.398661
4032.499635	64.893624	-2187.897475
4052.093669	64.894405	-2190.344160
4071.782910	64.893779	-2192.808551
4091.567822	64.893103	-2195.265134
4111.448870	64.893901	-2197.685417
4131.426520	64.892839	-2200.121523
4151.501242	64.902080	-2202.598784
4171.673507	64.919603	-2205.111912
4191.943791	64.934811	-2207.636989
4212.312568	64.983370	-2210.265962
4232.780318	65.040652	-2212.932222
4253.347521	65.095341	-2215.603603
4274.014661	65.173419	-2218.424681
4294.782223	65.249531	-2221.247410
4315.650695	65.319433	-2224.097790
4336.620567	65.371681	-2227.069755
4357.692333	65.422557	-2230.029412
4378.866488	65.453417	-2233.050403
4400.143528	65.457774	-2236.160002
4421.523953	65.463404	-2239.251938
4443.008267	65.449834	-2242.390505
4464.596974	65.427504	-2245.552122
4486.290581	65.409380	-2248.707420
4508.089598	65.378808	-2251.802538
4529.994537	65.350250	-2254.896822
4552.005913	65.323263	-2257.991951
4574.124242	65.265882	-2260.924645
4596.350046	65.211520	-2263.884483
4618.683845	65.152571	-2266.842307
4641.126164	65.079184	-2269.756151
4663.677532	65.006183	-2272.696441
4686.338477	64.950472	-2275.637340
4709.109532	64.910411	-2278.576381
4731.991233	64.869618	-2281.530025
4754.984117	64.859592	-2284.462910
4778.088723	64.860165	-2287.391113
4801.305596	64.860491	-2290.322077
4824.635280	64.861180	-2293.286415
4848.078324	64.862504	-2296.249494
4871.635278	64.859233	-2299.220178
4895.306696	64.831156	-2302.241285
4919.093134	64.805421	-2305.255806
4942.995151	64.769927	-2308.261980
4967.013309	64.718777	-2311.259435
4991.148171	64.671862	-2314.251684
5015.400306	64.625800	-2317.240685
5039.770282	64.582707	-2320.228421
5064.258673	64.545622	-2323.217309
5088.866054	64.519297	-2326.133339
5113.593003	64.500771	-2329.042235
5138.440100	64.488407	-2331.953982
5163.407931	64.463815	-2334.734278
5188.497081	64.447156	-2337.535163
5213.708139	64.430789	-2340.346356
5239.041700	64.402222	-2343.148506
5264.498356	64.381825	-2345.985451
5290.078707	64.372594	-2348.848506
5315.783354	64.374411	-2351.741956
5341.612901	64.383924	-2354.683617
5367.567954	64.410891	-2357.607579
5393.649123	64.448906	-2360.559762
5419.857021	64.493609	-2363.571162
5446.192265	64.532476	-2366.563674
5472.655472	64.576366	-2369.615521
5499.247265	64.622224	-2372.742618
5525.968268	64.654496	-2375.982903
5552.819109	64.691248	-2379.293834
5579.800419	64.726078	-2382.631148
5606.912832	64.754606	-2385.965806
5634.156985	64.786305	-2389.374207
5661.533518	64.799406	-2392.672368
5689.043075	64.800381	-2395.919950
5716.686301	64.803387	-2399.242623
5744.463847	64.781524	-2402.499091
5772.376365	64.755016	-2405.799089
5800.424510	64.731244	-2409.173453
5828.608942	64.754023	-2412.582971
5856.930323	64.777299	-2416.068854
5885.389318	64.814030	-2419.551102
5913.986597	64.889419	-2422.875452
5942.722830	64.964444	-2426.277462
5971.598694	65.025153	-2429.708941
6000.614866	65.069748	-2433.165154
6029.772029	65.112944	-2436.700448
6059.070867	65.150486	-2440.390243
6088.512070	65.184111	-2444.192852
6118.096327	65.215066	-2448.075384
6147.824336	65.272799	-2451.898207
6177.696794	65.329684	-2455.787442
6207.714403	65.381851	-2459.733501
6237.877868	65.425870	-2463.614835
6268.187899	65.464581	-2467.572609
6298.645207	65.496476	-2471.614920
6329.250508	65.520219	-2475.747644
6360.004521	65.536994	-2479.949694
6390.907969	65.549787	-2484.135689
6421.961577	65.557254	-2488.322801
6453.166076	65.556416	-2492.567752
6484.522198	65.544824	-2496.817695
6516.030681	65.523834	-2501.103284
6547.692264	65.494020	-2505.430547
6579.507692	65.466153	-2509.692614
6611.477712	65.429371	-2513.987155
6643.603075	65.381847	-2518.260505
6675.884536	65.319248	-2522.396331
6708.322854	65.248563	-2526.550018
6740.918791	65.167668	-2530.659877
6773.673112	65.076536	-2534.710186
6806.586587	64.978838	-2538.767441
6839.659990	64.898338	-2542.726907
6872.894098	64.823784	-2546.638959
6906.289691	64.744512	-2550.551972
6939.847554	64.682224	-2554.272691
6973.568476	64.619004	-2557.969764
7007.453248	64.556398	-2561.668896
7041.502668	64.519339	-2565.387106
7075.717535	64.480458	-2569.106185
7110.098653	64.457554	-2572.848320
7144.646830	64.468654	-2576.636266
7179.362878	64.479245	-2580.428932
7214.247611	64.505226	-2584.276891
7249.301851	64.544011	-2588.172748
7284.526420	64.583220	-2592.078456
7319.922147	64.621286	-2596.100745
7355.489862	64.659675	-2600.167668
7391.230402	64.699089	-2604.249888
7427.144607	64.705954	-2608.403488
7463.233319	64.713786	-2612.576381
7499.497388	64.714530	-2616.753398
7535.937664	64.685030	-2620.891274
7572.555005	64.657016	-2625.052747
7609.350271	64.624072	-2629.181516
7646.324326	64.584129	-2633.260280
7683.478039	64.545738	-2637.366771
7720.812283	64.517984	-2641.421192
7758.327936	64.496662	-2645.462079
7796.025878	64.476868	-2649.534089
7833.906995	64.498607	-2653.588575
7871.972178	64.527815	-2657.668694
7910.222320	64.563167	-2661.792678
7948.658321	64.647485	-2666.052193
7987.281084	64.733208	-2670.347242
8026.091516	64.826966	-2674.726846
8065.090529	64.936937	-2679.251153
8104.279039	65.048214	-2683.812984
8143.657968	65.159034	-2688.638173
8183.228239	65.269558	-2693.702364
8222.990784	65.381296	-2698.805696
8262.946537	65.477239	-2704.103036
8303.096435	65.568654	-2709.492173
8343.441423	65.661207	-2714.921772
8383.982448	65.670311	-2720.368612
8424.720464	65.677781	-2725.855900
8465.656426	65.662873	-2731.310149
8506.791298	65.548068	-2736.485222
8548.126045	65.434304	-2741.702460
8589.661639	65.307720	-2746.887704
8631.399056	65.162081	-2752.007764
8673.339276	65.017449	-2757.170739
8715.483285	64.936278	-2762.174371
8757.832072	64.893092	-2767.101398
8800.386634	64.850911	-2772.071876
8843.147970	64.878410	-2776.845982
8886.117084	64.919260	-2781.620743
8929.294986	64.959290	-2786.432947
8972.682691	64.974666	-2791.200665
9016.281218	64.991141	-2796.012473
9060.091592	65.006177	-2800.965747
9104.114841	65.016008	-2806.204539
9148.352001	65.027062	-2811.487739
9192.804110	65.067085	-2816.880597
9237.472214	65.135362	-2822.381383
9282.357361	65.205051	-2827.926871
9327.460606	65.261825	-2833.496171
9372.783010	65.314770	-2839.102484
9418.325636	65.369400	-2844.753797
9464.089555	65.349252	-2850.415558
9510.075842	65.326722	-2856.120625
9556.285579	65.296708	-2861.863576
9602.719849	65.221034	-2867.614375
9649.379745	65.147799	-2873.411117
9696.266363	65.073397	-2879.205740
9743.380804	64.995815	-2884.970181
9790.724176	64.921386	-2890.781997
9838.297591	64.859672	-2896.441013
9886.102166	64.807765	-2902.018497
9934.139025	64.760009	-2907.646381
9982.409296	64.688124	-2913.071579
10030.914114	64.615185	-2918.497166
10079.654619	64.546452	-2923.978899
10128.631955	64.456991	-2929.506642
10177.847273	64.374032	-2935.098837
10227.301730	64.309565	-2940.698346
10276.996488	64.284374	-2946.201218
10326.932714	64.267110	-2951.788345
10377.111581	64.252439	-2957.273742
10427.534269	64.240085	-2962.656697
10478.201963	64.235757	-2968.157980
10529.115852	64.197005	-2973.536271
10580.277133	64.146792	-2978.955852
10631.687009	64.100561	-2984.539382
10683.346686	64.078289	-2990.083591
10735.257379	64.055166	-2995.797549
10787.420308	64.039054	-3001.650684
10839.836699	64.095437	-3007.383301
10892.507781	64.134452	-3013.283139
10945.434795	64.186758	-3019.309392
10998.618982	64.275628	-3025.414625
11052.061593	64.339286	-3031.575687
11105.763882	64.425694	-3037.883725
11159.727113	64.525059	-3044.261769
11213.952553	64.609348	-3050.585491
11268.441476	64.709422	-3057.178937
11323.195162	64.812471	-3063.781841
11378.214898	64.917200	-3070.326025
11433.501976	64.994854	-3077.142823
11489.057696	65.083884	-3083.929773
11544.883363	65.168187	-3090.779817
11600.980288	65.209452	-3097.863959
11657.349790	65.268812	-3105.002076
11713.993193	65.297432	-3112.111275
11770.911827	65.287068	-3119.207363
11828.107032	65.293644	-3126.459946
11885.580149	65.218861	-3133.292058
11943.332530	65.109460	-3140.067200
12001.365531	65.003576	-3147.100684
12059.680517	64.836119	-3153.783227
12118.278856	64.648103	-3160.679359
12177.161927	64.459749	-3167.789016
12236.331112	64.412550	-3174.764691
12295.787802	64.324210	-3181.891419
12355.533394	64.281242	-3188.973739
12415.569291	64.368064	-3195.824151
12475.896905	64.418852	-3202.593525
12536.517652	64.488513	-3209.418750
12597.432958	64.576594	-3216.236644
12658.644252	64.656223	-3222.902688
12720.152974	64.731530	-3230.035680
12781.960568	64.810806	-3237.225440
12844.068488	64.898892	-3244.332599
12906.478192	64.951180	-3251.978568
12969.191146	65.015843	-3259.596283
13032.208824	65.075532	-3267.256082
13095.532707	65.085452	-3275.096703
13159.164283	65.107106	-3282.967267
13223.105046	65.103324	-3290.862063
13287.356500	65.063435	-3298.786165
13351.920153	65.032610	-3306.770707
13416.797523	65.006298	-3314.889712
13481.990133	64.985440	-3323.114772
13547.499517	64.971145	-3331.414496
13613.327213	64.978327	-3339.483097
13679.474767	64.992871	-3347.589146
13745.943734	65.007036	-3355.758937
13812.735676	64.979910	-3363.856606
13879.852162	64.956527	-3372.037137
13947.294769	64.939099	-3380.283498
14015.065081	64.930211	-3388.576269
14083.164691	64.924028	-3396.953315
14151.595200	64.961956	-3405.560723
14220.358214	65.037632	-3414.377254
14289.455349	65.115295	-3423.278643
14358.888230	65.197708	-3432.421566
14428.658487	65.282689	-3441.699166
14498.767760	65.369155	-3451.061934
14569.217696	65.364591	-3460.573860
14640.009950	65.359298	-3470.172497
14711.146185	65.316028	-3479.763505
14782.628074	65.116328	-3489.065268
14854.457295	64.917577	-3498.452707
14926.635537	64.655960	-3507.666213
14999.164495	64.306664	-3516.605077
15072.045873	63.958107	-3525.630040
15145.281384	63.614803	-3533.855853
15218.872748	63.274718	-3541.666770
15292.821695	62.935218	-3549.564320
15367.129962	62.736560	-3556.981873
15441.799295	62.561580	-3564.392847
15516.831448	62.421066	-3571.927380
15592.228185	62.682855	-3579.978309
15667.991277	62.945051	-3588.117002
15744.122504	63.278787	-3596.607576
15820.623655	63.780689	-3605.808690
15897.496527	64.282923	-3615.098372
15974.742927	64.696159	-3624.851097
16052.364669	65.026426	-3635.041813
16130.363577	65.356969	-3645.321984
16208.741485	65.477122	-3656.316209
16287.500233	65.522468	-3667.622942
16366.641672	65.568042	-3679.020087
16446.167662	65.409561	-3690.679652
16526.080070	65.242119	-3702.438004
16606.380776	65.089398	-3714.361263
16687.071665	65.004482	-3726.718319
16768.154633	64.919739	-3739.167522
16849.631586	64.878297	-3751.475993
16931.504437	64.902640	-3763.522494
17013.775112	64.927129	-3775.662254
17096.445542	64.811623	-3787.619366
17179.517670	64.609029	-3799.498538
17262.993447	64.406560	-3811.472132
17346.874836	63.943197	-3822.854888
17431.163808	63.428794	-3834.198488
17515.862341	62.912003	-3845.704982
17600.972428	62.353139	-3858.443657
17686.496067	61.794374	-3871.278783
17772.435267	61.308343	-3883.096252
17858.792049	61.013267	-3892.082528
17945.568441	60.718277	-3901.166527
18032.766482	60.380103	-3909.683555
18120.388220	59.997941	-3917.621750
18208.435716	59.615855	-3925.658974
18296.911036	59.354129	-3935.118056
18385.816261	59.140373	-3945.203649
18475.153479	58.926684	-3955.389611
18564.924789	59.502593	-3967.280875
18655.132300	60.133488	-3979.385036
18745.778133	60.709878	-3991.366345
18836.864416	60.988224	-4002.222809
18928.393290	61.266623	-4013.181948
19020.366905	61.296609	-4025.351701
19112.787423	60.911641	-4039.474832
19205.657015	60.526721	-4053.702063
19298.977863	60.003065	-4068.827999
19392.752160	59.384694	-4084.601212
19486.982109	58.766366	-4100.479978
19581.669924	58.204207	-4114.897121
19676.817830	57.654912	-4129.062648
19772.428062	57.105128	-4143.292711
19868.502867	56.540299	-4156.415377
19965.044502	55.975507	-4169.646084
